06-Jul-2024 18:23:54.395 INFO [main] org.apache.catalina.startup.VersionLoggerListener.log Nombre de la versión del servidor: Apache Tomcat/9.0.89
06-Jul-2024 18:23:54.398 INFO [main] org.apache.catalina.startup.VersionLoggerListener.log Server built:                      May 3 2024 20:22:11 UTC
06-Jul-2024 18:23:54.398 INFO [main] org.apache.catalina.startup.VersionLoggerListener.log Número de versión de servidor:     9.0.89.0
06-Jul-2024 18:23:54.398 INFO [main] org.apache.catalina.startup.VersionLoggerListener.log OS Name:                           Windows 10
06-Jul-2024 18:23:54.398 INFO [main] org.apache.catalina.startup.VersionLoggerListener.log Versión de Systema Operativo:      10.0
06-Jul-2024 18:23:54.398 INFO [main] org.apache.catalina.startup.VersionLoggerListener.log Arquitectura:                      amd64
06-Jul-2024 18:23:54.398 INFO [main] org.apache.catalina.startup.VersionLoggerListener.log Java Home:                         C:\Program Files\Java\jdk-16.0.2
06-Jul-2024 18:23:54.398 INFO [main] org.apache.catalina.startup.VersionLoggerListener.log JVM Version:                       16.0.2+7-67
06-Jul-2024 18:23:54.398 INFO [main] org.apache.catalina.startup.VersionLoggerListener.log Vededor JVM:                       Oracle Corporation
06-Jul-2024 18:23:54.399 INFO [main] org.apache.catalina.startup.VersionLoggerListener.log CATALINA_BASE:                     C:\Users\Julian\Desktop\sena\DOCUMENTOS\Java\Proyecto\Prueba_crud\complementos\apache-tomcat-9.0.89
06-Jul-2024 18:23:54.399 INFO [main] org.apache.catalina.startup.VersionLoggerListener.log CATALINA_HOME:                     C:\Users\Julian\Desktop\sena\DOCUMENTOS\Java\Proyecto\Prueba_crud\complementos\apache-tomcat-9.0.89
06-Jul-2024 18:23:54.407 INFO [main] org.apache.catalina.startup.VersionLoggerListener.log Command line argument:             --add-opens=java.base/java.lang=ALL-UNNAMED
06-Jul-2024 18:23:54.408 INFO [main] org.apache.catalina.startup.VersionLoggerListener.log Command line argument:             --add-opens=java.base/java.io=ALL-UNNAMED
06-Jul-2024 18:23:54.408 INFO [main] org.apache.catalina.startup.VersionLoggerListener.log Command line argument:             --add-opens=java.base/java.util=ALL-UNNAMED
06-Jul-2024 18:23:54.408 INFO [main] org.apache.catalina.startup.VersionLoggerListener.log Command line argument:             --add-opens=java.base/java.util.concurrent=ALL-UNNAMED
06-Jul-2024 18:23:54.408 INFO [main] org.apache.catalina.startup.VersionLoggerListener.log Command line argument:             --add-opens=java.rmi/sun.rmi.transport=ALL-UNNAMED
06-Jul-2024 18:23:54.408 INFO [main] org.apache.catalina.startup.VersionLoggerListener.log Command line argument:             -Djava.util.logging.config.file=C:\Users\Julian\Desktop\sena\DOCUMENTOS\Java\Proyecto\Prueba_crud\complementos\apache-tomcat-9.0.89\conf\logging.properties
06-Jul-2024 18:23:54.408 INFO [main] org.apache.catalina.startup.VersionLoggerListener.log Command line argument:             -Djava.util.logging.manager=org.apache.juli.ClassLoaderLogManager
06-Jul-2024 18:23:54.408 INFO [main] org.apache.catalina.startup.VersionLoggerListener.log Command line argument:             -Dhttp.nonProxyHosts=localhost|127.0.0.1|DESKTOP-U7KTML0
06-Jul-2024 18:23:54.408 INFO [main] org.apache.catalina.startup.VersionLoggerListener.log Command line argument:             -Djdk.tls.ephemeralDHKeySize=2048
06-Jul-2024 18:23:54.408 INFO [main] org.apache.catalina.startup.VersionLoggerListener.log Command line argument:             -Djava.protocol.handler.pkgs=org.apache.catalina.webresources
06-Jul-2024 18:23:54.408 INFO [main] org.apache.catalina.startup.VersionLoggerListener.log Command line argument:             -Dignore.endorsed.dirs=
06-Jul-2024 18:23:54.408 INFO [main] org.apache.catalina.startup.VersionLoggerListener.log Command line argument:             -Dcatalina.base=C:\Users\Julian\Desktop\sena\DOCUMENTOS\Java\Proyecto\Prueba_crud\complementos\apache-tomcat-9.0.89
06-Jul-2024 18:23:54.408 INFO [main] org.apache.catalina.startup.VersionLoggerListener.log Command line argument:             -Dcatalina.home=C:\Users\Julian\Desktop\sena\DOCUMENTOS\Java\Proyecto\Prueba_crud\complementos\apache-tomcat-9.0.89
06-Jul-2024 18:23:54.409 INFO [main] org.apache.catalina.startup.VersionLoggerListener.log Command line argument:             -Djava.io.tmpdir=C:\Users\Julian\Desktop\sena\DOCUMENTOS\Java\Proyecto\Prueba_crud\complementos\apache-tomcat-9.0.89\temp
06-Jul-2024 18:23:54.413 INFO [main] org.apache.catalina.core.AprLifecycleListener.lifecycleEvent Cargada la biblioteca nativa APR de Apache Tomcat [1.3.0] con la versión APR [1.7.4].
06-Jul-2024 18:23:54.413 INFO [main] org.apache.catalina.core.AprLifecycleListener.lifecycleEvent Capacidades APR: IPv6 [true], enviar fichero [true], aceptar filtros [false], aleatorio [true], UDS [true].
06-Jul-2024 18:23:54.413 INFO [main] org.apache.catalina.core.AprLifecycleListener.lifecycleEvent APR/OpenSSL configuration: useAprConnector [false], useOpenSSL [true]
06-Jul-2024 18:23:54.420 INFO [main] org.apache.catalina.core.AprLifecycleListener.initializeSSL OpenSSL inicializado correctamente [OpenSSL 3.0.13 30 Jan 2024]
06-Jul-2024 18:23:54.668 INFO [main] org.apache.coyote.AbstractProtocol.init Inicializando el manejador de protocolo ["http-nio-8080"]

06-Jul-2024 18:23:54.700 INFO [main] org.apache.catalina.startup.Catalina.load Server initialization in [456] milliseconds
06-Jul-2024 18:23:54.769 INFO [main] org.apache.catalina.core.StandardService.startInternal Arrancando servicio [Catalina]
06-Jul-2024 18:23:54.769 INFO [main] org.apache.catalina.core.StandardEngine.startInternal Starting Servlet engine: [Apache Tomcat/9.0.89]
06-Jul-2024 18:23:54.780 INFO [main] org.apache.catalina.startup.HostConfig.deployDescriptor Desplieque del descriptor de configuración [C:\Users\Julian\Desktop\sena\DOCUMENTOS\Java\Proyecto\Prueba_crud\complementos\apache-tomcat-9.0.89\conf\Catalina\localhost\prueba.xml]
06-Jul-2024 18:23:54.795 WARNING [main] org.apache.catalina.startup.HostConfig.deployDescriptor The path attribute with value [/prueba] in deployment descriptor [C:\Users\Julian\Desktop\sena\DOCUMENTOS\Java\Proyecto\Prueba_crud\complementos\apache-tomcat-9.0.89\conf\Catalina\localhost\prueba.xml] has been ignored
06-Jul-2024 18:23:55.085 INFO [main] org.apache.catalina.startup.HostConfig.deployDescriptor Deployment of deployment descriptor [C:\Users\Julian\Desktop\sena\DOCUMENTOS\Java\Proyecto\Prueba_crud\complementos\apache-tomcat-9.0.89\conf\Catalina\localhost\prueba.xml] has finished in [303] ms
06-Jul-2024 18:23:55.085 INFO [main] org.apache.catalina.startup.HostConfig.deployDescriptor Desplieque del descriptor de configuración [C:\Users\Julian\Desktop\sena\DOCUMENTOS\Java\Proyecto\Prueba_crud\complementos\apache-tomcat-9.0.89\conf\Catalina\localhost\Prueba_crud.xml]
06-Jul-2024 18:23:55.086 WARNING [main] org.apache.catalina.startup.HostConfig.deployDescriptor The path attribute with value [/Prueba_crud] in deployment descriptor [C:\Users\Julian\Desktop\sena\DOCUMENTOS\Java\Proyecto\Prueba_crud\complementos\apache-tomcat-9.0.89\conf\Catalina\localhost\Prueba_crud.xml] has been ignored
06-Jul-2024 18:23:55.297 INFO [main] org.apache.jasper.servlet.TldScanner.scanJars Al menos un JAR, que se ha explorado buscando TLDs, aún no contenía TLDs. Activar historial de depuración para este historiador para una completa lista de los JARs que fueron explorados y de los que nos se halló TLDs. Saltarse JARs no necesarios durante la exploración puede dar lugar a una mejora de tiempo significativa en el arranque y compilación de JSP .
06-Jul-2024 18:23:55.307 INFO [main] org.apache.catalina.startup.HostConfig.deployDescriptor Deployment of deployment descriptor [C:\Users\Julian\Desktop\sena\DOCUMENTOS\Java\Proyecto\Prueba_crud\complementos\apache-tomcat-9.0.89\conf\Catalina\localhost\Prueba_crud.xml] has finished in [222] ms
06-Jul-2024 18:23:55.307 INFO [main] org.apache.catalina.startup.HostConfig.deployDirectory Desplegando el directorio [C:\Users\Julian\Desktop\sena\DOCUMENTOS\Java\Proyecto\Prueba_crud\complementos\apache-tomcat-9.0.89\webapps\docs] de la aplicación web
06-Jul-2024 18:23:55.341 INFO [main] org.apache.catalina.startup.HostConfig.deployDirectory Deployment of web application directory [C:\Users\Julian\Desktop\sena\DOCUMENTOS\Java\Proyecto\Prueba_crud\complementos\apache-tomcat-9.0.89\webapps\docs] has finished in [34] ms
06-Jul-2024 18:23:55.341 INFO [main] org.apache.catalina.startup.HostConfig.deployDirectory Desplegando el directorio [C:\Users\Julian\Desktop\sena\DOCUMENTOS\Java\Proyecto\Prueba_crud\complementos\apache-tomcat-9.0.89\webapps\examples] de la aplicación web
06-Jul-2024 18:23:55.754 INFO [main] org.apache.catalina.startup.HostConfig.deployDirectory Deployment of web application directory [C:\Users\Julian\Desktop\sena\DOCUMENTOS\Java\Proyecto\Prueba_crud\complementos\apache-tomcat-9.0.89\webapps\examples] has finished in [412] ms
06-Jul-2024 18:23:55.754 INFO [main] org.apache.catalina.startup.HostConfig.deployDirectory Desplegando el directorio [C:\Users\Julian\Desktop\sena\DOCUMENTOS\Java\Proyecto\Prueba_crud\complementos\apache-tomcat-9.0.89\webapps\host-manager] de la aplicación web
06-Jul-2024 18:23:55.793 INFO [main] org.apache.catalina.startup.HostConfig.deployDirectory Deployment of web application directory [C:\Users\Julian\Desktop\sena\DOCUMENTOS\Java\Proyecto\Prueba_crud\complementos\apache-tomcat-9.0.89\webapps\host-manager] has finished in [39] ms
06-Jul-2024 18:23:55.793 INFO [main] org.apache.catalina.startup.HostConfig.deployDirectory Desplegando el directorio [C:\Users\Julian\Desktop\sena\DOCUMENTOS\Java\Proyecto\Prueba_crud\complementos\apache-tomcat-9.0.89\webapps\manager] de la aplicación web
06-Jul-2024 18:23:55.832 INFO [main] org.apache.catalina.startup.HostConfig.deployDirectory Deployment of web application directory [C:\Users\Julian\Desktop\sena\DOCUMENTOS\Java\Proyecto\Prueba_crud\complementos\apache-tomcat-9.0.89\webapps\manager] has finished in [39] ms
06-Jul-2024 18:23:55.832 INFO [main] org.apache.catalina.startup.HostConfig.deployDirectory Desplegando el directorio [C:\Users\Julian\Desktop\sena\DOCUMENTOS\Java\Proyecto\Prueba_crud\complementos\apache-tomcat-9.0.89\webapps\ROOT] de la aplicación web
06-Jul-2024 18:23:55.859 INFO [main] org.apache.catalina.startup.HostConfig.deployDirectory Deployment of web application directory [C:\Users\Julian\Desktop\sena\DOCUMENTOS\Java\Proyecto\Prueba_crud\complementos\apache-tomcat-9.0.89\webapps\ROOT] has finished in [27] ms
06-Jul-2024 18:23:55.864 INFO [main] org.apache.coyote.AbstractProtocol.start Starting ProtocolHandler ["http-nio-8080"]
06-Jul-2024 18:23:55.894 INFO [main] org.apache.catalina.startup.Catalina.start Server startup in [1192] milliseconds
06-Jul-2024 18:23:57.289 INFO [http-nio-8080-exec-8] org.apache.catalina.startup.HostConfig.deployDescriptor Desplieque del descriptor de configuración [C:\Users\Julian\Desktop\sena\DOCUMENTOS\Java\Proyecto\Prueba_crud\complementos\apache-tomcat-9.0.89\conf\Catalina\localhost\PrimeraEquipacion.xml]
06-Jul-2024 18:23:57.290 WARNING [http-nio-8080-exec-8] org.apache.catalina.startup.HostConfig.deployDescriptor The path attribute with value [/PrimeraEquipacion] in deployment descriptor [C:\Users\Julian\Desktop\sena\DOCUMENTOS\Java\Proyecto\Prueba_crud\complementos\apache-tomcat-9.0.89\conf\Catalina\localhost\PrimeraEquipacion.xml] has been ignored
06-Jul-2024 18:23:57.318 INFO [http-nio-8080-exec-8] org.apache.catalina.startup.HostConfig.deployDescriptor Deployment of deployment descriptor [C:\Users\Julian\Desktop\sena\DOCUMENTOS\Java\Proyecto\Prueba_crud\complementos\apache-tomcat-9.0.89\conf\Catalina\localhost\PrimeraEquipacion.xml] has finished in [29] ms
06-Jul-2024 18:23:57.320 INFO [http-nio-8080-exec-10] org.apache.catalina.util.LifecycleBase.start The start() method was called on component [StandardEngine[Catalina].StandardHost[localhost].StandardContext[/PrimeraEquipacion]] after start() had already been called. The second call will be ignored.
06-Jul-2024 19:17:11.433 INFO [http-nio-8080-exec-9] org.apache.catalina.core.StandardContext.reload Ha comenzado la recarga de Contexto [/PrimeraEquipacion]
06-Jul-2024 19:17:11.479 INFO [http-nio-8080-exec-9] org.apache.catalina.core.StandardContext.reload Se ha completado la recarga de este Contexto
06-Jul-2024 19:17:11.585 INFO [http-nio-8080-exec-1] org.apache.catalina.core.StandardContext.reload Ha comenzado la recarga de Contexto [/PrimeraEquipacion]
06-Jul-2024 19:17:11.611 INFO [http-nio-8080-exec-1] org.apache.catalina.core.StandardContext.reload Se ha completado la recarga de este Contexto
06-Jul-2024 19:17:28.427 INFO [http-nio-8080-exec-8] org.apache.catalina.core.StandardContext.reload Ha comenzado la recarga de Contexto [/PrimeraEquipacion]
06-Jul-2024 19:17:28.452 INFO [http-nio-8080-exec-8] org.apache.catalina.core.StandardContext.reload Se ha completado la recarga de este Contexto
06-Jul-2024 19:17:28.836 INFO [http-nio-8080-exec-8] org.apache.catalina.core.StandardContext.reload Ha comenzado la recarga de Contexto [/PrimeraEquipacion]
06-Jul-2024 19:17:28.867 INFO [http-nio-8080-exec-8] org.apache.catalina.core.StandardContext.reload Se ha completado la recarga de este Contexto
06-Jul-2024 19:19:38.300 INFO [http-nio-8080-exec-15] org.apache.catalina.core.StandardContext.reload Ha comenzado la recarga de Contexto [/PrimeraEquipacion]
06-Jul-2024 19:19:38.333 INFO [http-nio-8080-exec-15] org.apache.catalina.core.StandardContext.reload Se ha completado la recarga de este Contexto
06-Jul-2024 19:19:40.669 INFO [main] org.apache.catalina.core.StandardServer.await Se ha recibido un comando de apagado a través del puerto de apagado. Parando la instancia del Servidor.
06-Jul-2024 19:19:40.670 INFO [main] org.apache.coyote.AbstractProtocol.pause Pausing ProtocolHandler ["http-nio-8080"]
06-Jul-2024 19:19:40.675 INFO [main] org.apache.catalina.core.StandardService.stopInternal Parando servicio [Catalina]
06-Jul-2024 19:19:40.695 INFO [main] org.apache.coyote.AbstractProtocol.stop Stopping ProtocolHandler ["http-nio-8080"]
06-Jul-2024 19:19:40.706 INFO [main] org.apache.coyote.AbstractProtocol.destroy Destroying ProtocolHandler ["http-nio-8080"]
