18-Jul-2024 12:43:58.140 INFO [main] org.apache.catalina.startup.VersionLoggerListener.log Nombre de la versión del servidor: Apache Tomcat/9.0.89
18-Jul-2024 12:43:58.143 INFO [main] org.apache.catalina.startup.VersionLoggerListener.log Server built:                      May 3 2024 20:22:11 UTC
18-Jul-2024 12:43:58.143 INFO [main] org.apache.catalina.startup.VersionLoggerListener.log Número de versión de servidor:     9.0.89.0
18-Jul-2024 12:43:58.143 INFO [main] org.apache.catalina.startup.VersionLoggerListener.log OS Name:                           Windows 11
18-Jul-2024 12:43:58.143 INFO [main] org.apache.catalina.startup.VersionLoggerListener.log Versión de Systema Operativo:      10.0
18-Jul-2024 12:43:58.144 INFO [main] org.apache.catalina.startup.VersionLoggerListener.log Arquitectura:                      amd64
18-Jul-2024 12:43:58.144 INFO [main] org.apache.catalina.startup.VersionLoggerListener.log Java Home:                         C:\Program Files\Java\jdk-22
18-Jul-2024 12:43:58.144 INFO [main] org.apache.catalina.startup.VersionLoggerListener.log JVM Version:                       22.0.1+8-16
18-Jul-2024 12:43:58.144 INFO [main] org.apache.catalina.startup.VersionLoggerListener.log Vededor JVM:                       Oracle Corporation
18-Jul-2024 12:43:58.144 INFO [main] org.apache.catalina.startup.VersionLoggerListener.log CATALINA_BASE:                     C:\Users\Propietario\Documents\NetBeansProjects\PrimeraEquipacion\dependencias\apache-tomcat-9.0.89
18-Jul-2024 12:43:58.144 INFO [main] org.apache.catalina.startup.VersionLoggerListener.log CATALINA_HOME:                     C:\Users\Propietario\Documents\NetBeansProjects\PrimeraEquipacion\dependencias\apache-tomcat-9.0.89
18-Jul-2024 12:43:58.150 INFO [main] org.apache.catalina.startup.VersionLoggerListener.log Command line argument:             --add-opens=java.base/java.lang=ALL-UNNAMED
18-Jul-2024 12:43:58.150 INFO [main] org.apache.catalina.startup.VersionLoggerListener.log Command line argument:             --add-opens=java.base/java.io=ALL-UNNAMED
18-Jul-2024 12:43:58.150 INFO [main] org.apache.catalina.startup.VersionLoggerListener.log Command line argument:             --add-opens=java.base/java.util=ALL-UNNAMED
18-Jul-2024 12:43:58.150 INFO [main] org.apache.catalina.startup.VersionLoggerListener.log Command line argument:             --add-opens=java.base/java.util.concurrent=ALL-UNNAMED
18-Jul-2024 12:43:58.151 INFO [main] org.apache.catalina.startup.VersionLoggerListener.log Command line argument:             --add-opens=java.rmi/sun.rmi.transport=ALL-UNNAMED
18-Jul-2024 12:43:58.151 INFO [main] org.apache.catalina.startup.VersionLoggerListener.log Command line argument:             -Djava.util.logging.config.file=C:\Users\Propietario\Documents\NetBeansProjects\PrimeraEquipacion\dependencias\apache-tomcat-9.0.89\conf\logging.properties
18-Jul-2024 12:43:58.151 INFO [main] org.apache.catalina.startup.VersionLoggerListener.log Command line argument:             -Djava.util.logging.manager=org.apache.juli.ClassLoaderLogManager
18-Jul-2024 12:43:58.151 INFO [main] org.apache.catalina.startup.VersionLoggerListener.log Command line argument:             -Djdk.tls.ephemeralDHKeySize=2048
18-Jul-2024 12:43:58.152 INFO [main] org.apache.catalina.startup.VersionLoggerListener.log Command line argument:             -Djava.protocol.handler.pkgs=org.apache.catalina.webresources
18-Jul-2024 12:43:58.152 INFO [main] org.apache.catalina.startup.VersionLoggerListener.log Command line argument:             -Dignore.endorsed.dirs=
18-Jul-2024 12:43:58.152 INFO [main] org.apache.catalina.startup.VersionLoggerListener.log Command line argument:             -Dcatalina.base=C:\Users\Propietario\Documents\NetBeansProjects\PrimeraEquipacion\dependencias\apache-tomcat-9.0.89
18-Jul-2024 12:43:58.152 INFO [main] org.apache.catalina.startup.VersionLoggerListener.log Command line argument:             -Dcatalina.home=C:\Users\Propietario\Documents\NetBeansProjects\PrimeraEquipacion\dependencias\apache-tomcat-9.0.89
18-Jul-2024 12:43:58.152 INFO [main] org.apache.catalina.startup.VersionLoggerListener.log Command line argument:             -Djava.io.tmpdir=C:\Users\Propietario\Documents\NetBeansProjects\PrimeraEquipacion\dependencias\apache-tomcat-9.0.89\temp
18-Jul-2024 12:43:58.155 INFO [main] org.apache.catalina.core.AprLifecycleListener.lifecycleEvent Cargada la biblioteca nativa APR de Apache Tomcat [1.3.0] con la versión APR [1.7.4].
18-Jul-2024 12:43:58.156 INFO [main] org.apache.catalina.core.AprLifecycleListener.lifecycleEvent Capacidades APR: IPv6 [true], enviar fichero [true], aceptar filtros [false], aleatorio [true], UDS [true].
18-Jul-2024 12:43:58.156 INFO [main] org.apache.catalina.core.AprLifecycleListener.lifecycleEvent APR/OpenSSL configuration: useAprConnector [false], useOpenSSL [true]
18-Jul-2024 12:43:58.162 INFO [main] org.apache.catalina.core.AprLifecycleListener.initializeSSL OpenSSL inicializado correctamente [OpenSSL 3.0.13 30 Jan 2024]
18-Jul-2024 12:43:58.427 INFO [main] org.apache.coyote.AbstractProtocol.init Inicializando el manejador de protocolo ["http-nio-8080"]

18-Jul-2024 12:43:58.446 INFO [main] org.apache.catalina.startup.Catalina.load Server initialization in [480] milliseconds
18-Jul-2024 12:43:58.496 INFO [main] org.apache.catalina.core.StandardService.startInternal Arrancando servicio [Catalina]
18-Jul-2024 12:43:58.496 INFO [main] org.apache.catalina.core.StandardEngine.startInternal Starting Servlet engine: [Apache Tomcat/9.0.89]
18-Jul-2024 12:43:58.507 INFO [main] org.apache.catalina.startup.HostConfig.deployDescriptor Desplieque del descriptor de configuración [C:\Users\Propietario\Documents\NetBeansProjects\PrimeraEquipacion\dependencias\apache-tomcat-9.0.89\conf\Catalina\localhost\PrimeraEquipacion.xml]
18-Jul-2024 12:43:58.520 WARNING [main] org.apache.catalina.startup.HostConfig.deployDescriptor The path attribute with value [/PrimeraEquipacion] in deployment descriptor [C:\Users\Propietario\Documents\NetBeansProjects\PrimeraEquipacion\dependencias\apache-tomcat-9.0.89\conf\Catalina\localhost\PrimeraEquipacion.xml] has been ignored
18-Jul-2024 12:43:58.860 INFO [main] org.apache.jasper.servlet.TldScanner.scanJars Al menos un JAR, que se ha explorado buscando TLDs, aún no contenía TLDs. Activar historial de depuración para este historiador para una completa lista de los JARs que fueron explorados y de los que nos se halló TLDs. Saltarse JARs no necesarios durante la exploración puede dar lugar a una mejora de tiempo significativa en el arranque y compilación de JSP .
18-Jul-2024 12:43:58.905 INFO [main] org.apache.catalina.startup.HostConfig.deployDescriptor Deployment of deployment descriptor [C:\Users\Propietario\Documents\NetBeansProjects\PrimeraEquipacion\dependencias\apache-tomcat-9.0.89\conf\Catalina\localhost\PrimeraEquipacion.xml] has finished in [395] ms
18-Jul-2024 12:43:58.907 INFO [main] org.apache.catalina.startup.HostConfig.deployDirectory Desplegando el directorio [C:\Users\Propietario\Documents\NetBeansProjects\PrimeraEquipacion\dependencias\apache-tomcat-9.0.89\webapps\docs] de la aplicación web
18-Jul-2024 12:43:58.936 INFO [main] org.apache.catalina.startup.HostConfig.deployDirectory Deployment of web application directory [C:\Users\Propietario\Documents\NetBeansProjects\PrimeraEquipacion\dependencias\apache-tomcat-9.0.89\webapps\docs] has finished in [29] ms
18-Jul-2024 12:43:58.936 INFO [main] org.apache.catalina.startup.HostConfig.deployDirectory Desplegando el directorio [C:\Users\Propietario\Documents\NetBeansProjects\PrimeraEquipacion\dependencias\apache-tomcat-9.0.89\webapps\examples] de la aplicación web
18-Jul-2024 12:43:59.257 INFO [main] org.apache.catalina.startup.HostConfig.deployDirectory Deployment of web application directory [C:\Users\Propietario\Documents\NetBeansProjects\PrimeraEquipacion\dependencias\apache-tomcat-9.0.89\webapps\examples] has finished in [321] ms
18-Jul-2024 12:43:59.257 INFO [main] org.apache.catalina.startup.HostConfig.deployDirectory Desplegando el directorio [C:\Users\Propietario\Documents\NetBeansProjects\PrimeraEquipacion\dependencias\apache-tomcat-9.0.89\webapps\host-manager] de la aplicación web
18-Jul-2024 12:43:59.294 INFO [main] org.apache.catalina.startup.HostConfig.deployDirectory Deployment of web application directory [C:\Users\Propietario\Documents\NetBeansProjects\PrimeraEquipacion\dependencias\apache-tomcat-9.0.89\webapps\host-manager] has finished in [37] ms
18-Jul-2024 12:43:59.295 INFO [main] org.apache.catalina.startup.HostConfig.deployDirectory Desplegando el directorio [C:\Users\Propietario\Documents\NetBeansProjects\PrimeraEquipacion\dependencias\apache-tomcat-9.0.89\webapps\manager] de la aplicación web
18-Jul-2024 12:43:59.324 INFO [main] org.apache.catalina.startup.HostConfig.deployDirectory Deployment of web application directory [C:\Users\Propietario\Documents\NetBeansProjects\PrimeraEquipacion\dependencias\apache-tomcat-9.0.89\webapps\manager] has finished in [29] ms
18-Jul-2024 12:43:59.324 INFO [main] org.apache.catalina.startup.HostConfig.deployDirectory Desplegando el directorio [C:\Users\Propietario\Documents\NetBeansProjects\PrimeraEquipacion\dependencias\apache-tomcat-9.0.89\webapps\ROOT] de la aplicación web
18-Jul-2024 12:43:59.348 INFO [main] org.apache.catalina.startup.HostConfig.deployDirectory Deployment of web application directory [C:\Users\Propietario\Documents\NetBeansProjects\PrimeraEquipacion\dependencias\apache-tomcat-9.0.89\webapps\ROOT] has finished in [23] ms
18-Jul-2024 12:43:59.351 INFO [main] org.apache.coyote.AbstractProtocol.start Starting ProtocolHandler ["http-nio-8080"]
18-Jul-2024 12:43:59.375 INFO [main] org.apache.catalina.startup.Catalina.start Server startup in [927] milliseconds
18-Jul-2024 12:44:00.881 INFO [http-nio-8080-exec-10] org.apache.catalina.core.StandardContext.reload Ha comenzado la recarga de Contexto [/PrimeraEquipacion]
18-Jul-2024 12:44:00.998 INFO [http-nio-8080-exec-10] org.apache.jasper.servlet.TldScanner.scanJars Al menos un JAR, que se ha explorado buscando TLDs, aún no contenía TLDs. Activar historial de depuración para este historiador para una completa lista de los JARs que fueron explorados y de los que nos se halló TLDs. Saltarse JARs no necesarios durante la exploración puede dar lugar a una mejora de tiempo significativa en el arranque y compilación de JSP .
18-Jul-2024 12:44:00.999 INFO [http-nio-8080-exec-10] org.apache.catalina.core.StandardContext.reload Se ha completado la recarga de este Contexto
18-Jul-2024 13:49:09.898 INFO [http-nio-8080-exec-13] org.apache.catalina.core.StandardContext.reload Ha comenzado la recarga de Contexto [/PrimeraEquipacion]
18-Jul-2024 13:49:09.908 WARNING [http-nio-8080-exec-13] org.apache.catalina.loader.WebappClassLoaderBase.clearReferencesJdbc La aplicación web [PrimeraEquipacion] registró el conductor JDBC [com.mysql.jdbc.Driver] pero falló al anular el registro mientras la aplicación web estaba parada. Para prevenir un fallo de memoria, se ha anulado el registro del conductor JDBC por la fuerza.
18-Jul-2024 13:49:10.035 INFO [http-nio-8080-exec-13] org.apache.jasper.servlet.TldScanner.scanJars Al menos un JAR, que se ha explorado buscando TLDs, aún no contenía TLDs. Activar historial de depuración para este historiador para una completa lista de los JARs que fueron explorados y de los que nos se halló TLDs. Saltarse JARs no necesarios durante la exploración puede dar lugar a una mejora de tiempo significativa en el arranque y compilación de JSP .
18-Jul-2024 13:49:10.039 INFO [http-nio-8080-exec-13] org.apache.catalina.core.StandardContext.reload Se ha completado la recarga de este Contexto
18-Jul-2024 13:49:10.103 INFO [http-nio-8080-exec-16] org.apache.catalina.core.StandardContext.reload Ha comenzado la recarga de Contexto [/PrimeraEquipacion]
18-Jul-2024 13:49:10.212 INFO [http-nio-8080-exec-16] org.apache.jasper.servlet.TldScanner.scanJars Al menos un JAR, que se ha explorado buscando TLDs, aún no contenía TLDs. Activar historial de depuración para este historiador para una completa lista de los JARs que fueron explorados y de los que nos se halló TLDs. Saltarse JARs no necesarios durante la exploración puede dar lugar a una mejora de tiempo significativa en el arranque y compilación de JSP .
18-Jul-2024 13:49:10.215 INFO [http-nio-8080-exec-16] org.apache.catalina.core.StandardContext.reload Se ha completado la recarga de este Contexto
18-Jul-2024 13:49:25.148 INFO [http-nio-8080-exec-20] org.apache.catalina.core.StandardContext.reload Ha comenzado la recarga de Contexto [/PrimeraEquipacion]
18-Jul-2024 13:49:25.268 INFO [http-nio-8080-exec-20] org.apache.jasper.servlet.TldScanner.scanJars Al menos un JAR, que se ha explorado buscando TLDs, aún no contenía TLDs. Activar historial de depuración para este historiador para una completa lista de los JARs que fueron explorados y de los que nos se halló TLDs. Saltarse JARs no necesarios durante la exploración puede dar lugar a una mejora de tiempo significativa en el arranque y compilación de JSP .
18-Jul-2024 13:49:25.270 INFO [http-nio-8080-exec-20] org.apache.catalina.core.StandardContext.reload Se ha completado la recarga de este Contexto
18-Jul-2024 13:49:25.337 INFO [http-nio-8080-exec-15] org.apache.catalina.core.StandardContext.reload Ha comenzado la recarga de Contexto [/PrimeraEquipacion]
18-Jul-2024 13:49:25.438 INFO [http-nio-8080-exec-15] org.apache.jasper.servlet.TldScanner.scanJars Al menos un JAR, que se ha explorado buscando TLDs, aún no contenía TLDs. Activar historial de depuración para este historiador para una completa lista de los JARs que fueron explorados y de los que nos se halló TLDs. Saltarse JARs no necesarios durante la exploración puede dar lugar a una mejora de tiempo significativa en el arranque y compilación de JSP .
18-Jul-2024 13:49:25.440 INFO [http-nio-8080-exec-15] org.apache.catalina.core.StandardContext.reload Se ha completado la recarga de este Contexto
18-Jul-2024 13:49:32.451 INFO [http-nio-8080-exec-22] org.apache.catalina.core.StandardContext.reload Ha comenzado la recarga de Contexto [/PrimeraEquipacion]
18-Jul-2024 13:49:32.568 INFO [http-nio-8080-exec-22] org.apache.jasper.servlet.TldScanner.scanJars Al menos un JAR, que se ha explorado buscando TLDs, aún no contenía TLDs. Activar historial de depuración para este historiador para una completa lista de los JARs que fueron explorados y de los que nos se halló TLDs. Saltarse JARs no necesarios durante la exploración puede dar lugar a una mejora de tiempo significativa en el arranque y compilación de JSP .
18-Jul-2024 13:49:32.570 INFO [http-nio-8080-exec-22] org.apache.catalina.core.StandardContext.reload Se ha completado la recarga de este Contexto
18-Jul-2024 13:49:32.630 INFO [http-nio-8080-exec-16] org.apache.catalina.core.StandardContext.reload Ha comenzado la recarga de Contexto [/PrimeraEquipacion]
18-Jul-2024 13:49:32.733 INFO [http-nio-8080-exec-16] org.apache.jasper.servlet.TldScanner.scanJars Al menos un JAR, que se ha explorado buscando TLDs, aún no contenía TLDs. Activar historial de depuración para este historiador para una completa lista de los JARs que fueron explorados y de los que nos se halló TLDs. Saltarse JARs no necesarios durante la exploración puede dar lugar a una mejora de tiempo significativa en el arranque y compilación de JSP .
18-Jul-2024 13:49:32.735 INFO [http-nio-8080-exec-16] org.apache.catalina.core.StandardContext.reload Se ha completado la recarga de este Contexto
18-Jul-2024 13:53:11.100 INFO [http-nio-8080-exec-27] org.apache.catalina.core.StandardContext.reload Ha comenzado la recarga de Contexto [/PrimeraEquipacion]
18-Jul-2024 13:53:11.211 INFO [http-nio-8080-exec-27] org.apache.jasper.servlet.TldScanner.scanJars Al menos un JAR, que se ha explorado buscando TLDs, aún no contenía TLDs. Activar historial de depuración para este historiador para una completa lista de los JARs que fueron explorados y de los que nos se halló TLDs. Saltarse JARs no necesarios durante la exploración puede dar lugar a una mejora de tiempo significativa en el arranque y compilación de JSP .
18-Jul-2024 13:53:11.214 INFO [http-nio-8080-exec-27] org.apache.catalina.core.StandardContext.reload Se ha completado la recarga de este Contexto
18-Jul-2024 13:53:11.261 INFO [http-nio-8080-exec-22] org.apache.catalina.core.StandardContext.reload Ha comenzado la recarga de Contexto [/PrimeraEquipacion]
18-Jul-2024 13:53:11.362 INFO [http-nio-8080-exec-22] org.apache.jasper.servlet.TldScanner.scanJars Al menos un JAR, que se ha explorado buscando TLDs, aún no contenía TLDs. Activar historial de depuración para este historiador para una completa lista de los JARs que fueron explorados y de los que nos se halló TLDs. Saltarse JARs no necesarios durante la exploración puede dar lugar a una mejora de tiempo significativa en el arranque y compilación de JSP .
18-Jul-2024 13:53:11.364 INFO [http-nio-8080-exec-22] org.apache.catalina.core.StandardContext.reload Se ha completado la recarga de este Contexto
18-Jul-2024 13:53:12.833 INFO [http-nio-8080-exec-19] org.apache.catalina.core.StandardContext.reload Ha comenzado la recarga de Contexto [/PrimeraEquipacion]
18-Jul-2024 13:53:12.938 INFO [http-nio-8080-exec-19] org.apache.jasper.servlet.TldScanner.scanJars Al menos un JAR, que se ha explorado buscando TLDs, aún no contenía TLDs. Activar historial de depuración para este historiador para una completa lista de los JARs que fueron explorados y de los que nos se halló TLDs. Saltarse JARs no necesarios durante la exploración puede dar lugar a una mejora de tiempo significativa en el arranque y compilación de JSP .
18-Jul-2024 13:53:12.942 INFO [http-nio-8080-exec-19] org.apache.catalina.core.StandardContext.reload Se ha completado la recarga de este Contexto
18-Jul-2024 13:53:26.558 INFO [http-nio-8080-exec-28] org.apache.catalina.core.StandardContext.reload Ha comenzado la recarga de Contexto [/PrimeraEquipacion]
18-Jul-2024 13:53:26.676 INFO [http-nio-8080-exec-28] org.apache.jasper.servlet.TldScanner.scanJars Al menos un JAR, que se ha explorado buscando TLDs, aún no contenía TLDs. Activar historial de depuración para este historiador para una completa lista de los JARs que fueron explorados y de los que nos se halló TLDs. Saltarse JARs no necesarios durante la exploración puede dar lugar a una mejora de tiempo significativa en el arranque y compilación de JSP .
18-Jul-2024 13:53:26.680 INFO [http-nio-8080-exec-28] org.apache.catalina.core.StandardContext.reload Se ha completado la recarga de este Contexto
18-Jul-2024 13:53:26.719 INFO [http-nio-8080-exec-26] org.apache.catalina.core.StandardContext.reload Ha comenzado la recarga de Contexto [/PrimeraEquipacion]
18-Jul-2024 13:53:26.824 INFO [http-nio-8080-exec-26] org.apache.jasper.servlet.TldScanner.scanJars Al menos un JAR, que se ha explorado buscando TLDs, aún no contenía TLDs. Activar historial de depuración para este historiador para una completa lista de los JARs que fueron explorados y de los que nos se halló TLDs. Saltarse JARs no necesarios durante la exploración puede dar lugar a una mejora de tiempo significativa en el arranque y compilación de JSP .
18-Jul-2024 13:53:26.825 INFO [http-nio-8080-exec-26] org.apache.catalina.core.StandardContext.reload Se ha completado la recarga de este Contexto
18-Jul-2024 13:53:40.590 INFO [http-nio-8080-exec-15] org.apache.catalina.core.StandardContext.reload Ha comenzado la recarga de Contexto [/PrimeraEquipacion]
18-Jul-2024 13:53:40.692 INFO [http-nio-8080-exec-15] org.apache.jasper.servlet.TldScanner.scanJars Al menos un JAR, que se ha explorado buscando TLDs, aún no contenía TLDs. Activar historial de depuración para este historiador para una completa lista de los JARs que fueron explorados y de los que nos se halló TLDs. Saltarse JARs no necesarios durante la exploración puede dar lugar a una mejora de tiempo significativa en el arranque y compilación de JSP .
18-Jul-2024 13:53:40.695 INFO [http-nio-8080-exec-15] org.apache.catalina.core.StandardContext.reload Se ha completado la recarga de este Contexto
18-Jul-2024 13:53:41.038 INFO [http-nio-8080-exec-15] org.apache.catalina.core.StandardContext.reload Ha comenzado la recarga de Contexto [/PrimeraEquipacion]
18-Jul-2024 13:53:41.137 INFO [http-nio-8080-exec-15] org.apache.jasper.servlet.TldScanner.scanJars Al menos un JAR, que se ha explorado buscando TLDs, aún no contenía TLDs. Activar historial de depuración para este historiador para una completa lista de los JARs que fueron explorados y de los que nos se halló TLDs. Saltarse JARs no necesarios durante la exploración puede dar lugar a una mejora de tiempo significativa en el arranque y compilación de JSP .
18-Jul-2024 13:53:41.139 INFO [http-nio-8080-exec-15] org.apache.catalina.core.StandardContext.reload Se ha completado la recarga de este Contexto
18-Jul-2024 13:53:47.876 INFO [http-nio-8080-exec-27] org.apache.catalina.core.StandardContext.reload Ha comenzado la recarga de Contexto [/PrimeraEquipacion]
18-Jul-2024 13:53:47.982 INFO [http-nio-8080-exec-27] org.apache.jasper.servlet.TldScanner.scanJars Al menos un JAR, que se ha explorado buscando TLDs, aún no contenía TLDs. Activar historial de depuración para este historiador para una completa lista de los JARs que fueron explorados y de los que nos se halló TLDs. Saltarse JARs no necesarios durante la exploración puede dar lugar a una mejora de tiempo significativa en el arranque y compilación de JSP .
18-Jul-2024 13:53:47.985 INFO [http-nio-8080-exec-27] org.apache.catalina.core.StandardContext.reload Se ha completado la recarga de este Contexto
18-Jul-2024 13:53:48.163 INFO [http-nio-8080-exec-19] org.apache.catalina.core.StandardContext.reload Ha comenzado la recarga de Contexto [/PrimeraEquipacion]
18-Jul-2024 13:53:48.261 INFO [http-nio-8080-exec-19] org.apache.jasper.servlet.TldScanner.scanJars Al menos un JAR, que se ha explorado buscando TLDs, aún no contenía TLDs. Activar historial de depuración para este historiador para una completa lista de los JARs que fueron explorados y de los que nos se halló TLDs. Saltarse JARs no necesarios durante la exploración puede dar lugar a una mejora de tiempo significativa en el arranque y compilación de JSP .
18-Jul-2024 13:53:48.263 INFO [http-nio-8080-exec-19] org.apache.catalina.core.StandardContext.reload Se ha completado la recarga de este Contexto
18-Jul-2024 13:54:15.635 INFO [http-nio-8080-exec-16] org.apache.catalina.core.StandardContext.reload Ha comenzado la recarga de Contexto [/PrimeraEquipacion]
18-Jul-2024 13:54:15.742 INFO [http-nio-8080-exec-16] org.apache.jasper.servlet.TldScanner.scanJars Al menos un JAR, que se ha explorado buscando TLDs, aún no contenía TLDs. Activar historial de depuración para este historiador para una completa lista de los JARs que fueron explorados y de los que nos se halló TLDs. Saltarse JARs no necesarios durante la exploración puede dar lugar a una mejora de tiempo significativa en el arranque y compilación de JSP .
18-Jul-2024 13:54:15.745 INFO [http-nio-8080-exec-16] org.apache.catalina.core.StandardContext.reload Se ha completado la recarga de este Contexto
18-Jul-2024 13:54:15.857 INFO [http-nio-8080-exec-31] org.apache.catalina.core.StandardContext.reload Ha comenzado la recarga de Contexto [/PrimeraEquipacion]
18-Jul-2024 13:54:15.955 INFO [http-nio-8080-exec-31] org.apache.jasper.servlet.TldScanner.scanJars Al menos un JAR, que se ha explorado buscando TLDs, aún no contenía TLDs. Activar historial de depuración para este historiador para una completa lista de los JARs que fueron explorados y de los que nos se halló TLDs. Saltarse JARs no necesarios durante la exploración puede dar lugar a una mejora de tiempo significativa en el arranque y compilación de JSP .
18-Jul-2024 13:54:15.958 INFO [http-nio-8080-exec-31] org.apache.catalina.core.StandardContext.reload Se ha completado la recarga de este Contexto
18-Jul-2024 14:07:54.827 INFO [http-nio-8080-exec-36] org.apache.catalina.core.StandardContext.reload Ha comenzado la recarga de Contexto [/PrimeraEquipacion]
18-Jul-2024 14:07:54.938 INFO [http-nio-8080-exec-36] org.apache.jasper.servlet.TldScanner.scanJars Al menos un JAR, que se ha explorado buscando TLDs, aún no contenía TLDs. Activar historial de depuración para este historiador para una completa lista de los JARs que fueron explorados y de los que nos se halló TLDs. Saltarse JARs no necesarios durante la exploración puede dar lugar a una mejora de tiempo significativa en el arranque y compilación de JSP .
18-Jul-2024 14:07:54.940 INFO [http-nio-8080-exec-36] org.apache.catalina.core.StandardContext.reload Se ha completado la recarga de este Contexto
18-Jul-2024 14:07:55.270 INFO [http-nio-8080-exec-42] org.apache.catalina.core.StandardContext.reload Ha comenzado la recarga de Contexto [/PrimeraEquipacion]
18-Jul-2024 14:07:55.376 INFO [http-nio-8080-exec-42] org.apache.jasper.servlet.TldScanner.scanJars Al menos un JAR, que se ha explorado buscando TLDs, aún no contenía TLDs. Activar historial de depuración para este historiador para una completa lista de los JARs que fueron explorados y de los que nos se halló TLDs. Saltarse JARs no necesarios durante la exploración puede dar lugar a una mejora de tiempo significativa en el arranque y compilación de JSP .
18-Jul-2024 14:07:55.379 INFO [http-nio-8080-exec-42] org.apache.catalina.core.StandardContext.reload Se ha completado la recarga de este Contexto
18-Jul-2024 15:14:58.526 INFO [http-nio-8080-exec-46] org.apache.catalina.core.StandardContext.reload Ha comenzado la recarga de Contexto [/PrimeraEquipacion]
18-Jul-2024 15:14:58.630 INFO [http-nio-8080-exec-46] org.apache.jasper.servlet.TldScanner.scanJars Al menos un JAR, que se ha explorado buscando TLDs, aún no contenía TLDs. Activar historial de depuración para este historiador para una completa lista de los JARs que fueron explorados y de los que nos se halló TLDs. Saltarse JARs no necesarios durante la exploración puede dar lugar a una mejora de tiempo significativa en el arranque y compilación de JSP .
18-Jul-2024 15:14:58.631 INFO [http-nio-8080-exec-46] org.apache.catalina.core.StandardContext.reload Se ha completado la recarga de este Contexto
18-Jul-2024 15:27:28.251 INFO [http-nio-8080-exec-58] org.apache.catalina.core.StandardContext.reload Ha comenzado la recarga de Contexto [/PrimeraEquipacion]
18-Jul-2024 15:27:28.370 INFO [http-nio-8080-exec-58] org.apache.jasper.servlet.TldScanner.scanJars Al menos un JAR, que se ha explorado buscando TLDs, aún no contenía TLDs. Activar historial de depuración para este historiador para una completa lista de los JARs que fueron explorados y de los que nos se halló TLDs. Saltarse JARs no necesarios durante la exploración puede dar lugar a una mejora de tiempo significativa en el arranque y compilación de JSP .
18-Jul-2024 15:27:28.373 INFO [http-nio-8080-exec-58] org.apache.catalina.core.StandardContext.reload Se ha completado la recarga de este Contexto
18-Jul-2024 15:27:28.417 INFO [http-nio-8080-exec-64] org.apache.catalina.core.StandardContext.reload Ha comenzado la recarga de Contexto [/PrimeraEquipacion]
18-Jul-2024 15:27:28.528 INFO [http-nio-8080-exec-64] org.apache.jasper.servlet.TldScanner.scanJars Al menos un JAR, que se ha explorado buscando TLDs, aún no contenía TLDs. Activar historial de depuración para este historiador para una completa lista de los JARs que fueron explorados y de los que nos se halló TLDs. Saltarse JARs no necesarios durante la exploración puede dar lugar a una mejora de tiempo significativa en el arranque y compilación de JSP .
18-Jul-2024 15:27:28.530 INFO [http-nio-8080-exec-64] org.apache.catalina.core.StandardContext.reload Se ha completado la recarga de este Contexto
18-Jul-2024 15:28:20.163 INFO [http-nio-8080-exec-60] org.apache.jasper.servlet.TldScanner.scanJars Al menos un JAR, que se ha explorado buscando TLDs, aún no contenía TLDs. Activar historial de depuración para este historiador para una completa lista de los JARs que fueron explorados y de los que nos se halló TLDs. Saltarse JARs no necesarios durante la exploración puede dar lugar a una mejora de tiempo significativa en el arranque y compilación de JSP .
18-Jul-2024 15:28:22.629 INFO [Catalina-utility-2] org.apache.catalina.startup.HostConfig.reload Falló la recarga del contexto [/PrimeraEquipacion]
18-Jul-2024 15:28:22.630 INFO [Catalina-utility-2] org.apache.catalina.core.StandardContext.reload Ha comenzado la recarga de Contexto [/PrimeraEquipacion]
18-Jul-2024 15:28:22.767 INFO [Catalina-utility-2] org.apache.jasper.servlet.TldScanner.scanJars Al menos un JAR, que se ha explorado buscando TLDs, aún no contenía TLDs. Activar historial de depuración para este historiador para una completa lista de los JARs que fueron explorados y de los que nos se halló TLDs. Saltarse JARs no necesarios durante la exploración puede dar lugar a una mejora de tiempo significativa en el arranque y compilación de JSP .
18-Jul-2024 15:28:22.769 INFO [Catalina-utility-2] org.apache.catalina.core.StandardContext.reload Se ha completado la recarga de este Contexto
18-Jul-2024 15:38:51.494 INFO [http-nio-8080-exec-66] org.apache.catalina.core.StandardContext.reload Ha comenzado la recarga de Contexto [/PrimeraEquipacion]
18-Jul-2024 15:38:51.497 WARNING [http-nio-8080-exec-66] org.apache.catalina.loader.WebappClassLoaderBase.clearReferencesJdbc La aplicación web [PrimeraEquipacion] registró el conductor JDBC [com.mysql.jdbc.Driver] pero falló al anular el registro mientras la aplicación web estaba parada. Para prevenir un fallo de memoria, se ha anulado el registro del conductor JDBC por la fuerza.
18-Jul-2024 15:38:51.603 INFO [http-nio-8080-exec-66] org.apache.jasper.servlet.TldScanner.scanJars Al menos un JAR, que se ha explorado buscando TLDs, aún no contenía TLDs. Activar historial de depuración para este historiador para una completa lista de los JARs que fueron explorados y de los que nos se halló TLDs. Saltarse JARs no necesarios durante la exploración puede dar lugar a una mejora de tiempo significativa en el arranque y compilación de JSP .
18-Jul-2024 15:38:51.606 INFO [http-nio-8080-exec-66] org.apache.catalina.core.StandardContext.reload Se ha completado la recarga de este Contexto
18-Jul-2024 15:51:39.030 INFO [http-nio-8080-exec-81] org.apache.catalina.core.StandardContext.reload Ha comenzado la recarga de Contexto [/PrimeraEquipacion]
18-Jul-2024 15:51:39.031 WARNING [http-nio-8080-exec-81] org.apache.catalina.loader.WebappClassLoaderBase.clearReferencesJdbc La aplicación web [PrimeraEquipacion] registró el conductor JDBC [com.mysql.jdbc.Driver] pero falló al anular el registro mientras la aplicación web estaba parada. Para prevenir un fallo de memoria, se ha anulado el registro del conductor JDBC por la fuerza.
18-Jul-2024 15:51:39.135 INFO [http-nio-8080-exec-81] org.apache.jasper.servlet.TldScanner.scanJars Al menos un JAR, que se ha explorado buscando TLDs, aún no contenía TLDs. Activar historial de depuración para este historiador para una completa lista de los JARs que fueron explorados y de los que nos se halló TLDs. Saltarse JARs no necesarios durante la exploración puede dar lugar a una mejora de tiempo significativa en el arranque y compilación de JSP .
18-Jul-2024 15:51:39.138 INFO [http-nio-8080-exec-81] org.apache.catalina.core.StandardContext.reload Se ha completado la recarga de este Contexto
18-Jul-2024 16:29:18.315 INFO [http-nio-8080-exec-94] org.apache.catalina.core.StandardContext.reload Ha comenzado la recarga de Contexto [/PrimeraEquipacion]
18-Jul-2024 16:29:18.317 WARNING [http-nio-8080-exec-94] org.apache.catalina.loader.WebappClassLoaderBase.clearReferencesJdbc La aplicación web [PrimeraEquipacion] registró el conductor JDBC [com.mysql.jdbc.Driver] pero falló al anular el registro mientras la aplicación web estaba parada. Para prevenir un fallo de memoria, se ha anulado el registro del conductor JDBC por la fuerza.
18-Jul-2024 16:29:18.426 INFO [http-nio-8080-exec-94] org.apache.jasper.servlet.TldScanner.scanJars Al menos un JAR, que se ha explorado buscando TLDs, aún no contenía TLDs. Activar historial de depuración para este historiador para una completa lista de los JARs que fueron explorados y de los que nos se halló TLDs. Saltarse JARs no necesarios durante la exploración puede dar lugar a una mejora de tiempo significativa en el arranque y compilación de JSP .
18-Jul-2024 16:29:18.429 INFO [http-nio-8080-exec-94] org.apache.catalina.core.StandardContext.reload Se ha completado la recarga de este Contexto
18-Jul-2024 17:42:29.158 INFO [http-nio-8080-exec-104] org.apache.catalina.core.StandardContext.reload Ha comenzado la recarga de Contexto [/PrimeraEquipacion]
18-Jul-2024 17:42:29.160 WARNING [http-nio-8080-exec-104] org.apache.catalina.loader.WebappClassLoaderBase.clearReferencesJdbc La aplicación web [PrimeraEquipacion] registró el conductor JDBC [com.mysql.jdbc.Driver] pero falló al anular el registro mientras la aplicación web estaba parada. Para prevenir un fallo de memoria, se ha anulado el registro del conductor JDBC por la fuerza.
18-Jul-2024 17:42:29.260 INFO [http-nio-8080-exec-104] org.apache.jasper.servlet.TldScanner.scanJars Al menos un JAR, que se ha explorado buscando TLDs, aún no contenía TLDs. Activar historial de depuración para este historiador para una completa lista de los JARs que fueron explorados y de los que nos se halló TLDs. Saltarse JARs no necesarios durante la exploración puede dar lugar a una mejora de tiempo significativa en el arranque y compilación de JSP .
18-Jul-2024 17:42:29.262 INFO [http-nio-8080-exec-104] org.apache.catalina.core.StandardContext.reload Se ha completado la recarga de este Contexto
18-Jul-2024 17:43:33.238 INFO [http-nio-8080-exec-108] org.apache.catalina.core.StandardContext.reload Ha comenzado la recarga de Contexto [/PrimeraEquipacion]
18-Jul-2024 17:43:33.342 INFO [http-nio-8080-exec-108] org.apache.jasper.servlet.TldScanner.scanJars Al menos un JAR, que se ha explorado buscando TLDs, aún no contenía TLDs. Activar historial de depuración para este historiador para una completa lista de los JARs que fueron explorados y de los que nos se halló TLDs. Saltarse JARs no necesarios durante la exploración puede dar lugar a una mejora de tiempo significativa en el arranque y compilación de JSP .
18-Jul-2024 17:43:33.345 INFO [http-nio-8080-exec-108] org.apache.catalina.core.StandardContext.reload Se ha completado la recarga de este Contexto
18-Jul-2024 17:44:57.497 INFO [http-nio-8080-exec-106] org.apache.catalina.core.StandardContext.reload Ha comenzado la recarga de Contexto [/PrimeraEquipacion]
18-Jul-2024 17:44:57.595 INFO [http-nio-8080-exec-106] org.apache.jasper.servlet.TldScanner.scanJars Al menos un JAR, que se ha explorado buscando TLDs, aún no contenía TLDs. Activar historial de depuración para este historiador para una completa lista de los JARs que fueron explorados y de los que nos se halló TLDs. Saltarse JARs no necesarios durante la exploración puede dar lugar a una mejora de tiempo significativa en el arranque y compilación de JSP .
18-Jul-2024 17:44:57.598 INFO [http-nio-8080-exec-106] org.apache.catalina.core.StandardContext.reload Se ha completado la recarga de este Contexto
18-Jul-2024 17:51:31.262 INFO [http-nio-8080-exec-114] org.apache.catalina.core.StandardContext.reload Ha comenzado la recarga de Contexto [/PrimeraEquipacion]
18-Jul-2024 17:51:31.360 INFO [http-nio-8080-exec-114] org.apache.jasper.servlet.TldScanner.scanJars Al menos un JAR, que se ha explorado buscando TLDs, aún no contenía TLDs. Activar historial de depuración para este historiador para una completa lista de los JARs que fueron explorados y de los que nos se halló TLDs. Saltarse JARs no necesarios durante la exploración puede dar lugar a una mejora de tiempo significativa en el arranque y compilación de JSP .
18-Jul-2024 17:51:31.363 INFO [http-nio-8080-exec-114] org.apache.catalina.core.StandardContext.reload Se ha completado la recarga de este Contexto
18-Jul-2024 17:51:38.683 INFO [http-nio-8080-exec-117] org.apache.catalina.core.StandardContext.reload Ha comenzado la recarga de Contexto [/PrimeraEquipacion]
18-Jul-2024 17:51:38.782 INFO [http-nio-8080-exec-117] org.apache.jasper.servlet.TldScanner.scanJars Al menos un JAR, que se ha explorado buscando TLDs, aún no contenía TLDs. Activar historial de depuración para este historiador para una completa lista de los JARs que fueron explorados y de los que nos se halló TLDs. Saltarse JARs no necesarios durante la exploración puede dar lugar a una mejora de tiempo significativa en el arranque y compilación de JSP .
18-Jul-2024 17:51:38.785 INFO [http-nio-8080-exec-117] org.apache.catalina.core.StandardContext.reload Se ha completado la recarga de este Contexto
18-Jul-2024 17:59:15.600 INFO [http-nio-8080-exec-122] org.apache.catalina.core.StandardContext.reload Ha comenzado la recarga de Contexto [/PrimeraEquipacion]
18-Jul-2024 17:59:15.706 INFO [http-nio-8080-exec-122] org.apache.jasper.servlet.TldScanner.scanJars Al menos un JAR, que se ha explorado buscando TLDs, aún no contenía TLDs. Activar historial de depuración para este historiador para una completa lista de los JARs que fueron explorados y de los que nos se halló TLDs. Saltarse JARs no necesarios durante la exploración puede dar lugar a una mejora de tiempo significativa en el arranque y compilación de JSP .
18-Jul-2024 17:59:15.709 INFO [http-nio-8080-exec-122] org.apache.catalina.core.StandardContext.reload Se ha completado la recarga de este Contexto
18-Jul-2024 17:59:15.721 INFO [http-nio-8080-exec-119] org.apache.catalina.core.StandardContext.reload Ha comenzado la recarga de Contexto [/PrimeraEquipacion]
18-Jul-2024 17:59:15.822 INFO [http-nio-8080-exec-119] org.apache.jasper.servlet.TldScanner.scanJars Al menos un JAR, que se ha explorado buscando TLDs, aún no contenía TLDs. Activar historial de depuración para este historiador para una completa lista de los JARs que fueron explorados y de los que nos se halló TLDs. Saltarse JARs no necesarios durante la exploración puede dar lugar a una mejora de tiempo significativa en el arranque y compilación de JSP .
18-Jul-2024 17:59:15.824 INFO [http-nio-8080-exec-119] org.apache.catalina.core.StandardContext.reload Se ha completado la recarga de este Contexto
18-Jul-2024 18:10:54.638 INFO [main] org.apache.catalina.core.StandardServer.await Se ha recibido un comando de apagado a través del puerto de apagado. Parando la instancia del Servidor.
18-Jul-2024 18:10:54.638 INFO [main] org.apache.coyote.AbstractProtocol.pause Pausing ProtocolHandler ["http-nio-8080"]
18-Jul-2024 18:10:54.643 INFO [main] org.apache.catalina.core.StandardService.stopInternal Parando servicio [Catalina]
18-Jul-2024 18:10:54.652 INFO [main] org.apache.coyote.AbstractProtocol.stop Stopping ProtocolHandler ["http-nio-8080"]
18-Jul-2024 18:10:54.675 INFO [main] org.apache.coyote.AbstractProtocol.destroy Destroying ProtocolHandler ["http-nio-8080"]
