27-Jun-2024 22:52:04.706 INFO [main] org.apache.catalina.startup.VersionLoggerListener.log Nombre de la versión del servidor: Apache Tomcat/9.0.89
27-Jun-2024 22:52:04.709 INFO [main] org.apache.catalina.startup.VersionLoggerListener.log Server built:                      May 3 2024 20:22:11 UTC
27-Jun-2024 22:52:04.709 INFO [main] org.apache.catalina.startup.VersionLoggerListener.log Número de versión de servidor:     9.0.89.0
27-Jun-2024 22:52:04.710 INFO [main] org.apache.catalina.startup.VersionLoggerListener.log OS Name:                           Windows 10
27-Jun-2024 22:52:04.710 INFO [main] org.apache.catalina.startup.VersionLoggerListener.log Versión de Systema Operativo:      10.0
27-Jun-2024 22:52:04.710 INFO [main] org.apache.catalina.startup.VersionLoggerListener.log Arquitectura:                      amd64
27-Jun-2024 22:52:04.710 INFO [main] org.apache.catalina.startup.VersionLoggerListener.log Java Home:                         C:\Program Files\Java\jdk-16.0.2
27-Jun-2024 22:52:04.710 INFO [main] org.apache.catalina.startup.VersionLoggerListener.log JVM Version:                       16.0.2+7-67
27-Jun-2024 22:52:04.710 INFO [main] org.apache.catalina.startup.VersionLoggerListener.log Vededor JVM:                       Oracle Corporation
27-Jun-2024 22:52:04.710 INFO [main] org.apache.catalina.startup.VersionLoggerListener.log CATALINA_BASE:                     C:\Users\Julian\Desktop\sena\DOCUMENTOS\Java\Proyecto\Prueba_crud\complementos\apache-tomcat-9.0.89
27-Jun-2024 22:52:04.710 INFO [main] org.apache.catalina.startup.VersionLoggerListener.log CATALINA_HOME:                     C:\Users\Julian\Desktop\sena\DOCUMENTOS\Java\Proyecto\Prueba_crud\complementos\apache-tomcat-9.0.89
27-Jun-2024 22:52:04.720 INFO [main] org.apache.catalina.startup.VersionLoggerListener.log Command line argument:             --add-opens=java.base/java.lang=ALL-UNNAMED
27-Jun-2024 22:52:04.720 INFO [main] org.apache.catalina.startup.VersionLoggerListener.log Command line argument:             --add-opens=java.base/java.io=ALL-UNNAMED
27-Jun-2024 22:52:04.720 INFO [main] org.apache.catalina.startup.VersionLoggerListener.log Command line argument:             --add-opens=java.base/java.util=ALL-UNNAMED
27-Jun-2024 22:52:04.720 INFO [main] org.apache.catalina.startup.VersionLoggerListener.log Command line argument:             --add-opens=java.base/java.util.concurrent=ALL-UNNAMED
27-Jun-2024 22:52:04.720 INFO [main] org.apache.catalina.startup.VersionLoggerListener.log Command line argument:             --add-opens=java.rmi/sun.rmi.transport=ALL-UNNAMED
27-Jun-2024 22:52:04.720 INFO [main] org.apache.catalina.startup.VersionLoggerListener.log Command line argument:             -Djava.util.logging.config.file=C:\Users\Julian\Desktop\sena\DOCUMENTOS\Java\Proyecto\Prueba_crud\complementos\apache-tomcat-9.0.89\conf\logging.properties
27-Jun-2024 22:52:04.720 INFO [main] org.apache.catalina.startup.VersionLoggerListener.log Command line argument:             -Djava.util.logging.manager=org.apache.juli.ClassLoaderLogManager
27-Jun-2024 22:52:04.720 INFO [main] org.apache.catalina.startup.VersionLoggerListener.log Command line argument:             -Dhttp.nonProxyHosts=localhost|127.0.0.1|DESKTOP-U7KTML0
27-Jun-2024 22:52:04.721 INFO [main] org.apache.catalina.startup.VersionLoggerListener.log Command line argument:             -Djdk.tls.ephemeralDHKeySize=2048
27-Jun-2024 22:52:04.721 INFO [main] org.apache.catalina.startup.VersionLoggerListener.log Command line argument:             -Djava.protocol.handler.pkgs=org.apache.catalina.webresources
27-Jun-2024 22:52:04.721 INFO [main] org.apache.catalina.startup.VersionLoggerListener.log Command line argument:             -Dignore.endorsed.dirs=
27-Jun-2024 22:52:04.721 INFO [main] org.apache.catalina.startup.VersionLoggerListener.log Command line argument:             -Dcatalina.base=C:\Users\Julian\Desktop\sena\DOCUMENTOS\Java\Proyecto\Prueba_crud\complementos\apache-tomcat-9.0.89
27-Jun-2024 22:52:04.721 INFO [main] org.apache.catalina.startup.VersionLoggerListener.log Command line argument:             -Dcatalina.home=C:\Users\Julian\Desktop\sena\DOCUMENTOS\Java\Proyecto\Prueba_crud\complementos\apache-tomcat-9.0.89
27-Jun-2024 22:52:04.736 INFO [main] org.apache.catalina.startup.VersionLoggerListener.log Command line argument:             -Djava.io.tmpdir=C:\Users\Julian\Desktop\sena\DOCUMENTOS\Java\Proyecto\Prueba_crud\complementos\apache-tomcat-9.0.89\temp
27-Jun-2024 22:52:04.739 INFO [main] org.apache.catalina.core.AprLifecycleListener.lifecycleEvent Cargada la biblioteca nativa APR de Apache Tomcat [1.3.0] con la versión APR [1.7.4].
27-Jun-2024 22:52:04.740 INFO [main] org.apache.catalina.core.AprLifecycleListener.lifecycleEvent Capacidades APR: IPv6 [true], enviar fichero [true], aceptar filtros [false], aleatorio [true], UDS [true].
27-Jun-2024 22:52:04.740 INFO [main] org.apache.catalina.core.AprLifecycleListener.lifecycleEvent APR/OpenSSL configuration: useAprConnector [false], useOpenSSL [true]
27-Jun-2024 22:52:04.745 INFO [main] org.apache.catalina.core.AprLifecycleListener.initializeSSL OpenSSL inicializado correctamente [OpenSSL 3.0.13 30 Jan 2024]
27-Jun-2024 22:52:05.020 INFO [main] org.apache.coyote.AbstractProtocol.init Inicializando el manejador de protocolo ["http-nio-8080"]

27-Jun-2024 22:52:05.047 INFO [main] org.apache.catalina.startup.Catalina.load Server initialization in [495] milliseconds
27-Jun-2024 22:52:05.110 INFO [main] org.apache.catalina.core.StandardService.startInternal Arrancando servicio [Catalina]
27-Jun-2024 22:52:05.110 INFO [main] org.apache.catalina.core.StandardEngine.startInternal Starting Servlet engine: [Apache Tomcat/9.0.89]
27-Jun-2024 22:52:05.121 INFO [main] org.apache.catalina.startup.HostConfig.deployDescriptor Desplieque del descriptor de configuración [C:\Users\Julian\Desktop\sena\DOCUMENTOS\Java\Proyecto\Prueba_crud\complementos\apache-tomcat-9.0.89\conf\Catalina\localhost\Prueba_crud.xml]
27-Jun-2024 22:52:05.134 WARNING [main] org.apache.catalina.startup.HostConfig.deployDescriptor The path attribute with value [/Prueba_crud] in deployment descriptor [C:\Users\Julian\Desktop\sena\DOCUMENTOS\Java\Proyecto\Prueba_crud\complementos\apache-tomcat-9.0.89\conf\Catalina\localhost\Prueba_crud.xml] has been ignored
27-Jun-2024 22:52:05.606 INFO [main] org.apache.jasper.servlet.TldScanner.scanJars Al menos un JAR, que se ha explorado buscando TLDs, aún no contenía TLDs. Activar historial de depuración para este historiador para una completa lista de los JARs que fueron explorados y de los que nos se halló TLDs. Saltarse JARs no necesarios durante la exploración puede dar lugar a una mejora de tiempo significativa en el arranque y compilación de JSP .
27-Jun-2024 22:52:05.663 INFO [main] org.apache.catalina.startup.HostConfig.deployDescriptor Deployment of deployment descriptor [C:\Users\Julian\Desktop\sena\DOCUMENTOS\Java\Proyecto\Prueba_crud\complementos\apache-tomcat-9.0.89\conf\Catalina\localhost\Prueba_crud.xml] has finished in [541] ms
27-Jun-2024 22:52:05.664 INFO [main] org.apache.catalina.startup.HostConfig.deployDirectory Desplegando el directorio [C:\Users\Julian\Desktop\sena\DOCUMENTOS\Java\Proyecto\Prueba_crud\complementos\apache-tomcat-9.0.89\webapps\docs] de la aplicación web
27-Jun-2024 22:52:05.701 INFO [main] org.apache.catalina.startup.HostConfig.deployDirectory Deployment of web application directory [C:\Users\Julian\Desktop\sena\DOCUMENTOS\Java\Proyecto\Prueba_crud\complementos\apache-tomcat-9.0.89\webapps\docs] has finished in [36] ms
27-Jun-2024 22:52:05.701 INFO [main] org.apache.catalina.startup.HostConfig.deployDirectory Desplegando el directorio [C:\Users\Julian\Desktop\sena\DOCUMENTOS\Java\Proyecto\Prueba_crud\complementos\apache-tomcat-9.0.89\webapps\examples] de la aplicación web
27-Jun-2024 22:52:06.102 INFO [main] org.apache.catalina.startup.HostConfig.deployDirectory Deployment of web application directory [C:\Users\Julian\Desktop\sena\DOCUMENTOS\Java\Proyecto\Prueba_crud\complementos\apache-tomcat-9.0.89\webapps\examples] has finished in [400] ms
27-Jun-2024 22:52:06.102 INFO [main] org.apache.catalina.startup.HostConfig.deployDirectory Desplegando el directorio [C:\Users\Julian\Desktop\sena\DOCUMENTOS\Java\Proyecto\Prueba_crud\complementos\apache-tomcat-9.0.89\webapps\host-manager] de la aplicación web
27-Jun-2024 22:52:06.148 INFO [main] org.apache.catalina.startup.HostConfig.deployDirectory Deployment of web application directory [C:\Users\Julian\Desktop\sena\DOCUMENTOS\Java\Proyecto\Prueba_crud\complementos\apache-tomcat-9.0.89\webapps\host-manager] has finished in [46] ms
27-Jun-2024 22:52:06.148 INFO [main] org.apache.catalina.startup.HostConfig.deployDirectory Desplegando el directorio [C:\Users\Julian\Desktop\sena\DOCUMENTOS\Java\Proyecto\Prueba_crud\complementos\apache-tomcat-9.0.89\webapps\manager] de la aplicación web
27-Jun-2024 22:52:06.195 INFO [main] org.apache.catalina.startup.HostConfig.deployDirectory Deployment of web application directory [C:\Users\Julian\Desktop\sena\DOCUMENTOS\Java\Proyecto\Prueba_crud\complementos\apache-tomcat-9.0.89\webapps\manager] has finished in [46] ms
27-Jun-2024 22:52:06.195 INFO [main] org.apache.catalina.startup.HostConfig.deployDirectory Desplegando el directorio [C:\Users\Julian\Desktop\sena\DOCUMENTOS\Java\Proyecto\Prueba_crud\complementos\apache-tomcat-9.0.89\webapps\ROOT] de la aplicación web
27-Jun-2024 22:52:06.232 INFO [main] org.apache.catalina.startup.HostConfig.deployDirectory Deployment of web application directory [C:\Users\Julian\Desktop\sena\DOCUMENTOS\Java\Proyecto\Prueba_crud\complementos\apache-tomcat-9.0.89\webapps\ROOT] has finished in [36] ms
27-Jun-2024 22:52:06.237 INFO [main] org.apache.coyote.AbstractProtocol.start Starting ProtocolHandler ["http-nio-8080"]
27-Jun-2024 22:52:06.275 INFO [main] org.apache.catalina.startup.Catalina.start Server startup in [1226] milliseconds
27-Jun-2024 22:52:07.854 INFO [http-nio-8080-exec-5] org.apache.catalina.startup.HostConfig.deployDescriptor Desplieque del descriptor de configuración [C:\Users\Julian\Desktop\sena\DOCUMENTOS\Java\Proyecto\Prueba_crud\complementos\apache-tomcat-9.0.89\conf\Catalina\localhost\prueba.xml]
27-Jun-2024 22:52:07.856 WARNING [http-nio-8080-exec-5] org.apache.catalina.startup.HostConfig.deployDescriptor The path attribute with value [/prueba] in deployment descriptor [C:\Users\Julian\Desktop\sena\DOCUMENTOS\Java\Proyecto\Prueba_crud\complementos\apache-tomcat-9.0.89\conf\Catalina\localhost\prueba.xml] has been ignored
27-Jun-2024 22:52:07.884 INFO [http-nio-8080-exec-5] org.apache.catalina.startup.HostConfig.deployDescriptor Deployment of deployment descriptor [C:\Users\Julian\Desktop\sena\DOCUMENTOS\Java\Proyecto\Prueba_crud\complementos\apache-tomcat-9.0.89\conf\Catalina\localhost\prueba.xml] has finished in [30] ms
27-Jun-2024 22:52:07.888 INFO [http-nio-8080-exec-1] org.apache.catalina.util.LifecycleBase.start The start() method was called on component [StandardEngine[Catalina].StandardHost[localhost].StandardContext[/prueba]] after start() had already been called. The second call will be ignored.
27-Jun-2024 22:58:57.522 INFO [main] org.apache.catalina.core.StandardServer.await Se ha recibido un comando de apagado a través del puerto de apagado. Parando la instancia del Servidor.
27-Jun-2024 22:58:57.523 INFO [main] org.apache.coyote.AbstractProtocol.pause Pausing ProtocolHandler ["http-nio-8080"]
27-Jun-2024 22:58:57.528 INFO [main] org.apache.catalina.core.StandardService.stopInternal Parando servicio [Catalina]
27-Jun-2024 22:58:57.553 INFO [main] org.apache.coyote.AbstractProtocol.stop Stopping ProtocolHandler ["http-nio-8080"]
27-Jun-2024 22:58:57.562 INFO [main] org.apache.coyote.AbstractProtocol.destroy Destroying ProtocolHandler ["http-nio-8080"]
