13-Aug-2024 14:11:59.362 INFO [main] org.apache.catalina.startup.VersionLoggerListener.log Nombre de la versión del servidor: Apache Tomcat/9.0.89
13-Aug-2024 14:11:59.365 INFO [main] org.apache.catalina.startup.VersionLoggerListener.log Server built:                      May 3 2024 20:22:11 UTC
13-Aug-2024 14:11:59.365 INFO [main] org.apache.catalina.startup.VersionLoggerListener.log Número de versión de servidor:     9.0.89.0
13-Aug-2024 14:11:59.365 INFO [main] org.apache.catalina.startup.VersionLoggerListener.log OS Name:                           Windows 11
13-Aug-2024 14:11:59.365 INFO [main] org.apache.catalina.startup.VersionLoggerListener.log Versión de Systema Operativo:      10.0
13-Aug-2024 14:11:59.365 INFO [main] org.apache.catalina.startup.VersionLoggerListener.log Arquitectura:                      amd64
13-Aug-2024 14:11:59.365 INFO [main] org.apache.catalina.startup.VersionLoggerListener.log Java Home:                         C:\Program Files\Java\jdk-22
13-Aug-2024 14:11:59.365 INFO [main] org.apache.catalina.startup.VersionLoggerListener.log JVM Version:                       22.0.1+8-16
13-Aug-2024 14:11:59.365 INFO [main] org.apache.catalina.startup.VersionLoggerListener.log Vededor JVM:                       Oracle Corporation
13-Aug-2024 14:11:59.365 INFO [main] org.apache.catalina.startup.VersionLoggerListener.log CATALINA_BASE:                     C:\Users\Propietario\Documents\NetBeansProjects\PrimeraEquipacion\dependencias\apache-tomcat-9.0.89
13-Aug-2024 14:11:59.366 INFO [main] org.apache.catalina.startup.VersionLoggerListener.log CATALINA_HOME:                     C:\Users\Propietario\Documents\NetBeansProjects\PrimeraEquipacion\dependencias\apache-tomcat-9.0.89
13-Aug-2024 14:11:59.373 INFO [main] org.apache.catalina.startup.VersionLoggerListener.log Command line argument:             --add-opens=java.base/java.lang=ALL-UNNAMED
13-Aug-2024 14:11:59.373 INFO [main] org.apache.catalina.startup.VersionLoggerListener.log Command line argument:             --add-opens=java.base/java.io=ALL-UNNAMED
13-Aug-2024 14:11:59.373 INFO [main] org.apache.catalina.startup.VersionLoggerListener.log Command line argument:             --add-opens=java.base/java.util=ALL-UNNAMED
13-Aug-2024 14:11:59.373 INFO [main] org.apache.catalina.startup.VersionLoggerListener.log Command line argument:             --add-opens=java.base/java.util.concurrent=ALL-UNNAMED
13-Aug-2024 14:11:59.373 INFO [main] org.apache.catalina.startup.VersionLoggerListener.log Command line argument:             --add-opens=java.rmi/sun.rmi.transport=ALL-UNNAMED
13-Aug-2024 14:11:59.373 INFO [main] org.apache.catalina.startup.VersionLoggerListener.log Command line argument:             -Djava.util.logging.config.file=C:\Users\Propietario\Documents\NetBeansProjects\PrimeraEquipacion\dependencias\apache-tomcat-9.0.89\conf\logging.properties
13-Aug-2024 14:11:59.373 INFO [main] org.apache.catalina.startup.VersionLoggerListener.log Command line argument:             -Djava.util.logging.manager=org.apache.juli.ClassLoaderLogManager
13-Aug-2024 14:11:59.374 INFO [main] org.apache.catalina.startup.VersionLoggerListener.log Command line argument:             -Djdk.tls.ephemeralDHKeySize=2048
13-Aug-2024 14:11:59.374 INFO [main] org.apache.catalina.startup.VersionLoggerListener.log Command line argument:             -Djava.protocol.handler.pkgs=org.apache.catalina.webresources
13-Aug-2024 14:11:59.374 INFO [main] org.apache.catalina.startup.VersionLoggerListener.log Command line argument:             -Dignore.endorsed.dirs=
13-Aug-2024 14:11:59.374 INFO [main] org.apache.catalina.startup.VersionLoggerListener.log Command line argument:             -Dcatalina.base=C:\Users\Propietario\Documents\NetBeansProjects\PrimeraEquipacion\dependencias\apache-tomcat-9.0.89
13-Aug-2024 14:11:59.374 INFO [main] org.apache.catalina.startup.VersionLoggerListener.log Command line argument:             -Dcatalina.home=C:\Users\Propietario\Documents\NetBeansProjects\PrimeraEquipacion\dependencias\apache-tomcat-9.0.89
13-Aug-2024 14:11:59.374 INFO [main] org.apache.catalina.startup.VersionLoggerListener.log Command line argument:             -Djava.io.tmpdir=C:\Users\Propietario\Documents\NetBeansProjects\PrimeraEquipacion\dependencias\apache-tomcat-9.0.89\temp
13-Aug-2024 14:11:59.377 INFO [main] org.apache.catalina.core.AprLifecycleListener.lifecycleEvent Cargada la biblioteca nativa APR de Apache Tomcat [1.3.0] con la versión APR [1.7.4].
13-Aug-2024 14:11:59.377 INFO [main] org.apache.catalina.core.AprLifecycleListener.lifecycleEvent Capacidades APR: IPv6 [true], enviar fichero [true], aceptar filtros [false], aleatorio [true], UDS [true].
13-Aug-2024 14:11:59.377 INFO [main] org.apache.catalina.core.AprLifecycleListener.lifecycleEvent APR/OpenSSL configuration: useAprConnector [false], useOpenSSL [true]
13-Aug-2024 14:11:59.384 INFO [main] org.apache.catalina.core.AprLifecycleListener.initializeSSL OpenSSL inicializado correctamente [OpenSSL 3.0.13 30 Jan 2024]
13-Aug-2024 14:11:59.660 INFO [main] org.apache.coyote.AbstractProtocol.init Inicializando el manejador de protocolo ["http-nio-8080"]

13-Aug-2024 14:11:59.683 INFO [main] org.apache.catalina.startup.Catalina.load Server initialization in [500] milliseconds
13-Aug-2024 14:11:59.748 INFO [main] org.apache.catalina.core.StandardService.startInternal Arrancando servicio [Catalina]
13-Aug-2024 14:11:59.748 INFO [main] org.apache.catalina.core.StandardEngine.startInternal Starting Servlet engine: [Apache Tomcat/9.0.89]
13-Aug-2024 14:11:59.757 INFO [main] org.apache.catalina.startup.HostConfig.deployDescriptor Desplieque del descriptor de configuración [C:\Users\Propietario\Documents\NetBeansProjects\PrimeraEquipacion\dependencias\apache-tomcat-9.0.89\conf\Catalina\localhost\PrimeraEquipacion.xml]
13-Aug-2024 14:11:59.771 WARNING [main] org.apache.catalina.startup.HostConfig.deployDescriptor The path attribute with value [/PrimeraEquipacion] in deployment descriptor [C:\Users\Propietario\Documents\NetBeansProjects\PrimeraEquipacion\dependencias\apache-tomcat-9.0.89\conf\Catalina\localhost\PrimeraEquipacion.xml] has been ignored
13-Aug-2024 14:12:00.509 INFO [main] org.apache.jasper.servlet.TldScanner.scanJars Al menos un JAR, que se ha explorado buscando TLDs, aún no contenía TLDs. Activar historial de depuración para este historiador para una completa lista de los JARs que fueron explorados y de los que nos se halló TLDs. Saltarse JARs no necesarios durante la exploración puede dar lugar a una mejora de tiempo significativa en el arranque y compilación de JSP .
13-Aug-2024 14:12:00.569 INFO [main] org.apache.catalina.startup.HostConfig.deployDescriptor Deployment of deployment descriptor [C:\Users\Propietario\Documents\NetBeansProjects\PrimeraEquipacion\dependencias\apache-tomcat-9.0.89\conf\Catalina\localhost\PrimeraEquipacion.xml] has finished in [808] ms
13-Aug-2024 14:12:00.570 INFO [main] org.apache.catalina.startup.HostConfig.deployDescriptor Desplieque del descriptor de configuración [C:\Users\Propietario\Documents\NetBeansProjects\PrimeraEquipacion\dependencias\apache-tomcat-9.0.89\conf\Catalina\localhost\ROOT.xml]
13-Aug-2024 14:12:00.571 WARNING [main] org.apache.catalina.startup.HostConfig.deployDescriptor The path attribute with value [] in deployment descriptor [C:\Users\Propietario\Documents\NetBeansProjects\PrimeraEquipacion\dependencias\apache-tomcat-9.0.89\conf\Catalina\localhost\ROOT.xml] has been ignored
13-Aug-2024 14:12:01.116 INFO [main] org.apache.jasper.servlet.TldScanner.scanJars Al menos un JAR, que se ha explorado buscando TLDs, aún no contenía TLDs. Activar historial de depuración para este historiador para una completa lista de los JARs que fueron explorados y de los que nos se halló TLDs. Saltarse JARs no necesarios durante la exploración puede dar lugar a una mejora de tiempo significativa en el arranque y compilación de JSP .
13-Aug-2024 14:12:01.144 INFO [main] org.apache.catalina.startup.HostConfig.deployDescriptor Deployment of deployment descriptor [C:\Users\Propietario\Documents\NetBeansProjects\PrimeraEquipacion\dependencias\apache-tomcat-9.0.89\conf\Catalina\localhost\ROOT.xml] has finished in [575] ms
13-Aug-2024 14:12:01.146 INFO [main] org.apache.catalina.startup.HostConfig.deployDirectory Desplegando el directorio [C:\Users\Propietario\Documents\NetBeansProjects\PrimeraEquipacion\dependencias\apache-tomcat-9.0.89\webapps\docs] de la aplicación web
13-Aug-2024 14:12:01.175 INFO [main] org.apache.catalina.startup.HostConfig.deployDirectory Deployment of web application directory [C:\Users\Propietario\Documents\NetBeansProjects\PrimeraEquipacion\dependencias\apache-tomcat-9.0.89\webapps\docs] has finished in [29] ms
13-Aug-2024 14:12:01.176 INFO [main] org.apache.catalina.startup.HostConfig.deployDirectory Desplegando el directorio [C:\Users\Propietario\Documents\NetBeansProjects\PrimeraEquipacion\dependencias\apache-tomcat-9.0.89\webapps\examples] de la aplicación web
13-Aug-2024 14:12:01.509 INFO [main] org.apache.catalina.startup.HostConfig.deployDirectory Deployment of web application directory [C:\Users\Propietario\Documents\NetBeansProjects\PrimeraEquipacion\dependencias\apache-tomcat-9.0.89\webapps\examples] has finished in [334] ms
13-Aug-2024 14:12:01.509 INFO [main] org.apache.catalina.startup.HostConfig.deployDirectory Desplegando el directorio [C:\Users\Propietario\Documents\NetBeansProjects\PrimeraEquipacion\dependencias\apache-tomcat-9.0.89\webapps\host-manager] de la aplicación web
13-Aug-2024 14:12:01.543 INFO [main] org.apache.catalina.startup.HostConfig.deployDirectory Deployment of web application directory [C:\Users\Propietario\Documents\NetBeansProjects\PrimeraEquipacion\dependencias\apache-tomcat-9.0.89\webapps\host-manager] has finished in [34] ms
13-Aug-2024 14:12:01.543 INFO [main] org.apache.catalina.startup.HostConfig.deployDirectory Desplegando el directorio [C:\Users\Propietario\Documents\NetBeansProjects\PrimeraEquipacion\dependencias\apache-tomcat-9.0.89\webapps\manager] de la aplicación web
13-Aug-2024 14:12:01.577 INFO [main] org.apache.catalina.startup.HostConfig.deployDirectory Deployment of web application directory [C:\Users\Propietario\Documents\NetBeansProjects\PrimeraEquipacion\dependencias\apache-tomcat-9.0.89\webapps\manager] has finished in [34] ms
13-Aug-2024 14:12:01.582 INFO [main] org.apache.coyote.AbstractProtocol.start Starting ProtocolHandler ["http-nio-8080"]
13-Aug-2024 14:12:01.606 INFO [main] org.apache.catalina.startup.Catalina.start Server startup in [1921] milliseconds
13-Aug-2024 14:12:07.062 INFO [http-nio-8080-exec-10] org.apache.catalina.startup.HostConfig.undeploy Repliegue (undeploy) de la aplicación web que tiene como trayectoria de contexto [/PrimeraEquipacion]
13-Aug-2024 14:12:07.129 INFO [http-nio-8080-exec-7] org.apache.catalina.startup.HostConfig.deployDescriptor Desplieque del descriptor de configuración [C:\Users\Propietario\Documents\NetBeansProjects\PrimeraEquipacion\dependencias\apache-tomcat-9.0.89\conf\Catalina\localhost\PrimeraEquipacion.xml]
13-Aug-2024 14:12:07.130 WARNING [http-nio-8080-exec-7] org.apache.catalina.startup.HostConfig.deployDescriptor The path attribute with value [/PrimeraEquipacion] in deployment descriptor [C:\Users\Propietario\Documents\NetBeansProjects\PrimeraEquipacion\dependencias\apache-tomcat-9.0.89\conf\Catalina\localhost\PrimeraEquipacion.xml] has been ignored
13-Aug-2024 14:12:07.543 INFO [http-nio-8080-exec-7] org.apache.jasper.servlet.TldScanner.scanJars Al menos un JAR, que se ha explorado buscando TLDs, aún no contenía TLDs. Activar historial de depuración para este historiador para una completa lista de los JARs que fueron explorados y de los que nos se halló TLDs. Saltarse JARs no necesarios durante la exploración puede dar lugar a una mejora de tiempo significativa en el arranque y compilación de JSP .
13-Aug-2024 14:12:07.546 INFO [http-nio-8080-exec-7] org.apache.catalina.startup.HostConfig.deployDescriptor Deployment of deployment descriptor [C:\Users\Propietario\Documents\NetBeansProjects\PrimeraEquipacion\dependencias\apache-tomcat-9.0.89\conf\Catalina\localhost\PrimeraEquipacion.xml] has finished in [417] ms
13-Aug-2024 14:14:20.292 INFO [main] org.apache.catalina.core.StandardServer.await Se ha recibido un comando de apagado a través del puerto de apagado. Parando la instancia del Servidor.
13-Aug-2024 14:14:20.293 INFO [main] org.apache.coyote.AbstractProtocol.pause Pausing ProtocolHandler ["http-nio-8080"]
13-Aug-2024 14:14:20.295 INFO [main] org.apache.catalina.core.StandardService.stopInternal Parando servicio [Catalina]
13-Aug-2024 14:14:20.306 WARNING [main] org.apache.catalina.loader.WebappClassLoaderBase.clearReferencesThreads The web application [ROOT] appears to have started a thread named [mysql-cj-abandoned-connection-cleanup] but has failed to stop it. This is very likely to create a memory leak. Stack trace of thread:
 java.base/java.io.WinNTFileSystem.canonicalize0(Native Method)
 java.base/java.io.WinNTFileSystem.canonicalize(WinNTFileSystem.java:496)
 java.base/java.io.File.getCanonicalPath(File.java:626)
 org.apache.catalina.webresources.AbstractFileResourceSet.file(AbstractFileResourceSet.java:94)
 org.apache.catalina.webresources.DirResourceSet.getResource(DirResourceSet.java:94)
 org.apache.catalina.webresources.StandardRoot.getResourceInternal(StandardRoot.java:272)
 org.apache.catalina.webresources.CachedResource.validateResource(CachedResource.java:105)
 org.apache.catalina.webresources.Cache.getResource(Cache.java:96)
 org.apache.catalina.webresources.StandardRoot.getResource(StandardRoot.java:211)
 org.apache.catalina.webresources.StandardRoot.getClassLoaderResource(StandardRoot.java:220)
 org.apache.catalina.loader.WebappClassLoaderBase.findResource(WebappClassLoaderBase.java:872)
 org.apache.catalina.loader.WebappClassLoaderBase.getResource(WebappClassLoaderBase.java:981)
 com.mysql.cj.jdbc.AbandonedConnectionCleanupThread.checkThreadContextClassLoader(AbandonedConnectionCleanupThread.java:117)
 com.mysql.cj.jdbc.AbandonedConnectionCleanupThread.run(AbandonedConnectionCleanupThread.java:84)
 java.base/java.util.concurrent.ThreadPoolExecutor.runWorker(ThreadPoolExecutor.java:1144)
 java.base/java.util.concurrent.ThreadPoolExecutor$Worker.run(ThreadPoolExecutor.java:642)
 java.base/java.lang.Thread.run(Thread.java:1570)
13-Aug-2024 14:14:20.314 WARNING [main] org.apache.catalina.loader.WebappClassLoaderBase.clearReferencesJdbc La aplicación web [PrimeraEquipacion] registró el conductor JDBC [com.mysql.cj.jdbc.Driver] pero falló al anular el registro mientras la aplicación web estaba parada. Para prevenir un fallo de memoria, se ha anulado el registro del conductor JDBC por la fuerza.
13-Aug-2024 14:14:20.314 WARNING [main] org.apache.catalina.loader.WebappClassLoaderBase.clearReferencesThreads The web application [PrimeraEquipacion] appears to have started a thread named [mysql-cj-abandoned-connection-cleanup] but has failed to stop it. This is very likely to create a memory leak. Stack trace of thread:
 java.base/jdk.internal.misc.Unsafe.park(Native Method)
 java.base/java.util.concurrent.locks.LockSupport.parkNanos(LockSupport.java:269)
 java.base/java.util.concurrent.locks.AbstractQueuedSynchronizer$ConditionObject.await(AbstractQueuedSynchronizer.java:1847)
 java.base/java.lang.ref.ReferenceQueue.await(ReferenceQueue.java:71)
 java.base/java.lang.ref.ReferenceQueue.remove0(ReferenceQueue.java:143)
 java.base/java.lang.ref.ReferenceQueue.remove(ReferenceQueue.java:218)
 com.mysql.cj.jdbc.AbandonedConnectionCleanupThread.run(AbandonedConnectionCleanupThread.java:85)
 java.base/java.util.concurrent.ThreadPoolExecutor.runWorker(ThreadPoolExecutor.java:1144)
 java.base/java.util.concurrent.ThreadPoolExecutor$Worker.run(ThreadPoolExecutor.java:642)
 java.base/java.lang.Thread.run(Thread.java:1570)
13-Aug-2024 14:14:20.323 INFO [main] org.apache.coyote.AbstractProtocol.stop Stopping ProtocolHandler ["http-nio-8080"]
13-Aug-2024 14:14:20.331 INFO [main] org.apache.coyote.AbstractProtocol.destroy Destroying ProtocolHandler ["http-nio-8080"]
13-Aug-2024 14:14:23.410 INFO [main] org.apache.catalina.startup.VersionLoggerListener.log Nombre de la versión del servidor: Apache Tomcat/9.0.89
13-Aug-2024 14:14:23.413 INFO [main] org.apache.catalina.startup.VersionLoggerListener.log Server built:                      May 3 2024 20:22:11 UTC
13-Aug-2024 14:14:23.413 INFO [main] org.apache.catalina.startup.VersionLoggerListener.log Número de versión de servidor:     9.0.89.0
13-Aug-2024 14:14:23.413 INFO [main] org.apache.catalina.startup.VersionLoggerListener.log OS Name:                           Windows 11
13-Aug-2024 14:14:23.413 INFO [main] org.apache.catalina.startup.VersionLoggerListener.log Versión de Systema Operativo:      10.0
13-Aug-2024 14:14:23.413 INFO [main] org.apache.catalina.startup.VersionLoggerListener.log Arquitectura:                      amd64
13-Aug-2024 14:14:23.415 INFO [main] org.apache.catalina.startup.VersionLoggerListener.log Java Home:                         C:\Program Files\Java\jdk-22
13-Aug-2024 14:14:23.415 INFO [main] org.apache.catalina.startup.VersionLoggerListener.log JVM Version:                       22.0.1+8-16
13-Aug-2024 14:14:23.415 INFO [main] org.apache.catalina.startup.VersionLoggerListener.log Vededor JVM:                       Oracle Corporation
13-Aug-2024 14:14:23.415 INFO [main] org.apache.catalina.startup.VersionLoggerListener.log CATALINA_BASE:                     C:\Users\Propietario\Documents\NetBeansProjects\PrimeraEquipacion\dependencias\apache-tomcat-9.0.89
13-Aug-2024 14:14:23.415 INFO [main] org.apache.catalina.startup.VersionLoggerListener.log CATALINA_HOME:                     C:\Users\Propietario\Documents\NetBeansProjects\PrimeraEquipacion\dependencias\apache-tomcat-9.0.89
13-Aug-2024 14:14:23.422 INFO [main] org.apache.catalina.startup.VersionLoggerListener.log Command line argument:             --add-opens=java.base/java.lang=ALL-UNNAMED
13-Aug-2024 14:14:23.422 INFO [main] org.apache.catalina.startup.VersionLoggerListener.log Command line argument:             --add-opens=java.base/java.io=ALL-UNNAMED
13-Aug-2024 14:14:23.422 INFO [main] org.apache.catalina.startup.VersionLoggerListener.log Command line argument:             --add-opens=java.base/java.util=ALL-UNNAMED
13-Aug-2024 14:14:23.423 INFO [main] org.apache.catalina.startup.VersionLoggerListener.log Command line argument:             --add-opens=java.base/java.util.concurrent=ALL-UNNAMED
13-Aug-2024 14:14:23.423 INFO [main] org.apache.catalina.startup.VersionLoggerListener.log Command line argument:             --add-opens=java.rmi/sun.rmi.transport=ALL-UNNAMED
13-Aug-2024 14:14:23.423 INFO [main] org.apache.catalina.startup.VersionLoggerListener.log Command line argument:             -Djava.util.logging.config.file=C:\Users\Propietario\Documents\NetBeansProjects\PrimeraEquipacion\dependencias\apache-tomcat-9.0.89\conf\logging.properties
13-Aug-2024 14:14:23.423 INFO [main] org.apache.catalina.startup.VersionLoggerListener.log Command line argument:             -Djava.util.logging.manager=org.apache.juli.ClassLoaderLogManager
13-Aug-2024 14:14:23.423 INFO [main] org.apache.catalina.startup.VersionLoggerListener.log Command line argument:             -Djdk.tls.ephemeralDHKeySize=2048
13-Aug-2024 14:14:23.423 INFO [main] org.apache.catalina.startup.VersionLoggerListener.log Command line argument:             -Djava.protocol.handler.pkgs=org.apache.catalina.webresources
13-Aug-2024 14:14:23.423 INFO [main] org.apache.catalina.startup.VersionLoggerListener.log Command line argument:             -agentlib:jdwp=transport=dt_shmem,address=tomcat_shared_memory_id,server=y,suspend=n
13-Aug-2024 14:14:23.423 INFO [main] org.apache.catalina.startup.VersionLoggerListener.log Command line argument:             -Dignore.endorsed.dirs=
13-Aug-2024 14:14:23.424 INFO [main] org.apache.catalina.startup.VersionLoggerListener.log Command line argument:             -Dcatalina.base=C:\Users\Propietario\Documents\NetBeansProjects\PrimeraEquipacion\dependencias\apache-tomcat-9.0.89
13-Aug-2024 14:14:23.424 INFO [main] org.apache.catalina.startup.VersionLoggerListener.log Command line argument:             -Dcatalina.home=C:\Users\Propietario\Documents\NetBeansProjects\PrimeraEquipacion\dependencias\apache-tomcat-9.0.89
13-Aug-2024 14:14:23.501 INFO [main] org.apache.catalina.startup.VersionLoggerListener.log Command line argument:             -Djava.io.tmpdir=C:\Users\Propietario\Documents\NetBeansProjects\PrimeraEquipacion\dependencias\apache-tomcat-9.0.89\temp
13-Aug-2024 14:14:23.513 INFO [main] org.apache.catalina.core.AprLifecycleListener.lifecycleEvent Cargada la biblioteca nativa APR de Apache Tomcat [1.3.0] con la versión APR [1.7.4].
13-Aug-2024 14:14:23.514 INFO [main] org.apache.catalina.core.AprLifecycleListener.lifecycleEvent Capacidades APR: IPv6 [true], enviar fichero [true], aceptar filtros [false], aleatorio [true], UDS [true].
13-Aug-2024 14:14:23.514 INFO [main] org.apache.catalina.core.AprLifecycleListener.lifecycleEvent APR/OpenSSL configuration: useAprConnector [false], useOpenSSL [true]
13-Aug-2024 14:14:23.526 INFO [main] org.apache.catalina.core.AprLifecycleListener.initializeSSL OpenSSL inicializado correctamente [OpenSSL 3.0.13 30 Jan 2024]
13-Aug-2024 14:14:23.813 INFO [main] org.apache.coyote.AbstractProtocol.init Inicializando el manejador de protocolo ["http-nio-8080"]

13-Aug-2024 14:14:23.833 INFO [main] org.apache.catalina.startup.Catalina.load Server initialization in [630] milliseconds
13-Aug-2024 14:14:23.888 INFO [main] org.apache.catalina.core.StandardService.startInternal Arrancando servicio [Catalina]
13-Aug-2024 14:14:23.888 INFO [main] org.apache.catalina.core.StandardEngine.startInternal Starting Servlet engine: [Apache Tomcat/9.0.89]
13-Aug-2024 14:14:23.898 INFO [main] org.apache.catalina.startup.HostConfig.deployDescriptor Desplieque del descriptor de configuración [C:\Users\Propietario\Documents\NetBeansProjects\PrimeraEquipacion\dependencias\apache-tomcat-9.0.89\conf\Catalina\localhost\PrimeraEquipacion.xml]
13-Aug-2024 14:14:23.913 WARNING [main] org.apache.catalina.startup.HostConfig.deployDescriptor The path attribute with value [/PrimeraEquipacion] in deployment descriptor [C:\Users\Propietario\Documents\NetBeansProjects\PrimeraEquipacion\dependencias\apache-tomcat-9.0.89\conf\Catalina\localhost\PrimeraEquipacion.xml] has been ignored
13-Aug-2024 14:14:24.633 INFO [main] org.apache.jasper.servlet.TldScanner.scanJars Al menos un JAR, que se ha explorado buscando TLDs, aún no contenía TLDs. Activar historial de depuración para este historiador para una completa lista de los JARs que fueron explorados y de los que nos se halló TLDs. Saltarse JARs no necesarios durante la exploración puede dar lugar a una mejora de tiempo significativa en el arranque y compilación de JSP .
13-Aug-2024 14:14:24.698 INFO [main] org.apache.catalina.startup.HostConfig.deployDescriptor Deployment of deployment descriptor [C:\Users\Propietario\Documents\NetBeansProjects\PrimeraEquipacion\dependencias\apache-tomcat-9.0.89\conf\Catalina\localhost\PrimeraEquipacion.xml] has finished in [795] ms
13-Aug-2024 14:14:24.698 INFO [main] org.apache.catalina.startup.HostConfig.deployDescriptor Desplieque del descriptor de configuración [C:\Users\Propietario\Documents\NetBeansProjects\PrimeraEquipacion\dependencias\apache-tomcat-9.0.89\conf\Catalina\localhost\ROOT.xml]
13-Aug-2024 14:14:24.700 WARNING [main] org.apache.catalina.startup.HostConfig.deployDescriptor The path attribute with value [] in deployment descriptor [C:\Users\Propietario\Documents\NetBeansProjects\PrimeraEquipacion\dependencias\apache-tomcat-9.0.89\conf\Catalina\localhost\ROOT.xml] has been ignored
13-Aug-2024 14:14:25.218 INFO [main] org.apache.jasper.servlet.TldScanner.scanJars Al menos un JAR, que se ha explorado buscando TLDs, aún no contenía TLDs. Activar historial de depuración para este historiador para una completa lista de los JARs que fueron explorados y de los que nos se halló TLDs. Saltarse JARs no necesarios durante la exploración puede dar lugar a una mejora de tiempo significativa en el arranque y compilación de JSP .
13-Aug-2024 14:14:25.242 INFO [main] org.apache.catalina.startup.HostConfig.deployDescriptor Deployment of deployment descriptor [C:\Users\Propietario\Documents\NetBeansProjects\PrimeraEquipacion\dependencias\apache-tomcat-9.0.89\conf\Catalina\localhost\ROOT.xml] has finished in [543] ms
13-Aug-2024 14:14:25.242 INFO [main] org.apache.catalina.startup.HostConfig.deployDirectory Desplegando el directorio [C:\Users\Propietario\Documents\NetBeansProjects\PrimeraEquipacion\dependencias\apache-tomcat-9.0.89\webapps\docs] de la aplicación web
13-Aug-2024 14:14:25.277 INFO [main] org.apache.catalina.startup.HostConfig.deployDirectory Deployment of web application directory [C:\Users\Propietario\Documents\NetBeansProjects\PrimeraEquipacion\dependencias\apache-tomcat-9.0.89\webapps\docs] has finished in [35] ms
13-Aug-2024 14:14:25.278 INFO [main] org.apache.catalina.startup.HostConfig.deployDirectory Desplegando el directorio [C:\Users\Propietario\Documents\NetBeansProjects\PrimeraEquipacion\dependencias\apache-tomcat-9.0.89\webapps\examples] de la aplicación web
13-Aug-2024 14:14:25.602 INFO [main] org.apache.catalina.startup.HostConfig.deployDirectory Deployment of web application directory [C:\Users\Propietario\Documents\NetBeansProjects\PrimeraEquipacion\dependencias\apache-tomcat-9.0.89\webapps\examples] has finished in [324] ms
13-Aug-2024 14:14:25.602 INFO [main] org.apache.catalina.startup.HostConfig.deployDirectory Desplegando el directorio [C:\Users\Propietario\Documents\NetBeansProjects\PrimeraEquipacion\dependencias\apache-tomcat-9.0.89\webapps\host-manager] de la aplicación web
13-Aug-2024 14:14:25.643 INFO [main] org.apache.catalina.startup.HostConfig.deployDirectory Deployment of web application directory [C:\Users\Propietario\Documents\NetBeansProjects\PrimeraEquipacion\dependencias\apache-tomcat-9.0.89\webapps\host-manager] has finished in [41] ms
13-Aug-2024 14:14:25.643 INFO [main] org.apache.catalina.startup.HostConfig.deployDirectory Desplegando el directorio [C:\Users\Propietario\Documents\NetBeansProjects\PrimeraEquipacion\dependencias\apache-tomcat-9.0.89\webapps\manager] de la aplicación web
13-Aug-2024 14:14:25.677 INFO [main] org.apache.catalina.startup.HostConfig.deployDirectory Deployment of web application directory [C:\Users\Propietario\Documents\NetBeansProjects\PrimeraEquipacion\dependencias\apache-tomcat-9.0.89\webapps\manager] has finished in [34] ms
13-Aug-2024 14:14:25.681 INFO [main] org.apache.coyote.AbstractProtocol.start Starting ProtocolHandler ["http-nio-8080"]
13-Aug-2024 14:14:25.702 INFO [main] org.apache.catalina.startup.Catalina.start Server startup in [1867] milliseconds
13-Aug-2024 14:14:26.904 INFO [http-nio-8080-exec-2] org.apache.catalina.startup.HostConfig.undeploy Repliegue (undeploy) de la aplicación web que tiene como trayectoria de contexto [/PrimeraEquipacion]
13-Aug-2024 14:14:26.950 INFO [http-nio-8080-exec-3] org.apache.catalina.startup.HostConfig.deployDescriptor Desplieque del descriptor de configuración [C:\Users\Propietario\Documents\NetBeansProjects\PrimeraEquipacion\dependencias\apache-tomcat-9.0.89\conf\Catalina\localhost\PrimeraEquipacion.xml]
13-Aug-2024 14:14:26.951 WARNING [http-nio-8080-exec-3] org.apache.catalina.startup.HostConfig.deployDescriptor The path attribute with value [/PrimeraEquipacion] in deployment descriptor [C:\Users\Propietario\Documents\NetBeansProjects\PrimeraEquipacion\dependencias\apache-tomcat-9.0.89\conf\Catalina\localhost\PrimeraEquipacion.xml] has been ignored
13-Aug-2024 14:14:27.408 INFO [http-nio-8080-exec-3] org.apache.jasper.servlet.TldScanner.scanJars Al menos un JAR, que se ha explorado buscando TLDs, aún no contenía TLDs. Activar historial de depuración para este historiador para una completa lista de los JARs que fueron explorados y de los que nos se halló TLDs. Saltarse JARs no necesarios durante la exploración puede dar lugar a una mejora de tiempo significativa en el arranque y compilación de JSP .
13-Aug-2024 14:14:27.412 INFO [http-nio-8080-exec-3] org.apache.catalina.startup.HostConfig.deployDescriptor Deployment of deployment descriptor [C:\Users\Propietario\Documents\NetBeansProjects\PrimeraEquipacion\dependencias\apache-tomcat-9.0.89\conf\Catalina\localhost\PrimeraEquipacion.xml] has finished in [461] ms
13-Aug-2024 14:14:27.415 INFO [http-nio-8080-exec-9] org.apache.catalina.util.LifecycleBase.start The start() method was called on component [StandardEngine[Catalina].StandardHost[localhost].StandardContext[/PrimeraEquipacion]] after start() had already been called. The second call will be ignored.
13-Aug-2024 16:24:00.749 INFO [main] org.apache.catalina.core.StandardServer.await Se ha recibido un comando de apagado a través del puerto de apagado. Parando la instancia del Servidor.
13-Aug-2024 16:24:00.750 INFO [main] org.apache.coyote.AbstractProtocol.pause Pausing ProtocolHandler ["http-nio-8080"]
13-Aug-2024 16:24:00.752 INFO [main] org.apache.catalina.core.StandardService.stopInternal Parando servicio [Catalina]
13-Aug-2024 16:24:00.763 WARNING [main] org.apache.catalina.loader.WebappClassLoaderBase.clearReferencesThreads The web application [ROOT] appears to have started a thread named [mysql-cj-abandoned-connection-cleanup] but has failed to stop it. This is very likely to create a memory leak. Stack trace of thread:
 java.base/java.io.WinNTFileSystem.canonicalize0(Native Method)
 java.base/java.io.WinNTFileSystem.canonicalize(WinNTFileSystem.java:496)
 java.base/java.io.File.getCanonicalPath(File.java:626)
 org.apache.catalina.webresources.AbstractFileResourceSet.file(AbstractFileResourceSet.java:94)
 org.apache.catalina.webresources.DirResourceSet.getResource(DirResourceSet.java:94)
 org.apache.catalina.webresources.StandardRoot.getResourceInternal(StandardRoot.java:272)
 org.apache.catalina.webresources.CachedResource.validateResource(CachedResource.java:105)
 org.apache.catalina.webresources.Cache.getResource(Cache.java:96)
 org.apache.catalina.webresources.StandardRoot.getResource(StandardRoot.java:211)
 org.apache.catalina.webresources.StandardRoot.getClassLoaderResource(StandardRoot.java:220)
 org.apache.catalina.loader.WebappClassLoaderBase.findResource(WebappClassLoaderBase.java:872)
 org.apache.catalina.loader.WebappClassLoaderBase.getResource(WebappClassLoaderBase.java:981)
 com.mysql.cj.jdbc.AbandonedConnectionCleanupThread.checkThreadContextClassLoader(AbandonedConnectionCleanupThread.java:117)
 com.mysql.cj.jdbc.AbandonedConnectionCleanupThread.run(AbandonedConnectionCleanupThread.java:84)
 java.base/java.util.concurrent.ThreadPoolExecutor.runWorker(ThreadPoolExecutor.java:1144)
 java.base/java.util.concurrent.ThreadPoolExecutor$Worker.run(ThreadPoolExecutor.java:642)
 java.base/java.lang.Thread.run(Thread.java:1570)
13-Aug-2024 16:24:00.767 WARNING [main] org.apache.catalina.loader.WebappClassLoaderBase.clearReferencesJdbc La aplicación web [PrimeraEquipacion] registró el conductor JDBC [com.mysql.cj.jdbc.Driver] pero falló al anular el registro mientras la aplicación web estaba parada. Para prevenir un fallo de memoria, se ha anulado el registro del conductor JDBC por la fuerza.
13-Aug-2024 16:24:00.767 WARNING [main] org.apache.catalina.loader.WebappClassLoaderBase.clearReferencesThreads The web application [PrimeraEquipacion] appears to have started a thread named [mysql-cj-abandoned-connection-cleanup] but has failed to stop it. This is very likely to create a memory leak. Stack trace of thread:
 java.base/jdk.internal.misc.Unsafe.park(Native Method)
 java.base/java.util.concurrent.locks.LockSupport.parkNanos(LockSupport.java:269)
 java.base/java.util.concurrent.locks.AbstractQueuedSynchronizer$ConditionObject.await(AbstractQueuedSynchronizer.java:1847)
 java.base/java.lang.ref.ReferenceQueue.await(ReferenceQueue.java:71)
 java.base/java.lang.ref.ReferenceQueue.remove0(ReferenceQueue.java:143)
 java.base/java.lang.ref.ReferenceQueue.remove(ReferenceQueue.java:218)
 com.mysql.cj.jdbc.AbandonedConnectionCleanupThread.run(AbandonedConnectionCleanupThread.java:85)
 java.base/java.util.concurrent.ThreadPoolExecutor.runWorker(ThreadPoolExecutor.java:1144)
 java.base/java.util.concurrent.ThreadPoolExecutor$Worker.run(ThreadPoolExecutor.java:642)
 java.base/java.lang.Thread.run(Thread.java:1570)
13-Aug-2024 16:24:00.778 INFO [main] org.apache.coyote.AbstractProtocol.stop Stopping ProtocolHandler ["http-nio-8080"]
13-Aug-2024 16:24:00.788 INFO [main] org.apache.coyote.AbstractProtocol.destroy Destroying ProtocolHandler ["http-nio-8080"]
13-Aug-2024 16:24:17.870 INFO [main] org.apache.catalina.startup.VersionLoggerListener.log Nombre de la versión del servidor: Apache Tomcat/9.0.89
13-Aug-2024 16:24:17.873 INFO [main] org.apache.catalina.startup.VersionLoggerListener.log Server built:                      May 3 2024 20:22:11 UTC
13-Aug-2024 16:24:17.873 INFO [main] org.apache.catalina.startup.VersionLoggerListener.log Número de versión de servidor:     9.0.89.0
13-Aug-2024 16:24:17.873 INFO [main] org.apache.catalina.startup.VersionLoggerListener.log OS Name:                           Windows 11
13-Aug-2024 16:24:17.873 INFO [main] org.apache.catalina.startup.VersionLoggerListener.log Versión de Systema Operativo:      10.0
13-Aug-2024 16:24:17.873 INFO [main] org.apache.catalina.startup.VersionLoggerListener.log Arquitectura:                      amd64
13-Aug-2024 16:24:17.873 INFO [main] org.apache.catalina.startup.VersionLoggerListener.log Java Home:                         C:\Program Files\Java\jdk-22
13-Aug-2024 16:24:17.873 INFO [main] org.apache.catalina.startup.VersionLoggerListener.log JVM Version:                       22.0.1+8-16
13-Aug-2024 16:24:17.874 INFO [main] org.apache.catalina.startup.VersionLoggerListener.log Vededor JVM:                       Oracle Corporation
13-Aug-2024 16:24:17.874 INFO [main] org.apache.catalina.startup.VersionLoggerListener.log CATALINA_BASE:                     C:\Users\Propietario\Documents\NetBeansProjects\PrimeraEquipacion\dependencias\apache-tomcat-9.0.89
13-Aug-2024 16:24:17.874 INFO [main] org.apache.catalina.startup.VersionLoggerListener.log CATALINA_HOME:                     C:\Users\Propietario\Documents\NetBeansProjects\PrimeraEquipacion\dependencias\apache-tomcat-9.0.89
13-Aug-2024 16:24:17.880 INFO [main] org.apache.catalina.startup.VersionLoggerListener.log Command line argument:             --add-opens=java.base/java.lang=ALL-UNNAMED
13-Aug-2024 16:24:17.881 INFO [main] org.apache.catalina.startup.VersionLoggerListener.log Command line argument:             --add-opens=java.base/java.io=ALL-UNNAMED
13-Aug-2024 16:24:17.881 INFO [main] org.apache.catalina.startup.VersionLoggerListener.log Command line argument:             --add-opens=java.base/java.util=ALL-UNNAMED
13-Aug-2024 16:24:17.881 INFO [main] org.apache.catalina.startup.VersionLoggerListener.log Command line argument:             --add-opens=java.base/java.util.concurrent=ALL-UNNAMED
13-Aug-2024 16:24:17.881 INFO [main] org.apache.catalina.startup.VersionLoggerListener.log Command line argument:             --add-opens=java.rmi/sun.rmi.transport=ALL-UNNAMED
13-Aug-2024 16:24:17.881 INFO [main] org.apache.catalina.startup.VersionLoggerListener.log Command line argument:             -Djava.util.logging.config.file=C:\Users\Propietario\Documents\NetBeansProjects\PrimeraEquipacion\dependencias\apache-tomcat-9.0.89\conf\logging.properties
13-Aug-2024 16:24:17.881 INFO [main] org.apache.catalina.startup.VersionLoggerListener.log Command line argument:             -Djava.util.logging.manager=org.apache.juli.ClassLoaderLogManager
13-Aug-2024 16:24:17.881 INFO [main] org.apache.catalina.startup.VersionLoggerListener.log Command line argument:             -Djdk.tls.ephemeralDHKeySize=2048
13-Aug-2024 16:24:17.881 INFO [main] org.apache.catalina.startup.VersionLoggerListener.log Command line argument:             -Djava.protocol.handler.pkgs=org.apache.catalina.webresources
13-Aug-2024 16:24:17.881 INFO [main] org.apache.catalina.startup.VersionLoggerListener.log Command line argument:             -Dignore.endorsed.dirs=
13-Aug-2024 16:24:17.881 INFO [main] org.apache.catalina.startup.VersionLoggerListener.log Command line argument:             -Dcatalina.base=C:\Users\Propietario\Documents\NetBeansProjects\PrimeraEquipacion\dependencias\apache-tomcat-9.0.89
13-Aug-2024 16:24:17.881 INFO [main] org.apache.catalina.startup.VersionLoggerListener.log Command line argument:             -Dcatalina.home=C:\Users\Propietario\Documents\NetBeansProjects\PrimeraEquipacion\dependencias\apache-tomcat-9.0.89
13-Aug-2024 16:24:17.881 INFO [main] org.apache.catalina.startup.VersionLoggerListener.log Command line argument:             -Djava.io.tmpdir=C:\Users\Propietario\Documents\NetBeansProjects\PrimeraEquipacion\dependencias\apache-tomcat-9.0.89\temp
13-Aug-2024 16:24:17.941 INFO [main] org.apache.catalina.core.AprLifecycleListener.lifecycleEvent Cargada la biblioteca nativa APR de Apache Tomcat [1.3.0] con la versión APR [1.7.4].
13-Aug-2024 16:24:17.941 INFO [main] org.apache.catalina.core.AprLifecycleListener.lifecycleEvent Capacidades APR: IPv6 [true], enviar fichero [true], aceptar filtros [false], aleatorio [true], UDS [true].
13-Aug-2024 16:24:17.941 INFO [main] org.apache.catalina.core.AprLifecycleListener.lifecycleEvent APR/OpenSSL configuration: useAprConnector [false], useOpenSSL [true]
13-Aug-2024 16:24:17.965 INFO [main] org.apache.catalina.core.AprLifecycleListener.initializeSSL OpenSSL inicializado correctamente [OpenSSL 3.0.13 30 Jan 2024]
13-Aug-2024 16:24:18.268 INFO [main] org.apache.coyote.AbstractProtocol.init Inicializando el manejador de protocolo ["http-nio-8080"]

13-Aug-2024 16:24:18.284 INFO [main] org.apache.catalina.startup.Catalina.load Server initialization in [584] milliseconds
13-Aug-2024 16:24:18.331 INFO [main] org.apache.catalina.core.StandardService.startInternal Arrancando servicio [Catalina]
13-Aug-2024 16:24:18.331 INFO [main] org.apache.catalina.core.StandardEngine.startInternal Starting Servlet engine: [Apache Tomcat/9.0.89]
13-Aug-2024 16:24:18.338 INFO [main] org.apache.catalina.startup.HostConfig.deployDescriptor Desplieque del descriptor de configuración [C:\Users\Propietario\Documents\NetBeansProjects\PrimeraEquipacion\dependencias\apache-tomcat-9.0.89\conf\Catalina\localhost\PrimeraEquipacion.xml]
13-Aug-2024 16:24:18.350 WARNING [main] org.apache.catalina.startup.HostConfig.deployDescriptor The path attribute with value [/PrimeraEquipacion] in deployment descriptor [C:\Users\Propietario\Documents\NetBeansProjects\PrimeraEquipacion\dependencias\apache-tomcat-9.0.89\conf\Catalina\localhost\PrimeraEquipacion.xml] has been ignored
13-Aug-2024 16:24:19.015 INFO [main] org.apache.jasper.servlet.TldScanner.scanJars Al menos un JAR, que se ha explorado buscando TLDs, aún no contenía TLDs. Activar historial de depuración para este historiador para una completa lista de los JARs que fueron explorados y de los que nos se halló TLDs. Saltarse JARs no necesarios durante la exploración puede dar lugar a una mejora de tiempo significativa en el arranque y compilación de JSP .
13-Aug-2024 16:24:19.081 INFO [main] org.apache.catalina.startup.HostConfig.deployDescriptor Deployment of deployment descriptor [C:\Users\Propietario\Documents\NetBeansProjects\PrimeraEquipacion\dependencias\apache-tomcat-9.0.89\conf\Catalina\localhost\PrimeraEquipacion.xml] has finished in [742] ms
13-Aug-2024 16:24:19.081 INFO [main] org.apache.catalina.startup.HostConfig.deployDescriptor Desplieque del descriptor de configuración [C:\Users\Propietario\Documents\NetBeansProjects\PrimeraEquipacion\dependencias\apache-tomcat-9.0.89\conf\Catalina\localhost\ROOT.xml]
13-Aug-2024 16:24:19.082 WARNING [main] org.apache.catalina.startup.HostConfig.deployDescriptor The path attribute with value [] in deployment descriptor [C:\Users\Propietario\Documents\NetBeansProjects\PrimeraEquipacion\dependencias\apache-tomcat-9.0.89\conf\Catalina\localhost\ROOT.xml] has been ignored
13-Aug-2024 16:24:19.604 INFO [main] org.apache.jasper.servlet.TldScanner.scanJars Al menos un JAR, que se ha explorado buscando TLDs, aún no contenía TLDs. Activar historial de depuración para este historiador para una completa lista de los JARs que fueron explorados y de los que nos se halló TLDs. Saltarse JARs no necesarios durante la exploración puede dar lugar a una mejora de tiempo significativa en el arranque y compilación de JSP .
13-Aug-2024 16:24:19.626 INFO [main] org.apache.catalina.startup.HostConfig.deployDescriptor Deployment of deployment descriptor [C:\Users\Propietario\Documents\NetBeansProjects\PrimeraEquipacion\dependencias\apache-tomcat-9.0.89\conf\Catalina\localhost\ROOT.xml] has finished in [545] ms
13-Aug-2024 16:24:19.627 INFO [main] org.apache.catalina.startup.HostConfig.deployDirectory Desplegando el directorio [C:\Users\Propietario\Documents\NetBeansProjects\PrimeraEquipacion\dependencias\apache-tomcat-9.0.89\webapps\docs] de la aplicación web
13-Aug-2024 16:24:19.656 INFO [main] org.apache.catalina.startup.HostConfig.deployDirectory Deployment of web application directory [C:\Users\Propietario\Documents\NetBeansProjects\PrimeraEquipacion\dependencias\apache-tomcat-9.0.89\webapps\docs] has finished in [29] ms
13-Aug-2024 16:24:19.656 INFO [main] org.apache.catalina.startup.HostConfig.deployDirectory Desplegando el directorio [C:\Users\Propietario\Documents\NetBeansProjects\PrimeraEquipacion\dependencias\apache-tomcat-9.0.89\webapps\examples] de la aplicación web
13-Aug-2024 16:24:19.963 INFO [main] org.apache.catalina.startup.HostConfig.deployDirectory Deployment of web application directory [C:\Users\Propietario\Documents\NetBeansProjects\PrimeraEquipacion\dependencias\apache-tomcat-9.0.89\webapps\examples] has finished in [306] ms
13-Aug-2024 16:24:19.963 INFO [main] org.apache.catalina.startup.HostConfig.deployDirectory Desplegando el directorio [C:\Users\Propietario\Documents\NetBeansProjects\PrimeraEquipacion\dependencias\apache-tomcat-9.0.89\webapps\host-manager] de la aplicación web
13-Aug-2024 16:24:20.001 INFO [main] org.apache.catalina.startup.HostConfig.deployDirectory Deployment of web application directory [C:\Users\Propietario\Documents\NetBeansProjects\PrimeraEquipacion\dependencias\apache-tomcat-9.0.89\webapps\host-manager] has finished in [38] ms
13-Aug-2024 16:24:20.001 INFO [main] org.apache.catalina.startup.HostConfig.deployDirectory Desplegando el directorio [C:\Users\Propietario\Documents\NetBeansProjects\PrimeraEquipacion\dependencias\apache-tomcat-9.0.89\webapps\manager] de la aplicación web
13-Aug-2024 16:24:20.045 INFO [main] org.apache.catalina.startup.HostConfig.deployDirectory Deployment of web application directory [C:\Users\Propietario\Documents\NetBeansProjects\PrimeraEquipacion\dependencias\apache-tomcat-9.0.89\webapps\manager] has finished in [44] ms
13-Aug-2024 16:24:20.049 INFO [main] org.apache.coyote.AbstractProtocol.start Starting ProtocolHandler ["http-nio-8080"]
13-Aug-2024 16:24:20.066 INFO [main] org.apache.catalina.startup.Catalina.start Server startup in [1780] milliseconds
