10-Jul-2024 12:50:25.096 INFO [main] org.apache.catalina.startup.VersionLoggerListener.log Nombre de la versión del servidor: Apache Tomcat/9.0.89
10-Jul-2024 12:50:25.099 INFO [main] org.apache.catalina.startup.VersionLoggerListener.log Server built:                      May 3 2024 20:22:11 UTC
10-Jul-2024 12:50:25.100 INFO [main] org.apache.catalina.startup.VersionLoggerListener.log Número de versión de servidor:     9.0.89.0
10-Jul-2024 12:50:25.100 INFO [main] org.apache.catalina.startup.VersionLoggerListener.log OS Name:                           Windows 11
10-Jul-2024 12:50:25.100 INFO [main] org.apache.catalina.startup.VersionLoggerListener.log Versión de Systema Operativo:      10.0
10-Jul-2024 12:50:25.100 INFO [main] org.apache.catalina.startup.VersionLoggerListener.log Arquitectura:                      amd64
10-Jul-2024 12:50:25.100 INFO [main] org.apache.catalina.startup.VersionLoggerListener.log Java Home:                         C:\Program Files\Java\jdk-22
10-Jul-2024 12:50:25.100 INFO [main] org.apache.catalina.startup.VersionLoggerListener.log JVM Version:                       22.0.1+8-16
10-Jul-2024 12:50:25.100 INFO [main] org.apache.catalina.startup.VersionLoggerListener.log Vededor JVM:                       Oracle Corporation
10-Jul-2024 12:50:25.100 INFO [main] org.apache.catalina.startup.VersionLoggerListener.log CATALINA_BASE:                     C:\Users\Propietario\Documents\NetBeansProjects\PrimeraEquipacion\dependencias\apache-tomcat-9.0.89
10-Jul-2024 12:50:25.100 INFO [main] org.apache.catalina.startup.VersionLoggerListener.log CATALINA_HOME:                     C:\Users\Propietario\Documents\NetBeansProjects\PrimeraEquipacion\dependencias\apache-tomcat-9.0.89
10-Jul-2024 12:50:25.106 INFO [main] org.apache.catalina.startup.VersionLoggerListener.log Command line argument:             --add-opens=java.base/java.lang=ALL-UNNAMED
10-Jul-2024 12:50:25.106 INFO [main] org.apache.catalina.startup.VersionLoggerListener.log Command line argument:             --add-opens=java.base/java.io=ALL-UNNAMED
10-Jul-2024 12:50:25.107 INFO [main] org.apache.catalina.startup.VersionLoggerListener.log Command line argument:             --add-opens=java.base/java.util=ALL-UNNAMED
10-Jul-2024 12:50:25.107 INFO [main] org.apache.catalina.startup.VersionLoggerListener.log Command line argument:             --add-opens=java.base/java.util.concurrent=ALL-UNNAMED
10-Jul-2024 12:50:25.107 INFO [main] org.apache.catalina.startup.VersionLoggerListener.log Command line argument:             --add-opens=java.rmi/sun.rmi.transport=ALL-UNNAMED
10-Jul-2024 12:50:25.107 INFO [main] org.apache.catalina.startup.VersionLoggerListener.log Command line argument:             -Djava.util.logging.config.file=C:\Users\Propietario\Documents\NetBeansProjects\PrimeraEquipacion\dependencias\apache-tomcat-9.0.89\conf\logging.properties
10-Jul-2024 12:50:25.107 INFO [main] org.apache.catalina.startup.VersionLoggerListener.log Command line argument:             -Djava.util.logging.manager=org.apache.juli.ClassLoaderLogManager
10-Jul-2024 12:50:25.107 INFO [main] org.apache.catalina.startup.VersionLoggerListener.log Command line argument:             -Djdk.tls.ephemeralDHKeySize=2048
10-Jul-2024 12:50:25.107 INFO [main] org.apache.catalina.startup.VersionLoggerListener.log Command line argument:             -Djava.protocol.handler.pkgs=org.apache.catalina.webresources
10-Jul-2024 12:50:25.107 INFO [main] org.apache.catalina.startup.VersionLoggerListener.log Command line argument:             -Dignore.endorsed.dirs=
10-Jul-2024 12:50:25.107 INFO [main] org.apache.catalina.startup.VersionLoggerListener.log Command line argument:             -Dcatalina.base=C:\Users\Propietario\Documents\NetBeansProjects\PrimeraEquipacion\dependencias\apache-tomcat-9.0.89
10-Jul-2024 12:50:25.107 INFO [main] org.apache.catalina.startup.VersionLoggerListener.log Command line argument:             -Dcatalina.home=C:\Users\Propietario\Documents\NetBeansProjects\PrimeraEquipacion\dependencias\apache-tomcat-9.0.89
10-Jul-2024 12:50:25.107 INFO [main] org.apache.catalina.startup.VersionLoggerListener.log Command line argument:             -Djava.io.tmpdir=C:\Users\Propietario\Documents\NetBeansProjects\PrimeraEquipacion\dependencias\apache-tomcat-9.0.89\temp
10-Jul-2024 12:50:25.149 INFO [main] org.apache.catalina.core.AprLifecycleListener.lifecycleEvent Cargada la biblioteca nativa APR de Apache Tomcat [1.3.0] con la versión APR [1.7.4].
10-Jul-2024 12:50:25.149 INFO [main] org.apache.catalina.core.AprLifecycleListener.lifecycleEvent Capacidades APR: IPv6 [true], enviar fichero [true], aceptar filtros [false], aleatorio [true], UDS [true].
10-Jul-2024 12:50:25.149 INFO [main] org.apache.catalina.core.AprLifecycleListener.lifecycleEvent APR/OpenSSL configuration: useAprConnector [false], useOpenSSL [true]
10-Jul-2024 12:50:25.156 INFO [main] org.apache.catalina.core.AprLifecycleListener.initializeSSL OpenSSL inicializado correctamente [OpenSSL 3.0.13 30 Jan 2024]
10-Jul-2024 12:50:25.486 INFO [main] org.apache.coyote.AbstractProtocol.init Inicializando el manejador de protocolo ["http-nio-8080"]

10-Jul-2024 12:50:25.506 INFO [main] org.apache.catalina.startup.Catalina.load Server initialization in [578] milliseconds
10-Jul-2024 12:50:25.546 INFO [main] org.apache.catalina.core.StandardService.startInternal Arrancando servicio [Catalina]
10-Jul-2024 12:50:25.546 INFO [main] org.apache.catalina.core.StandardEngine.startInternal Starting Servlet engine: [Apache Tomcat/9.0.89]
10-Jul-2024 12:50:25.552 INFO [main] org.apache.catalina.startup.HostConfig.deployDescriptor Desplieque del descriptor de configuración [C:\Users\Propietario\Documents\NetBeansProjects\PrimeraEquipacion\dependencias\apache-tomcat-9.0.89\conf\Catalina\localhost\PrimeraEquipacion.xml]
10-Jul-2024 12:50:25.563 WARNING [main] org.apache.catalina.startup.HostConfig.deployDescriptor The path attribute with value [/PrimeraEquipacion] in deployment descriptor [C:\Users\Propietario\Documents\NetBeansProjects\PrimeraEquipacion\dependencias\apache-tomcat-9.0.89\conf\Catalina\localhost\PrimeraEquipacion.xml] has been ignored
10-Jul-2024 12:50:25.585 SEVERE [main] org.apache.catalina.startup.HostConfig.deployDescriptor Error durante el despliegue del descriptor de configuración [C:\Users\Propietario\Documents\NetBeansProjects\PrimeraEquipacion\dependencias\apache-tomcat-9.0.89\conf\Catalina\localhost\PrimeraEquipacion.xml]
	java.lang.IllegalStateException: Error starting child
		at org.apache.catalina.core.ContainerBase.addChildInternal(ContainerBase.java:602)
		at org.apache.catalina.core.ContainerBase.addChild(ContainerBase.java:571)
		at org.apache.catalina.core.StandardHost.addChild(StandardHost.java:603)
		at org.apache.catalina.startup.HostConfig.deployDescriptor(HostConfig.java:680)
		at org.apache.catalina.startup.HostConfig$DeployDescriptor.run(HostConfig.java:1844)
		at java.base/java.util.concurrent.Executors$RunnableAdapter.call(Executors.java:572)
		at java.base/java.util.concurrent.FutureTask.run(FutureTask.java:317)
		at org.apache.tomcat.util.threads.InlineExecutorService.execute(InlineExecutorService.java:75)
		at java.base/java.util.concurrent.AbstractExecutorService.submit(AbstractExecutorService.java:123)
		at org.apache.catalina.startup.HostConfig.deployDescriptors(HostConfig.java:575)
		at org.apache.catalina.startup.HostConfig.deployApps(HostConfig.java:466)
		at org.apache.catalina.startup.HostConfig.start(HostConfig.java:1584)
		at org.apache.catalina.startup.HostConfig.lifecycleEvent(HostConfig.java:312)
		at org.apache.catalina.util.LifecycleBase.fireLifecycleEvent(LifecycleBase.java:114)
		at org.apache.catalina.util.LifecycleBase.setStateInternal(LifecycleBase.java:402)
		at org.apache.catalina.util.LifecycleBase.setState(LifecycleBase.java:345)
		at org.apache.catalina.core.ContainerBase.startInternal(ContainerBase.java:776)
		at org.apache.catalina.core.StandardHost.startInternal(StandardHost.java:721)
		at org.apache.catalina.util.LifecycleBase.start(LifecycleBase.java:171)
		at org.apache.catalina.core.ContainerBase$StartChild.call(ContainerBase.java:1203)
		at org.apache.catalina.core.ContainerBase$StartChild.call(ContainerBase.java:1193)
		at java.base/java.util.concurrent.FutureTask.run(FutureTask.java:317)
		at org.apache.tomcat.util.threads.InlineExecutorService.execute(InlineExecutorService.java:75)
		at java.base/java.util.concurrent.AbstractExecutorService.submit(AbstractExecutorService.java:145)
		at org.apache.catalina.core.ContainerBase.startInternal(ContainerBase.java:749)
		at org.apache.catalina.core.StandardEngine.startInternal(StandardEngine.java:211)
		at org.apache.catalina.util.LifecycleBase.start(LifecycleBase.java:171)
		at org.apache.catalina.core.StandardService.startInternal(StandardService.java:415)
		at org.apache.catalina.util.LifecycleBase.start(LifecycleBase.java:171)
		at org.apache.catalina.core.StandardServer.startInternal(StandardServer.java:878)
		at org.apache.catalina.util.LifecycleBase.start(LifecycleBase.java:171)
		at org.apache.catalina.startup.Catalina.start(Catalina.java:735)
		at java.base/jdk.internal.reflect.DirectMethodHandleAccessor.invoke(DirectMethodHandleAccessor.java:103)
		at java.base/java.lang.reflect.Method.invoke(Method.java:580)
		at org.apache.catalina.startup.Bootstrap.start(Bootstrap.java:345)
		at org.apache.catalina.startup.Bootstrap.main(Bootstrap.java:473)
	Caused by: org.apache.catalina.LifecycleException: Failed to start component [org.apache.catalina.webresources.StandardRoot@2b9ed6da]
		at org.apache.catalina.util.LifecycleBase.handleSubClassException(LifecycleBase.java:419)
		at org.apache.catalina.util.LifecycleBase.start(LifecycleBase.java:186)
		at org.apache.catalina.core.StandardContext.resourcesStart(StandardContext.java:4120)
		at org.apache.catalina.core.StandardContext.startInternal(StandardContext.java:4242)
		at org.apache.catalina.util.LifecycleBase.start(LifecycleBase.java:171)
		at org.apache.catalina.core.ContainerBase.addChildInternal(ContainerBase.java:599)
		... 35 more
	Caused by: java.lang.IllegalArgumentException: The main resource set specified [C:\Users\Julian\Documents\NetBeansProjects\PrimeraEquipacion\build\web] is not a directory or war file, or is not readable (it does not exist or permissions to access it are missing)
		at org.apache.catalina.webresources.StandardRoot.createMainResourceSet(StandardRoot.java:749)
		at org.apache.catalina.webresources.StandardRoot.startInternal(StandardRoot.java:707)
		at org.apache.catalina.util.LifecycleBase.start(LifecycleBase.java:171)
		... 39 more
10-Jul-2024 12:50:25.629 INFO [main] org.apache.catalina.startup.HostConfig.deployDescriptor Deployment of deployment descriptor [C:\Users\Propietario\Documents\NetBeansProjects\PrimeraEquipacion\dependencias\apache-tomcat-9.0.89\conf\Catalina\localhost\PrimeraEquipacion.xml] has finished in [74] ms
10-Jul-2024 12:50:25.629 INFO [main] org.apache.catalina.startup.HostConfig.deployDescriptor Desplieque del descriptor de configuración [C:\Users\Propietario\Documents\NetBeansProjects\PrimeraEquipacion\dependencias\apache-tomcat-9.0.89\conf\Catalina\localhost\prueba.xml]
10-Jul-2024 12:50:25.629 WARNING [main] org.apache.catalina.startup.HostConfig.deployDescriptor The path attribute with value [/prueba] in deployment descriptor [C:\Users\Propietario\Documents\NetBeansProjects\PrimeraEquipacion\dependencias\apache-tomcat-9.0.89\conf\Catalina\localhost\prueba.xml] has been ignored
10-Jul-2024 12:50:25.634 SEVERE [main] org.apache.catalina.startup.HostConfig.deployDescriptor Error durante el despliegue del descriptor de configuración [C:\Users\Propietario\Documents\NetBeansProjects\PrimeraEquipacion\dependencias\apache-tomcat-9.0.89\conf\Catalina\localhost\prueba.xml]
	java.lang.IllegalStateException: Error starting child
		at org.apache.catalina.core.ContainerBase.addChildInternal(ContainerBase.java:602)
		at org.apache.catalina.core.ContainerBase.addChild(ContainerBase.java:571)
		at org.apache.catalina.core.StandardHost.addChild(StandardHost.java:603)
		at org.apache.catalina.startup.HostConfig.deployDescriptor(HostConfig.java:680)
		at org.apache.catalina.startup.HostConfig$DeployDescriptor.run(HostConfig.java:1844)
		at java.base/java.util.concurrent.Executors$RunnableAdapter.call(Executors.java:572)
		at java.base/java.util.concurrent.FutureTask.run(FutureTask.java:317)
		at org.apache.tomcat.util.threads.InlineExecutorService.execute(InlineExecutorService.java:75)
		at java.base/java.util.concurrent.AbstractExecutorService.submit(AbstractExecutorService.java:123)
		at org.apache.catalina.startup.HostConfig.deployDescriptors(HostConfig.java:575)
		at org.apache.catalina.startup.HostConfig.deployApps(HostConfig.java:466)
		at org.apache.catalina.startup.HostConfig.start(HostConfig.java:1584)
		at org.apache.catalina.startup.HostConfig.lifecycleEvent(HostConfig.java:312)
		at org.apache.catalina.util.LifecycleBase.fireLifecycleEvent(LifecycleBase.java:114)
		at org.apache.catalina.util.LifecycleBase.setStateInternal(LifecycleBase.java:402)
		at org.apache.catalina.util.LifecycleBase.setState(LifecycleBase.java:345)
		at org.apache.catalina.core.ContainerBase.startInternal(ContainerBase.java:776)
		at org.apache.catalina.core.StandardHost.startInternal(StandardHost.java:721)
		at org.apache.catalina.util.LifecycleBase.start(LifecycleBase.java:171)
		at org.apache.catalina.core.ContainerBase$StartChild.call(ContainerBase.java:1203)
		at org.apache.catalina.core.ContainerBase$StartChild.call(ContainerBase.java:1193)
		at java.base/java.util.concurrent.FutureTask.run(FutureTask.java:317)
		at org.apache.tomcat.util.threads.InlineExecutorService.execute(InlineExecutorService.java:75)
		at java.base/java.util.concurrent.AbstractExecutorService.submit(AbstractExecutorService.java:145)
		at org.apache.catalina.core.ContainerBase.startInternal(ContainerBase.java:749)
		at org.apache.catalina.core.StandardEngine.startInternal(StandardEngine.java:211)
		at org.apache.catalina.util.LifecycleBase.start(LifecycleBase.java:171)
		at org.apache.catalina.core.StandardService.startInternal(StandardService.java:415)
		at org.apache.catalina.util.LifecycleBase.start(LifecycleBase.java:171)
		at org.apache.catalina.core.StandardServer.startInternal(StandardServer.java:878)
		at org.apache.catalina.util.LifecycleBase.start(LifecycleBase.java:171)
		at org.apache.catalina.startup.Catalina.start(Catalina.java:735)
		at java.base/jdk.internal.reflect.DirectMethodHandleAccessor.invoke(DirectMethodHandleAccessor.java:103)
		at java.base/java.lang.reflect.Method.invoke(Method.java:580)
		at org.apache.catalina.startup.Bootstrap.start(Bootstrap.java:345)
		at org.apache.catalina.startup.Bootstrap.main(Bootstrap.java:473)
	Caused by: org.apache.catalina.LifecycleException: Failed to start component [org.apache.catalina.webresources.StandardRoot@135606db]
		at org.apache.catalina.util.LifecycleBase.handleSubClassException(LifecycleBase.java:419)
		at org.apache.catalina.util.LifecycleBase.start(LifecycleBase.java:186)
		at org.apache.catalina.core.StandardContext.resourcesStart(StandardContext.java:4120)
		at org.apache.catalina.core.StandardContext.startInternal(StandardContext.java:4242)
		at org.apache.catalina.util.LifecycleBase.start(LifecycleBase.java:171)
		at org.apache.catalina.core.ContainerBase.addChildInternal(ContainerBase.java:599)
		... 35 more
	Caused by: java.lang.IllegalArgumentException: The main resource set specified [C:\Users\Julian\Documents\NetBeansProjects\prueba\build\web] is not a directory or war file, or is not readable (it does not exist or permissions to access it are missing)
		at org.apache.catalina.webresources.StandardRoot.createMainResourceSet(StandardRoot.java:749)
		at org.apache.catalina.webresources.StandardRoot.startInternal(StandardRoot.java:707)
		at org.apache.catalina.util.LifecycleBase.start(LifecycleBase.java:171)
		... 39 more
10-Jul-2024 12:50:25.742 INFO [main] org.apache.catalina.startup.HostConfig.deployDescriptor Deployment of deployment descriptor [C:\Users\Propietario\Documents\NetBeansProjects\PrimeraEquipacion\dependencias\apache-tomcat-9.0.89\conf\Catalina\localhost\prueba.xml] has finished in [113] ms
10-Jul-2024 12:50:25.743 INFO [main] org.apache.catalina.startup.HostConfig.deployDescriptor Desplieque del descriptor de configuración [C:\Users\Propietario\Documents\NetBeansProjects\PrimeraEquipacion\dependencias\apache-tomcat-9.0.89\conf\Catalina\localhost\Prueba_crud.xml]
10-Jul-2024 12:50:25.743 WARNING [main] org.apache.catalina.startup.HostConfig.deployDescriptor The path attribute with value [/Prueba_crud] in deployment descriptor [C:\Users\Propietario\Documents\NetBeansProjects\PrimeraEquipacion\dependencias\apache-tomcat-9.0.89\conf\Catalina\localhost\Prueba_crud.xml] has been ignored
10-Jul-2024 12:50:25.747 SEVERE [main] org.apache.catalina.startup.HostConfig.deployDescriptor Error durante el despliegue del descriptor de configuración [C:\Users\Propietario\Documents\NetBeansProjects\PrimeraEquipacion\dependencias\apache-tomcat-9.0.89\conf\Catalina\localhost\Prueba_crud.xml]
	java.lang.IllegalStateException: Error starting child
		at org.apache.catalina.core.ContainerBase.addChildInternal(ContainerBase.java:602)
		at org.apache.catalina.core.ContainerBase.addChild(ContainerBase.java:571)
		at org.apache.catalina.core.StandardHost.addChild(StandardHost.java:603)
		at org.apache.catalina.startup.HostConfig.deployDescriptor(HostConfig.java:680)
		at org.apache.catalina.startup.HostConfig$DeployDescriptor.run(HostConfig.java:1844)
		at java.base/java.util.concurrent.Executors$RunnableAdapter.call(Executors.java:572)
		at java.base/java.util.concurrent.FutureTask.run(FutureTask.java:317)
		at org.apache.tomcat.util.threads.InlineExecutorService.execute(InlineExecutorService.java:75)
		at java.base/java.util.concurrent.AbstractExecutorService.submit(AbstractExecutorService.java:123)
		at org.apache.catalina.startup.HostConfig.deployDescriptors(HostConfig.java:575)
		at org.apache.catalina.startup.HostConfig.deployApps(HostConfig.java:466)
		at org.apache.catalina.startup.HostConfig.start(HostConfig.java:1584)
		at org.apache.catalina.startup.HostConfig.lifecycleEvent(HostConfig.java:312)
		at org.apache.catalina.util.LifecycleBase.fireLifecycleEvent(LifecycleBase.java:114)
		at org.apache.catalina.util.LifecycleBase.setStateInternal(LifecycleBase.java:402)
		at org.apache.catalina.util.LifecycleBase.setState(LifecycleBase.java:345)
		at org.apache.catalina.core.ContainerBase.startInternal(ContainerBase.java:776)
		at org.apache.catalina.core.StandardHost.startInternal(StandardHost.java:721)
		at org.apache.catalina.util.LifecycleBase.start(LifecycleBase.java:171)
		at org.apache.catalina.core.ContainerBase$StartChild.call(ContainerBase.java:1203)
		at org.apache.catalina.core.ContainerBase$StartChild.call(ContainerBase.java:1193)
		at java.base/java.util.concurrent.FutureTask.run(FutureTask.java:317)
		at org.apache.tomcat.util.threads.InlineExecutorService.execute(InlineExecutorService.java:75)
		at java.base/java.util.concurrent.AbstractExecutorService.submit(AbstractExecutorService.java:145)
		at org.apache.catalina.core.ContainerBase.startInternal(ContainerBase.java:749)
		at org.apache.catalina.core.StandardEngine.startInternal(StandardEngine.java:211)
		at org.apache.catalina.util.LifecycleBase.start(LifecycleBase.java:171)
		at org.apache.catalina.core.StandardService.startInternal(StandardService.java:415)
		at org.apache.catalina.util.LifecycleBase.start(LifecycleBase.java:171)
		at org.apache.catalina.core.StandardServer.startInternal(StandardServer.java:878)
		at org.apache.catalina.util.LifecycleBase.start(LifecycleBase.java:171)
		at org.apache.catalina.startup.Catalina.start(Catalina.java:735)
		at java.base/jdk.internal.reflect.DirectMethodHandleAccessor.invoke(DirectMethodHandleAccessor.java:103)
		at java.base/java.lang.reflect.Method.invoke(Method.java:580)
		at org.apache.catalina.startup.Bootstrap.start(Bootstrap.java:345)
		at org.apache.catalina.startup.Bootstrap.main(Bootstrap.java:473)
	Caused by: org.apache.catalina.LifecycleException: Failed to start component [org.apache.catalina.webresources.StandardRoot@58594a11]
		at org.apache.catalina.util.LifecycleBase.handleSubClassException(LifecycleBase.java:419)
		at org.apache.catalina.util.LifecycleBase.start(LifecycleBase.java:186)
		at org.apache.catalina.core.StandardContext.resourcesStart(StandardContext.java:4120)
		at org.apache.catalina.core.StandardContext.startInternal(StandardContext.java:4242)
		at org.apache.catalina.util.LifecycleBase.start(LifecycleBase.java:171)
		at org.apache.catalina.core.ContainerBase.addChildInternal(ContainerBase.java:599)
		... 35 more
	Caused by: java.lang.IllegalArgumentException: The main resource set specified [C:\Users\Julian\Desktop\sena\DOCUMENTOS\Java\Proyecto\Prueba_crud\build\web] is not a directory or war file, or is not readable (it does not exist or permissions to access it are missing)
		at org.apache.catalina.webresources.StandardRoot.createMainResourceSet(StandardRoot.java:749)
		at org.apache.catalina.webresources.StandardRoot.startInternal(StandardRoot.java:707)
		at org.apache.catalina.util.LifecycleBase.start(LifecycleBase.java:171)
		... 39 more
10-Jul-2024 12:50:25.801 INFO [main] org.apache.catalina.startup.HostConfig.deployDescriptor Deployment of deployment descriptor [C:\Users\Propietario\Documents\NetBeansProjects\PrimeraEquipacion\dependencias\apache-tomcat-9.0.89\conf\Catalina\localhost\Prueba_crud.xml] has finished in [58] ms
10-Jul-2024 12:50:25.802 INFO [main] org.apache.catalina.startup.HostConfig.deployDirectory Desplegando el directorio [C:\Users\Propietario\Documents\NetBeansProjects\PrimeraEquipacion\dependencias\apache-tomcat-9.0.89\webapps\docs] de la aplicación web
10-Jul-2024 12:50:26.029 INFO [main] org.apache.catalina.startup.HostConfig.deployDirectory Deployment of web application directory [C:\Users\Propietario\Documents\NetBeansProjects\PrimeraEquipacion\dependencias\apache-tomcat-9.0.89\webapps\docs] has finished in [226] ms
10-Jul-2024 12:50:26.029 INFO [main] org.apache.catalina.startup.HostConfig.deployDirectory Desplegando el directorio [C:\Users\Propietario\Documents\NetBeansProjects\PrimeraEquipacion\dependencias\apache-tomcat-9.0.89\webapps\examples] de la aplicación web
10-Jul-2024 12:50:26.359 INFO [main] org.apache.catalina.startup.HostConfig.deployDirectory Deployment of web application directory [C:\Users\Propietario\Documents\NetBeansProjects\PrimeraEquipacion\dependencias\apache-tomcat-9.0.89\webapps\examples] has finished in [329] ms
10-Jul-2024 12:50:26.359 INFO [main] org.apache.catalina.startup.HostConfig.deployDirectory Desplegando el directorio [C:\Users\Propietario\Documents\NetBeansProjects\PrimeraEquipacion\dependencias\apache-tomcat-9.0.89\webapps\host-manager] de la aplicación web
10-Jul-2024 12:50:26.399 INFO [main] org.apache.catalina.startup.HostConfig.deployDirectory Deployment of web application directory [C:\Users\Propietario\Documents\NetBeansProjects\PrimeraEquipacion\dependencias\apache-tomcat-9.0.89\webapps\host-manager] has finished in [40] ms
10-Jul-2024 12:50:26.399 INFO [main] org.apache.catalina.startup.HostConfig.deployDirectory Desplegando el directorio [C:\Users\Propietario\Documents\NetBeansProjects\PrimeraEquipacion\dependencias\apache-tomcat-9.0.89\webapps\manager] de la aplicación web
10-Jul-2024 12:50:26.436 INFO [main] org.apache.catalina.startup.HostConfig.deployDirectory Deployment of web application directory [C:\Users\Propietario\Documents\NetBeansProjects\PrimeraEquipacion\dependencias\apache-tomcat-9.0.89\webapps\manager] has finished in [37] ms
10-Jul-2024 12:50:26.438 INFO [main] org.apache.catalina.startup.HostConfig.deployDirectory Desplegando el directorio [C:\Users\Propietario\Documents\NetBeansProjects\PrimeraEquipacion\dependencias\apache-tomcat-9.0.89\webapps\ROOT] de la aplicación web
10-Jul-2024 12:50:26.465 INFO [main] org.apache.catalina.startup.HostConfig.deployDirectory Deployment of web application directory [C:\Users\Propietario\Documents\NetBeansProjects\PrimeraEquipacion\dependencias\apache-tomcat-9.0.89\webapps\ROOT] has finished in [27] ms
10-Jul-2024 12:50:26.471 INFO [main] org.apache.coyote.AbstractProtocol.start Starting ProtocolHandler ["http-nio-8080"]
10-Jul-2024 12:50:26.498 INFO [main] org.apache.catalina.startup.Catalina.start Server startup in [991] milliseconds
10-Jul-2024 12:50:28.607 INFO [http-nio-8080-exec-8] org.apache.catalina.startup.HostConfig.undeploy Repliegue (undeploy) de la aplicación web que tiene como trayectoria de contexto [/PrimeraEquipacion]
10-Jul-2024 12:50:58.301 INFO [http-nio-8080-exec-10] org.apache.catalina.startup.HostConfig.deployDescriptor Desplieque del descriptor de configuración [C:\Users\Propietario\Documents\NetBeansProjects\PrimeraEquipacion\dependencias\apache-tomcat-9.0.89\conf\Catalina\localhost\PrimeraEquipacion.xml]
10-Jul-2024 12:50:58.302 WARNING [http-nio-8080-exec-10] org.apache.catalina.startup.HostConfig.deployDescriptor The path attribute with value [/PrimeraEquipacion] in deployment descriptor [C:\Users\Propietario\Documents\NetBeansProjects\PrimeraEquipacion\dependencias\apache-tomcat-9.0.89\conf\Catalina\localhost\PrimeraEquipacion.xml] has been ignored
10-Jul-2024 12:50:58.425 INFO [http-nio-8080-exec-10] org.apache.jasper.servlet.TldScanner.scanJars Al menos un JAR, que se ha explorado buscando TLDs, aún no contenía TLDs. Activar historial de depuración para este historiador para una completa lista de los JARs que fueron explorados y de los que nos se halló TLDs. Saltarse JARs no necesarios durante la exploración puede dar lugar a una mejora de tiempo significativa en el arranque y compilación de JSP .
10-Jul-2024 12:50:58.430 INFO [http-nio-8080-exec-10] org.apache.catalina.startup.HostConfig.deployDescriptor Deployment of deployment descriptor [C:\Users\Propietario\Documents\NetBeansProjects\PrimeraEquipacion\dependencias\apache-tomcat-9.0.89\conf\Catalina\localhost\PrimeraEquipacion.xml] has finished in [129] ms
10-Jul-2024 12:50:58.433 INFO [http-nio-8080-exec-11] org.apache.catalina.util.LifecycleBase.start The start() method was called on component [StandardEngine[Catalina].StandardHost[localhost].StandardContext[/PrimeraEquipacion]] after start() had already been called. The second call will be ignored.
10-Jul-2024 13:20:13.192 INFO [http-nio-8080-exec-13] org.apache.catalina.core.StandardContext.reload Ha comenzado la recarga de Contexto [/PrimeraEquipacion]
10-Jul-2024 13:20:13.203 WARNING [http-nio-8080-exec-13] org.apache.catalina.loader.WebappClassLoaderBase.clearReferencesJdbc La aplicación web [PrimeraEquipacion] registró el conductor JDBC [com.mysql.jdbc.Driver] pero falló al anular el registro mientras la aplicación web estaba parada. Para prevenir un fallo de memoria, se ha anulado el registro del conductor JDBC por la fuerza.
10-Jul-2024 13:20:13.301 INFO [http-nio-8080-exec-13] org.apache.jasper.servlet.TldScanner.scanJars Al menos un JAR, que se ha explorado buscando TLDs, aún no contenía TLDs. Activar historial de depuración para este historiador para una completa lista de los JARs que fueron explorados y de los que nos se halló TLDs. Saltarse JARs no necesarios durante la exploración puede dar lugar a una mejora de tiempo significativa en el arranque y compilación de JSP .
10-Jul-2024 13:20:13.305 INFO [http-nio-8080-exec-13] org.apache.catalina.core.StandardContext.reload Se ha completado la recarga de este Contexto
10-Jul-2024 13:23:11.312 INFO [http-nio-8080-exec-28] org.apache.catalina.core.StandardContext.reload Ha comenzado la recarga de Contexto [/PrimeraEquipacion]
10-Jul-2024 13:23:11.314 WARNING [http-nio-8080-exec-28] org.apache.catalina.loader.WebappClassLoaderBase.clearReferencesJdbc La aplicación web [PrimeraEquipacion] registró el conductor JDBC [com.mysql.jdbc.Driver] pero falló al anular el registro mientras la aplicación web estaba parada. Para prevenir un fallo de memoria, se ha anulado el registro del conductor JDBC por la fuerza.
10-Jul-2024 13:23:11.405 INFO [http-nio-8080-exec-28] org.apache.jasper.servlet.TldScanner.scanJars Al menos un JAR, que se ha explorado buscando TLDs, aún no contenía TLDs. Activar historial de depuración para este historiador para una completa lista de los JARs que fueron explorados y de los que nos se halló TLDs. Saltarse JARs no necesarios durante la exploración puede dar lugar a una mejora de tiempo significativa en el arranque y compilación de JSP .
10-Jul-2024 13:23:11.408 INFO [http-nio-8080-exec-28] org.apache.catalina.core.StandardContext.reload Se ha completado la recarga de este Contexto
10-Jul-2024 13:38:35.580 INFO [http-nio-8080-exec-37] org.apache.catalina.core.StandardContext.reload Ha comenzado la recarga de Contexto [/PrimeraEquipacion]
10-Jul-2024 13:38:35.583 WARNING [http-nio-8080-exec-37] org.apache.catalina.loader.WebappClassLoaderBase.clearReferencesJdbc La aplicación web [PrimeraEquipacion] registró el conductor JDBC [com.mysql.jdbc.Driver] pero falló al anular el registro mientras la aplicación web estaba parada. Para prevenir un fallo de memoria, se ha anulado el registro del conductor JDBC por la fuerza.
10-Jul-2024 13:38:35.678 INFO [http-nio-8080-exec-37] org.apache.jasper.servlet.TldScanner.scanJars Al menos un JAR, que se ha explorado buscando TLDs, aún no contenía TLDs. Activar historial de depuración para este historiador para una completa lista de los JARs que fueron explorados y de los que nos se halló TLDs. Saltarse JARs no necesarios durante la exploración puede dar lugar a una mejora de tiempo significativa en el arranque y compilación de JSP .
10-Jul-2024 13:38:35.681 INFO [http-nio-8080-exec-37] org.apache.catalina.core.StandardContext.reload Se ha completado la recarga de este Contexto
10-Jul-2024 13:40:01.410 INFO [http-nio-8080-exec-46] org.apache.catalina.core.StandardContext.reload Ha comenzado la recarga de Contexto [/PrimeraEquipacion]
10-Jul-2024 13:40:01.413 WARNING [http-nio-8080-exec-46] org.apache.catalina.loader.WebappClassLoaderBase.clearReferencesJdbc La aplicación web [PrimeraEquipacion] registró el conductor JDBC [com.mysql.jdbc.Driver] pero falló al anular el registro mientras la aplicación web estaba parada. Para prevenir un fallo de memoria, se ha anulado el registro del conductor JDBC por la fuerza.
10-Jul-2024 13:40:01.516 INFO [http-nio-8080-exec-46] org.apache.jasper.servlet.TldScanner.scanJars Al menos un JAR, que se ha explorado buscando TLDs, aún no contenía TLDs. Activar historial de depuración para este historiador para una completa lista de los JARs que fueron explorados y de los que nos se halló TLDs. Saltarse JARs no necesarios durante la exploración puede dar lugar a una mejora de tiempo significativa en el arranque y compilación de JSP .
10-Jul-2024 13:40:01.520 INFO [http-nio-8080-exec-46] org.apache.catalina.core.StandardContext.reload Se ha completado la recarga de este Contexto
10-Jul-2024 13:40:01.557 INFO [http-nio-8080-exec-43] org.apache.catalina.core.StandardContext.reload Ha comenzado la recarga de Contexto [/PrimeraEquipacion]
10-Jul-2024 13:40:01.649 INFO [http-nio-8080-exec-43] org.apache.jasper.servlet.TldScanner.scanJars Al menos un JAR, que se ha explorado buscando TLDs, aún no contenía TLDs. Activar historial de depuración para este historiador para una completa lista de los JARs que fueron explorados y de los que nos se halló TLDs. Saltarse JARs no necesarios durante la exploración puede dar lugar a una mejora de tiempo significativa en el arranque y compilación de JSP .
10-Jul-2024 13:40:01.652 INFO [http-nio-8080-exec-43] org.apache.catalina.core.StandardContext.reload Se ha completado la recarga de este Contexto
10-Jul-2024 17:33:27.848 INFO [main] org.apache.catalina.core.StandardServer.await Se ha recibido un comando de apagado a través del puerto de apagado. Parando la instancia del Servidor.
10-Jul-2024 17:33:27.848 INFO [main] org.apache.coyote.AbstractProtocol.pause Pausing ProtocolHandler ["http-nio-8080"]
10-Jul-2024 17:33:27.850 INFO [main] org.apache.catalina.core.StandardService.stopInternal Parando servicio [Catalina]
10-Jul-2024 17:33:27.855 WARNING [main] org.apache.catalina.loader.WebappClassLoaderBase.clearReferencesJdbc La aplicación web [PrimeraEquipacion] registró el conductor JDBC [com.mysql.jdbc.Driver] pero falló al anular el registro mientras la aplicación web estaba parada. Para prevenir un fallo de memoria, se ha anulado el registro del conductor JDBC por la fuerza.
10-Jul-2024 17:33:27.861 INFO [main] org.apache.coyote.AbstractProtocol.stop Stopping ProtocolHandler ["http-nio-8080"]
10-Jul-2024 17:33:27.889 INFO [main] org.apache.coyote.AbstractProtocol.destroy Destroying ProtocolHandler ["http-nio-8080"]
