02-Jul-2024 18:08:35.408 INFO [main] org.apache.catalina.startup.VersionLoggerListener.log Nombre de la versión del servidor: Apache Tomcat/9.0.89
02-Jul-2024 18:08:35.411 INFO [main] org.apache.catalina.startup.VersionLoggerListener.log Server built:                      May 3 2024 20:22:11 UTC
02-Jul-2024 18:08:35.411 INFO [main] org.apache.catalina.startup.VersionLoggerListener.log Número de versión de servidor:     9.0.89.0
02-Jul-2024 18:08:35.411 INFO [main] org.apache.catalina.startup.VersionLoggerListener.log OS Name:                           Windows 10
02-Jul-2024 18:08:35.411 INFO [main] org.apache.catalina.startup.VersionLoggerListener.log Versión de Systema Operativo:      10.0
02-Jul-2024 18:08:35.412 INFO [main] org.apache.catalina.startup.VersionLoggerListener.log Arquitectura:                      amd64
02-Jul-2024 18:08:35.412 INFO [main] org.apache.catalina.startup.VersionLoggerListener.log Java Home:                         C:\Program Files\Java\jdk-16.0.2
02-Jul-2024 18:08:35.412 INFO [main] org.apache.catalina.startup.VersionLoggerListener.log JVM Version:                       16.0.2+7-67
02-Jul-2024 18:08:35.412 INFO [main] org.apache.catalina.startup.VersionLoggerListener.log Vededor JVM:                       Oracle Corporation
02-Jul-2024 18:08:35.412 INFO [main] org.apache.catalina.startup.VersionLoggerListener.log CATALINA_BASE:                     C:\Users\Julian\Desktop\sena\DOCUMENTOS\Java\Proyecto\Prueba_crud\complementos\apache-tomcat-9.0.89
02-Jul-2024 18:08:35.412 INFO [main] org.apache.catalina.startup.VersionLoggerListener.log CATALINA_HOME:                     C:\Users\Julian\Desktop\sena\DOCUMENTOS\Java\Proyecto\Prueba_crud\complementos\apache-tomcat-9.0.89
02-Jul-2024 18:08:35.420 INFO [main] org.apache.catalina.startup.VersionLoggerListener.log Command line argument:             --add-opens=java.base/java.lang=ALL-UNNAMED
02-Jul-2024 18:08:35.421 INFO [main] org.apache.catalina.startup.VersionLoggerListener.log Command line argument:             --add-opens=java.base/java.io=ALL-UNNAMED
02-Jul-2024 18:08:35.421 INFO [main] org.apache.catalina.startup.VersionLoggerListener.log Command line argument:             --add-opens=java.base/java.util=ALL-UNNAMED
02-Jul-2024 18:08:35.421 INFO [main] org.apache.catalina.startup.VersionLoggerListener.log Command line argument:             --add-opens=java.base/java.util.concurrent=ALL-UNNAMED
02-Jul-2024 18:08:35.421 INFO [main] org.apache.catalina.startup.VersionLoggerListener.log Command line argument:             --add-opens=java.rmi/sun.rmi.transport=ALL-UNNAMED
02-Jul-2024 18:08:35.421 INFO [main] org.apache.catalina.startup.VersionLoggerListener.log Command line argument:             -Djava.util.logging.config.file=C:\Users\Julian\Desktop\sena\DOCUMENTOS\Java\Proyecto\Prueba_crud\complementos\apache-tomcat-9.0.89\conf\logging.properties
02-Jul-2024 18:08:35.421 INFO [main] org.apache.catalina.startup.VersionLoggerListener.log Command line argument:             -Djava.util.logging.manager=org.apache.juli.ClassLoaderLogManager
02-Jul-2024 18:08:35.421 INFO [main] org.apache.catalina.startup.VersionLoggerListener.log Command line argument:             -Dhttp.nonProxyHosts=localhost|127.0.0.1|DESKTOP-U7KTML0
02-Jul-2024 18:08:35.421 INFO [main] org.apache.catalina.startup.VersionLoggerListener.log Command line argument:             -Djdk.tls.ephemeralDHKeySize=2048
02-Jul-2024 18:08:35.421 INFO [main] org.apache.catalina.startup.VersionLoggerListener.log Command line argument:             -Djava.protocol.handler.pkgs=org.apache.catalina.webresources
02-Jul-2024 18:08:35.421 INFO [main] org.apache.catalina.startup.VersionLoggerListener.log Command line argument:             -Dignore.endorsed.dirs=
02-Jul-2024 18:08:35.421 INFO [main] org.apache.catalina.startup.VersionLoggerListener.log Command line argument:             -Dcatalina.base=C:\Users\Julian\Desktop\sena\DOCUMENTOS\Java\Proyecto\Prueba_crud\complementos\apache-tomcat-9.0.89
02-Jul-2024 18:08:35.421 INFO [main] org.apache.catalina.startup.VersionLoggerListener.log Command line argument:             -Dcatalina.home=C:\Users\Julian\Desktop\sena\DOCUMENTOS\Java\Proyecto\Prueba_crud\complementos\apache-tomcat-9.0.89
02-Jul-2024 18:08:35.453 INFO [main] org.apache.catalina.startup.VersionLoggerListener.log Command line argument:             -Djava.io.tmpdir=C:\Users\Julian\Desktop\sena\DOCUMENTOS\Java\Proyecto\Prueba_crud\complementos\apache-tomcat-9.0.89\temp
02-Jul-2024 18:08:35.457 INFO [main] org.apache.catalina.core.AprLifecycleListener.lifecycleEvent Cargada la biblioteca nativa APR de Apache Tomcat [1.3.0] con la versión APR [1.7.4].
02-Jul-2024 18:08:35.457 INFO [main] org.apache.catalina.core.AprLifecycleListener.lifecycleEvent Capacidades APR: IPv6 [true], enviar fichero [true], aceptar filtros [false], aleatorio [true], UDS [true].
02-Jul-2024 18:08:35.457 INFO [main] org.apache.catalina.core.AprLifecycleListener.lifecycleEvent APR/OpenSSL configuration: useAprConnector [false], useOpenSSL [true]
02-Jul-2024 18:08:35.462 INFO [main] org.apache.catalina.core.AprLifecycleListener.initializeSSL OpenSSL inicializado correctamente [OpenSSL 3.0.13 30 Jan 2024]
02-Jul-2024 18:08:35.667 INFO [main] org.apache.coyote.AbstractProtocol.init Inicializando el manejador de protocolo ["http-nio-8080"]

02-Jul-2024 18:08:35.687 INFO [main] org.apache.catalina.startup.Catalina.load Server initialization in [433] milliseconds
02-Jul-2024 18:08:35.733 INFO [main] org.apache.catalina.core.StandardService.startInternal Arrancando servicio [Catalina]
02-Jul-2024 18:08:35.733 INFO [main] org.apache.catalina.core.StandardEngine.startInternal Starting Servlet engine: [Apache Tomcat/9.0.89]
02-Jul-2024 18:08:35.741 INFO [main] org.apache.catalina.startup.HostConfig.deployDescriptor Desplieque del descriptor de configuración [C:\Users\Julian\Desktop\sena\DOCUMENTOS\Java\Proyecto\Prueba_crud\complementos\apache-tomcat-9.0.89\conf\Catalina\localhost\prueba.xml]
02-Jul-2024 18:08:35.752 WARNING [main] org.apache.catalina.startup.HostConfig.deployDescriptor The path attribute with value [/prueba] in deployment descriptor [C:\Users\Julian\Desktop\sena\DOCUMENTOS\Java\Proyecto\Prueba_crud\complementos\apache-tomcat-9.0.89\conf\Catalina\localhost\prueba.xml] has been ignored
02-Jul-2024 18:08:36.005 INFO [main] org.apache.catalina.startup.HostConfig.deployDescriptor Deployment of deployment descriptor [C:\Users\Julian\Desktop\sena\DOCUMENTOS\Java\Proyecto\Prueba_crud\complementos\apache-tomcat-9.0.89\conf\Catalina\localhost\prueba.xml] has finished in [262] ms
02-Jul-2024 18:08:36.005 INFO [main] org.apache.catalina.startup.HostConfig.deployDescriptor Desplieque del descriptor de configuración [C:\Users\Julian\Desktop\sena\DOCUMENTOS\Java\Proyecto\Prueba_crud\complementos\apache-tomcat-9.0.89\conf\Catalina\localhost\Prueba_crud.xml]
02-Jul-2024 18:08:36.006 WARNING [main] org.apache.catalina.startup.HostConfig.deployDescriptor The path attribute with value [/Prueba_crud] in deployment descriptor [C:\Users\Julian\Desktop\sena\DOCUMENTOS\Java\Proyecto\Prueba_crud\complementos\apache-tomcat-9.0.89\conf\Catalina\localhost\Prueba_crud.xml] has been ignored
02-Jul-2024 18:08:36.238 INFO [main] org.apache.jasper.servlet.TldScanner.scanJars Al menos un JAR, que se ha explorado buscando TLDs, aún no contenía TLDs. Activar historial de depuración para este historiador para una completa lista de los JARs que fueron explorados y de los que nos se halló TLDs. Saltarse JARs no necesarios durante la exploración puede dar lugar a una mejora de tiempo significativa en el arranque y compilación de JSP .
02-Jul-2024 18:08:36.241 INFO [main] org.apache.catalina.startup.HostConfig.deployDescriptor Deployment of deployment descriptor [C:\Users\Julian\Desktop\sena\DOCUMENTOS\Java\Proyecto\Prueba_crud\complementos\apache-tomcat-9.0.89\conf\Catalina\localhost\Prueba_crud.xml] has finished in [236] ms
02-Jul-2024 18:08:36.242 INFO [main] org.apache.catalina.startup.HostConfig.deployDirectory Desplegando el directorio [C:\Users\Julian\Desktop\sena\DOCUMENTOS\Java\Proyecto\Prueba_crud\complementos\apache-tomcat-9.0.89\webapps\docs] de la aplicación web
02-Jul-2024 18:08:36.272 INFO [main] org.apache.catalina.startup.HostConfig.deployDirectory Deployment of web application directory [C:\Users\Julian\Desktop\sena\DOCUMENTOS\Java\Proyecto\Prueba_crud\complementos\apache-tomcat-9.0.89\webapps\docs] has finished in [30] ms
02-Jul-2024 18:08:36.272 INFO [main] org.apache.catalina.startup.HostConfig.deployDirectory Desplegando el directorio [C:\Users\Julian\Desktop\sena\DOCUMENTOS\Java\Proyecto\Prueba_crud\complementos\apache-tomcat-9.0.89\webapps\examples] de la aplicación web
02-Jul-2024 18:08:36.630 INFO [main] org.apache.catalina.startup.HostConfig.deployDirectory Deployment of web application directory [C:\Users\Julian\Desktop\sena\DOCUMENTOS\Java\Proyecto\Prueba_crud\complementos\apache-tomcat-9.0.89\webapps\examples] has finished in [358] ms
02-Jul-2024 18:08:36.631 INFO [main] org.apache.catalina.startup.HostConfig.deployDirectory Desplegando el directorio [C:\Users\Julian\Desktop\sena\DOCUMENTOS\Java\Proyecto\Prueba_crud\complementos\apache-tomcat-9.0.89\webapps\host-manager] de la aplicación web
02-Jul-2024 18:08:36.671 INFO [main] org.apache.catalina.startup.HostConfig.deployDirectory Deployment of web application directory [C:\Users\Julian\Desktop\sena\DOCUMENTOS\Java\Proyecto\Prueba_crud\complementos\apache-tomcat-9.0.89\webapps\host-manager] has finished in [40] ms
02-Jul-2024 18:08:36.671 INFO [main] org.apache.catalina.startup.HostConfig.deployDirectory Desplegando el directorio [C:\Users\Julian\Desktop\sena\DOCUMENTOS\Java\Proyecto\Prueba_crud\complementos\apache-tomcat-9.0.89\webapps\manager] de la aplicación web
02-Jul-2024 18:08:36.707 INFO [main] org.apache.catalina.startup.HostConfig.deployDirectory Deployment of web application directory [C:\Users\Julian\Desktop\sena\DOCUMENTOS\Java\Proyecto\Prueba_crud\complementos\apache-tomcat-9.0.89\webapps\manager] has finished in [36] ms
02-Jul-2024 18:08:36.707 INFO [main] org.apache.catalina.startup.HostConfig.deployDirectory Desplegando el directorio [C:\Users\Julian\Desktop\sena\DOCUMENTOS\Java\Proyecto\Prueba_crud\complementos\apache-tomcat-9.0.89\webapps\ROOT] de la aplicación web
02-Jul-2024 18:08:36.732 INFO [main] org.apache.catalina.startup.HostConfig.deployDirectory Deployment of web application directory [C:\Users\Julian\Desktop\sena\DOCUMENTOS\Java\Proyecto\Prueba_crud\complementos\apache-tomcat-9.0.89\webapps\ROOT] has finished in [25] ms
02-Jul-2024 18:08:36.737 INFO [main] org.apache.coyote.AbstractProtocol.start Starting ProtocolHandler ["http-nio-8080"]
02-Jul-2024 18:08:36.763 INFO [main] org.apache.catalina.startup.Catalina.start Server startup in [1075] milliseconds
02-Jul-2024 18:08:53.370 INFO [main] org.apache.catalina.core.StandardServer.await Se ha recibido un comando de apagado a través del puerto de apagado. Parando la instancia del Servidor.
02-Jul-2024 18:08:53.371 INFO [main] org.apache.coyote.AbstractProtocol.pause Pausing ProtocolHandler ["http-nio-8080"]
02-Jul-2024 18:08:53.375 INFO [main] org.apache.catalina.core.StandardService.stopInternal Parando servicio [Catalina]
02-Jul-2024 18:08:53.394 WARNING [main] org.apache.catalina.loader.WebappClassLoaderBase.clearReferencesJdbc La aplicación web [Prueba_crud] registró el conductor JDBC [com.mysql.jdbc.Driver] pero falló al anular el registro mientras la aplicación web estaba parada. Para prevenir un fallo de memoria, se ha anulado el registro del conductor JDBC por la fuerza.
02-Jul-2024 18:08:53.402 INFO [main] org.apache.coyote.AbstractProtocol.stop Stopping ProtocolHandler ["http-nio-8080"]
02-Jul-2024 18:08:53.406 INFO [main] org.apache.coyote.AbstractProtocol.destroy Destroying ProtocolHandler ["http-nio-8080"]
