19-Jul-2024 12:48:54.805 INFO [main] org.apache.catalina.startup.VersionLoggerListener.log Nombre de la versión del servidor: Apache Tomcat/9.0.89
19-Jul-2024 12:48:54.807 INFO [main] org.apache.catalina.startup.VersionLoggerListener.log Server built:                      May 3 2024 20:22:11 UTC
19-Jul-2024 12:48:54.808 INFO [main] org.apache.catalina.startup.VersionLoggerListener.log Número de versión de servidor:     9.0.89.0
19-Jul-2024 12:48:54.808 INFO [main] org.apache.catalina.startup.VersionLoggerListener.log OS Name:                           Windows 11
19-Jul-2024 12:48:54.808 INFO [main] org.apache.catalina.startup.VersionLoggerListener.log Versión de Systema Operativo:      10.0
19-Jul-2024 12:48:54.808 INFO [main] org.apache.catalina.startup.VersionLoggerListener.log Arquitectura:                      amd64
19-Jul-2024 12:48:54.808 INFO [main] org.apache.catalina.startup.VersionLoggerListener.log Java Home:                         C:\Program Files\Java\jdk-22
19-Jul-2024 12:48:54.808 INFO [main] org.apache.catalina.startup.VersionLoggerListener.log JVM Version:                       22.0.1+8-16
19-Jul-2024 12:48:54.808 INFO [main] org.apache.catalina.startup.VersionLoggerListener.log Vededor JVM:                       Oracle Corporation
19-Jul-2024 12:48:54.808 INFO [main] org.apache.catalina.startup.VersionLoggerListener.log CATALINA_BASE:                     C:\Users\Propietario\Documents\NetBeansProjects\PrimeraEquipacion\dependencias\apache-tomcat-9.0.89
19-Jul-2024 12:48:54.809 INFO [main] org.apache.catalina.startup.VersionLoggerListener.log CATALINA_HOME:                     C:\Users\Propietario\Documents\NetBeansProjects\PrimeraEquipacion\dependencias\apache-tomcat-9.0.89
19-Jul-2024 12:48:54.815 INFO [main] org.apache.catalina.startup.VersionLoggerListener.log Command line argument:             --add-opens=java.base/java.lang=ALL-UNNAMED
19-Jul-2024 12:48:54.815 INFO [main] org.apache.catalina.startup.VersionLoggerListener.log Command line argument:             --add-opens=java.base/java.io=ALL-UNNAMED
19-Jul-2024 12:48:54.815 INFO [main] org.apache.catalina.startup.VersionLoggerListener.log Command line argument:             --add-opens=java.base/java.util=ALL-UNNAMED
19-Jul-2024 12:48:54.815 INFO [main] org.apache.catalina.startup.VersionLoggerListener.log Command line argument:             --add-opens=java.base/java.util.concurrent=ALL-UNNAMED
19-Jul-2024 12:48:54.815 INFO [main] org.apache.catalina.startup.VersionLoggerListener.log Command line argument:             --add-opens=java.rmi/sun.rmi.transport=ALL-UNNAMED
19-Jul-2024 12:48:54.816 INFO [main] org.apache.catalina.startup.VersionLoggerListener.log Command line argument:             -Djava.util.logging.config.file=C:\Users\Propietario\Documents\NetBeansProjects\PrimeraEquipacion\dependencias\apache-tomcat-9.0.89\conf\logging.properties
19-Jul-2024 12:48:54.816 INFO [main] org.apache.catalina.startup.VersionLoggerListener.log Command line argument:             -Djava.util.logging.manager=org.apache.juli.ClassLoaderLogManager
19-Jul-2024 12:48:54.816 INFO [main] org.apache.catalina.startup.VersionLoggerListener.log Command line argument:             -Djdk.tls.ephemeralDHKeySize=2048
19-Jul-2024 12:48:54.816 INFO [main] org.apache.catalina.startup.VersionLoggerListener.log Command line argument:             -Djava.protocol.handler.pkgs=org.apache.catalina.webresources
19-Jul-2024 12:48:54.816 INFO [main] org.apache.catalina.startup.VersionLoggerListener.log Command line argument:             -Dignore.endorsed.dirs=
19-Jul-2024 12:48:54.816 INFO [main] org.apache.catalina.startup.VersionLoggerListener.log Command line argument:             -Dcatalina.base=C:\Users\Propietario\Documents\NetBeansProjects\PrimeraEquipacion\dependencias\apache-tomcat-9.0.89
19-Jul-2024 12:48:54.816 INFO [main] org.apache.catalina.startup.VersionLoggerListener.log Command line argument:             -Dcatalina.home=C:\Users\Propietario\Documents\NetBeansProjects\PrimeraEquipacion\dependencias\apache-tomcat-9.0.89
19-Jul-2024 12:48:54.816 INFO [main] org.apache.catalina.startup.VersionLoggerListener.log Command line argument:             -Djava.io.tmpdir=C:\Users\Propietario\Documents\NetBeansProjects\PrimeraEquipacion\dependencias\apache-tomcat-9.0.89\temp
19-Jul-2024 12:48:54.820 INFO [main] org.apache.catalina.core.AprLifecycleListener.lifecycleEvent Cargada la biblioteca nativa APR de Apache Tomcat [1.3.0] con la versión APR [1.7.4].
19-Jul-2024 12:48:54.820 INFO [main] org.apache.catalina.core.AprLifecycleListener.lifecycleEvent Capacidades APR: IPv6 [true], enviar fichero [true], aceptar filtros [false], aleatorio [true], UDS [true].
19-Jul-2024 12:48:54.820 INFO [main] org.apache.catalina.core.AprLifecycleListener.lifecycleEvent APR/OpenSSL configuration: useAprConnector [false], useOpenSSL [true]
19-Jul-2024 12:48:54.825 INFO [main] org.apache.catalina.core.AprLifecycleListener.initializeSSL OpenSSL inicializado correctamente [OpenSSL 3.0.13 30 Jan 2024]
19-Jul-2024 12:48:55.088 INFO [main] org.apache.coyote.AbstractProtocol.init Inicializando el manejador de protocolo ["http-nio-8080"]

19-Jul-2024 12:48:55.106 INFO [main] org.apache.catalina.startup.Catalina.load Server initialization in [479] milliseconds
19-Jul-2024 12:48:55.165 INFO [main] org.apache.catalina.core.StandardService.startInternal Arrancando servicio [Catalina]
19-Jul-2024 12:48:55.165 INFO [main] org.apache.catalina.core.StandardEngine.startInternal Starting Servlet engine: [Apache Tomcat/9.0.89]
19-Jul-2024 12:48:55.173 INFO [main] org.apache.catalina.startup.HostConfig.deployDescriptor Desplieque del descriptor de configuración [C:\Users\Propietario\Documents\NetBeansProjects\PrimeraEquipacion\dependencias\apache-tomcat-9.0.89\conf\Catalina\localhost\PrimeraEquipacion.xml]
19-Jul-2024 12:48:55.192 WARNING [main] org.apache.catalina.startup.HostConfig.deployDescriptor The path attribute with value [/PrimeraEquipacion] in deployment descriptor [C:\Users\Propietario\Documents\NetBeansProjects\PrimeraEquipacion\dependencias\apache-tomcat-9.0.89\conf\Catalina\localhost\PrimeraEquipacion.xml] has been ignored
19-Jul-2024 12:48:55.578 INFO [main] org.apache.jasper.servlet.TldScanner.scanJars Al menos un JAR, que se ha explorado buscando TLDs, aún no contenía TLDs. Activar historial de depuración para este historiador para una completa lista de los JARs que fueron explorados y de los que nos se halló TLDs. Saltarse JARs no necesarios durante la exploración puede dar lugar a una mejora de tiempo significativa en el arranque y compilación de JSP .
19-Jul-2024 12:48:55.628 INFO [main] org.apache.catalina.startup.HostConfig.deployDescriptor Deployment of deployment descriptor [C:\Users\Propietario\Documents\NetBeansProjects\PrimeraEquipacion\dependencias\apache-tomcat-9.0.89\conf\Catalina\localhost\PrimeraEquipacion.xml] has finished in [453] ms
19-Jul-2024 12:48:55.629 INFO [main] org.apache.catalina.startup.HostConfig.deployDirectory Desplegando el directorio [C:\Users\Propietario\Documents\NetBeansProjects\PrimeraEquipacion\dependencias\apache-tomcat-9.0.89\webapps\docs] de la aplicación web
19-Jul-2024 12:48:55.659 INFO [main] org.apache.catalina.startup.HostConfig.deployDirectory Deployment of web application directory [C:\Users\Propietario\Documents\NetBeansProjects\PrimeraEquipacion\dependencias\apache-tomcat-9.0.89\webapps\docs] has finished in [30] ms
19-Jul-2024 12:48:55.659 INFO [main] org.apache.catalina.startup.HostConfig.deployDirectory Desplegando el directorio [C:\Users\Propietario\Documents\NetBeansProjects\PrimeraEquipacion\dependencias\apache-tomcat-9.0.89\webapps\examples] de la aplicación web
19-Jul-2024 12:48:56.004 INFO [main] org.apache.catalina.startup.HostConfig.deployDirectory Deployment of web application directory [C:\Users\Propietario\Documents\NetBeansProjects\PrimeraEquipacion\dependencias\apache-tomcat-9.0.89\webapps\examples] has finished in [345] ms
19-Jul-2024 12:48:56.004 INFO [main] org.apache.catalina.startup.HostConfig.deployDirectory Desplegando el directorio [C:\Users\Propietario\Documents\NetBeansProjects\PrimeraEquipacion\dependencias\apache-tomcat-9.0.89\webapps\host-manager] de la aplicación web
19-Jul-2024 12:48:56.037 INFO [main] org.apache.catalina.startup.HostConfig.deployDirectory Deployment of web application directory [C:\Users\Propietario\Documents\NetBeansProjects\PrimeraEquipacion\dependencias\apache-tomcat-9.0.89\webapps\host-manager] has finished in [33] ms
19-Jul-2024 12:48:56.037 INFO [main] org.apache.catalina.startup.HostConfig.deployDirectory Desplegando el directorio [C:\Users\Propietario\Documents\NetBeansProjects\PrimeraEquipacion\dependencias\apache-tomcat-9.0.89\webapps\manager] de la aplicación web
19-Jul-2024 12:48:56.066 INFO [main] org.apache.catalina.startup.HostConfig.deployDirectory Deployment of web application directory [C:\Users\Propietario\Documents\NetBeansProjects\PrimeraEquipacion\dependencias\apache-tomcat-9.0.89\webapps\manager] has finished in [29] ms
19-Jul-2024 12:48:56.066 INFO [main] org.apache.catalina.startup.HostConfig.deployDirectory Desplegando el directorio [C:\Users\Propietario\Documents\NetBeansProjects\PrimeraEquipacion\dependencias\apache-tomcat-9.0.89\webapps\ROOT] de la aplicación web
19-Jul-2024 12:48:56.090 INFO [main] org.apache.catalina.startup.HostConfig.deployDirectory Deployment of web application directory [C:\Users\Propietario\Documents\NetBeansProjects\PrimeraEquipacion\dependencias\apache-tomcat-9.0.89\webapps\ROOT] has finished in [24] ms
19-Jul-2024 12:48:56.094 INFO [main] org.apache.coyote.AbstractProtocol.start Starting ProtocolHandler ["http-nio-8080"]
19-Jul-2024 12:48:56.116 INFO [main] org.apache.catalina.startup.Catalina.start Server startup in [1009] milliseconds
19-Jul-2024 12:48:57.842 INFO [http-nio-8080-exec-1] org.apache.jasper.servlet.TldScanner.scanJars Al menos un JAR, que se ha explorado buscando TLDs, aún no contenía TLDs. Activar historial de depuración para este historiador para una completa lista de los JARs que fueron explorados y de los que nos se halló TLDs. Saltarse JARs no necesarios durante la exploración puede dar lugar a una mejora de tiempo significativa en el arranque y compilación de JSP .
19-Jul-2024 13:52:22.804 INFO [http-nio-8080-exec-13] org.apache.catalina.core.StandardContext.reload Ha comenzado la recarga de Contexto [/PrimeraEquipacion]
19-Jul-2024 13:52:22.806 WARNING [http-nio-8080-exec-13] org.apache.catalina.loader.WebappClassLoaderBase.clearReferencesJdbc La aplicación web [PrimeraEquipacion] registró el conductor JDBC [com.mysql.jdbc.Driver] pero falló al anular el registro mientras la aplicación web estaba parada. Para prevenir un fallo de memoria, se ha anulado el registro del conductor JDBC por la fuerza.
19-Jul-2024 13:52:22.926 INFO [http-nio-8080-exec-13] org.apache.jasper.servlet.TldScanner.scanJars Al menos un JAR, que se ha explorado buscando TLDs, aún no contenía TLDs. Activar historial de depuración para este historiador para una completa lista de los JARs que fueron explorados y de los que nos se halló TLDs. Saltarse JARs no necesarios durante la exploración puede dar lugar a una mejora de tiempo significativa en el arranque y compilación de JSP .
19-Jul-2024 13:52:22.930 INFO [http-nio-8080-exec-13] org.apache.catalina.core.StandardContext.reload Se ha completado la recarga de este Contexto
19-Jul-2024 13:52:22.947 INFO [http-nio-8080-exec-18] org.apache.catalina.core.StandardContext.reload Ha comenzado la recarga de Contexto [/PrimeraEquipacion]
19-Jul-2024 13:52:23.060 INFO [http-nio-8080-exec-18] org.apache.jasper.servlet.TldScanner.scanJars Al menos un JAR, que se ha explorado buscando TLDs, aún no contenía TLDs. Activar historial de depuración para este historiador para una completa lista de los JARs que fueron explorados y de los que nos se halló TLDs. Saltarse JARs no necesarios durante la exploración puede dar lugar a una mejora de tiempo significativa en el arranque y compilación de JSP .
19-Jul-2024 13:52:23.063 INFO [http-nio-8080-exec-18] org.apache.catalina.core.StandardContext.reload Se ha completado la recarga de este Contexto
19-Jul-2024 14:41:19.510 WARNING [http-nio-8080-exec-26] org.apache.catalina.loader.WebappClassLoaderBase.clearReferencesJdbc La aplicación web [PrimeraEquipacion] registró el conductor JDBC [com.mysql.jdbc.Driver] pero falló al anular el registro mientras la aplicación web estaba parada. Para prevenir un fallo de memoria, se ha anulado el registro del conductor JDBC por la fuerza.
19-Jul-2024 14:41:19.633 INFO [http-nio-8080-exec-24] org.apache.jasper.servlet.TldScanner.scanJars Al menos un JAR, que se ha explorado buscando TLDs, aún no contenía TLDs. Activar historial de depuración para este historiador para una completa lista de los JARs que fueron explorados y de los que nos se halló TLDs. Saltarse JARs no necesarios durante la exploración puede dar lugar a una mejora de tiempo significativa en el arranque y compilación de JSP .
19-Jul-2024 14:41:19.954 INFO [http-nio-8080-exec-28] org.apache.catalina.core.StandardContext.reload Ha comenzado la recarga de Contexto [/PrimeraEquipacion]
19-Jul-2024 14:41:20.059 INFO [http-nio-8080-exec-28] org.apache.jasper.servlet.TldScanner.scanJars Al menos un JAR, que se ha explorado buscando TLDs, aún no contenía TLDs. Activar historial de depuración para este historiador para una completa lista de los JARs que fueron explorados y de los que nos se halló TLDs. Saltarse JARs no necesarios durante la exploración puede dar lugar a una mejora de tiempo significativa en el arranque y compilación de JSP .
19-Jul-2024 14:41:20.061 INFO [http-nio-8080-exec-28] org.apache.catalina.core.StandardContext.reload Se ha completado la recarga de este Contexto
19-Jul-2024 14:41:25.468 INFO [Catalina-utility-1] org.apache.catalina.startup.HostConfig.reload Falló la recarga del contexto [/PrimeraEquipacion]
19-Jul-2024 14:41:25.468 INFO [Catalina-utility-1] org.apache.catalina.core.StandardContext.reload Ha comenzado la recarga de Contexto [/PrimeraEquipacion]
19-Jul-2024 14:41:25.586 INFO [Catalina-utility-1] org.apache.jasper.servlet.TldScanner.scanJars Al menos un JAR, que se ha explorado buscando TLDs, aún no contenía TLDs. Activar historial de depuración para este historiador para una completa lista de los JARs que fueron explorados y de los que nos se halló TLDs. Saltarse JARs no necesarios durante la exploración puede dar lugar a una mejora de tiempo significativa en el arranque y compilación de JSP .
19-Jul-2024 14:41:25.587 INFO [Catalina-utility-1] org.apache.catalina.core.StandardContext.reload Se ha completado la recarga de este Contexto
19-Jul-2024 14:55:29.561 INFO [http-nio-8080-exec-39] org.apache.catalina.core.StandardContext.reload Ha comenzado la recarga de Contexto [/PrimeraEquipacion]
19-Jul-2024 14:55:29.679 INFO [http-nio-8080-exec-39] org.apache.jasper.servlet.TldScanner.scanJars Al menos un JAR, que se ha explorado buscando TLDs, aún no contenía TLDs. Activar historial de depuración para este historiador para una completa lista de los JARs que fueron explorados y de los que nos se halló TLDs. Saltarse JARs no necesarios durante la exploración puede dar lugar a una mejora de tiempo significativa en el arranque y compilación de JSP .
19-Jul-2024 14:55:29.681 INFO [http-nio-8080-exec-39] org.apache.catalina.core.StandardContext.reload Se ha completado la recarga de este Contexto
19-Jul-2024 15:07:22.151 INFO [http-nio-8080-exec-46] org.apache.catalina.core.StandardContext.reload Ha comenzado la recarga de Contexto [/PrimeraEquipacion]
19-Jul-2024 15:07:22.152 WARNING [http-nio-8080-exec-46] org.apache.catalina.loader.WebappClassLoaderBase.clearReferencesJdbc La aplicación web [PrimeraEquipacion] registró el conductor JDBC [com.mysql.jdbc.Driver] pero falló al anular el registro mientras la aplicación web estaba parada. Para prevenir un fallo de memoria, se ha anulado el registro del conductor JDBC por la fuerza.
19-Jul-2024 15:07:22.256 INFO [http-nio-8080-exec-46] org.apache.jasper.servlet.TldScanner.scanJars Al menos un JAR, que se ha explorado buscando TLDs, aún no contenía TLDs. Activar historial de depuración para este historiador para una completa lista de los JARs que fueron explorados y de los que nos se halló TLDs. Saltarse JARs no necesarios durante la exploración puede dar lugar a una mejora de tiempo significativa en el arranque y compilación de JSP .
19-Jul-2024 15:07:22.259 INFO [http-nio-8080-exec-46] org.apache.catalina.core.StandardContext.reload Se ha completado la recarga de este Contexto
19-Jul-2024 15:07:57.389 INFO [http-nio-8080-exec-55] org.apache.catalina.core.StandardContext.reload Ha comenzado la recarga de Contexto [/PrimeraEquipacion]
19-Jul-2024 15:07:57.391 WARNING [http-nio-8080-exec-55] org.apache.catalina.loader.WebappClassLoaderBase.clearReferencesJdbc La aplicación web [PrimeraEquipacion] registró el conductor JDBC [com.mysql.jdbc.Driver] pero falló al anular el registro mientras la aplicación web estaba parada. Para prevenir un fallo de memoria, se ha anulado el registro del conductor JDBC por la fuerza.
19-Jul-2024 15:07:57.491 INFO [http-nio-8080-exec-55] org.apache.jasper.servlet.TldScanner.scanJars Al menos un JAR, que se ha explorado buscando TLDs, aún no contenía TLDs. Activar historial de depuración para este historiador para una completa lista de los JARs que fueron explorados y de los que nos se halló TLDs. Saltarse JARs no necesarios durante la exploración puede dar lugar a una mejora de tiempo significativa en el arranque y compilación de JSP .
19-Jul-2024 15:07:57.494 INFO [http-nio-8080-exec-55] org.apache.catalina.core.StandardContext.reload Se ha completado la recarga de este Contexto
19-Jul-2024 15:08:55.089 INFO [http-nio-8080-exec-55] org.apache.catalina.core.StandardContext.reload Ha comenzado la recarga de Contexto [/PrimeraEquipacion]
19-Jul-2024 15:08:55.092 WARNING [http-nio-8080-exec-55] org.apache.catalina.loader.WebappClassLoaderBase.clearReferencesJdbc La aplicación web [PrimeraEquipacion] registró el conductor JDBC [com.mysql.jdbc.Driver] pero falló al anular el registro mientras la aplicación web estaba parada. Para prevenir un fallo de memoria, se ha anulado el registro del conductor JDBC por la fuerza.
19-Jul-2024 15:08:55.196 INFO [http-nio-8080-exec-55] org.apache.jasper.servlet.TldScanner.scanJars Al menos un JAR, que se ha explorado buscando TLDs, aún no contenía TLDs. Activar historial de depuración para este historiador para una completa lista de los JARs que fueron explorados y de los que nos se halló TLDs. Saltarse JARs no necesarios durante la exploración puede dar lugar a una mejora de tiempo significativa en el arranque y compilación de JSP .
19-Jul-2024 15:08:55.199 INFO [http-nio-8080-exec-55] org.apache.catalina.core.StandardContext.reload Se ha completado la recarga de este Contexto
19-Jul-2024 15:09:21.683 INFO [http-nio-8080-exec-52] org.apache.catalina.core.StandardContext.reload Ha comenzado la recarga de Contexto [/PrimeraEquipacion]
19-Jul-2024 15:09:21.685 WARNING [http-nio-8080-exec-52] org.apache.catalina.loader.WebappClassLoaderBase.clearReferencesJdbc La aplicación web [PrimeraEquipacion] registró el conductor JDBC [com.mysql.jdbc.Driver] pero falló al anular el registro mientras la aplicación web estaba parada. Para prevenir un fallo de memoria, se ha anulado el registro del conductor JDBC por la fuerza.
19-Jul-2024 15:09:21.782 INFO [http-nio-8080-exec-52] org.apache.jasper.servlet.TldScanner.scanJars Al menos un JAR, que se ha explorado buscando TLDs, aún no contenía TLDs. Activar historial de depuración para este historiador para una completa lista de los JARs que fueron explorados y de los que nos se halló TLDs. Saltarse JARs no necesarios durante la exploración puede dar lugar a una mejora de tiempo significativa en el arranque y compilación de JSP .
19-Jul-2024 15:09:21.784 INFO [http-nio-8080-exec-52] org.apache.catalina.core.StandardContext.reload Se ha completado la recarga de este Contexto
19-Jul-2024 15:54:40.823 INFO [http-nio-8080-exec-75] org.apache.catalina.core.StandardContext.reload Ha comenzado la recarga de Contexto [/PrimeraEquipacion]
19-Jul-2024 15:54:40.824 WARNING [http-nio-8080-exec-75] org.apache.catalina.loader.WebappClassLoaderBase.clearReferencesJdbc La aplicación web [PrimeraEquipacion] registró el conductor JDBC [com.mysql.jdbc.Driver] pero falló al anular el registro mientras la aplicación web estaba parada. Para prevenir un fallo de memoria, se ha anulado el registro del conductor JDBC por la fuerza.
19-Jul-2024 15:54:40.922 INFO [http-nio-8080-exec-75] org.apache.jasper.servlet.TldScanner.scanJars Al menos un JAR, que se ha explorado buscando TLDs, aún no contenía TLDs. Activar historial de depuración para este historiador para una completa lista de los JARs que fueron explorados y de los que nos se halló TLDs. Saltarse JARs no necesarios durante la exploración puede dar lugar a una mejora de tiempo significativa en el arranque y compilación de JSP .
19-Jul-2024 15:54:40.925 INFO [http-nio-8080-exec-75] org.apache.catalina.core.StandardContext.reload Se ha completado la recarga de este Contexto
19-Jul-2024 16:07:13.019 INFO [http-nio-8080-exec-80] org.apache.catalina.core.StandardContext.reload Ha comenzado la recarga de Contexto [/PrimeraEquipacion]
19-Jul-2024 16:07:13.123 INFO [http-nio-8080-exec-80] org.apache.jasper.servlet.TldScanner.scanJars Al menos un JAR, que se ha explorado buscando TLDs, aún no contenía TLDs. Activar historial de depuración para este historiador para una completa lista de los JARs que fueron explorados y de los que nos se halló TLDs. Saltarse JARs no necesarios durante la exploración puede dar lugar a una mejora de tiempo significativa en el arranque y compilación de JSP .
19-Jul-2024 16:07:13.124 INFO [http-nio-8080-exec-80] org.apache.catalina.core.StandardContext.reload Se ha completado la recarga de este Contexto
19-Jul-2024 16:37:40.784 INFO [http-nio-8080-exec-94] org.apache.catalina.core.StandardContext.reload Ha comenzado la recarga de Contexto [/PrimeraEquipacion]
19-Jul-2024 16:37:40.887 INFO [http-nio-8080-exec-94] org.apache.jasper.servlet.TldScanner.scanJars Al menos un JAR, que se ha explorado buscando TLDs, aún no contenía TLDs. Activar historial de depuración para este historiador para una completa lista de los JARs que fueron explorados y de los que nos se halló TLDs. Saltarse JARs no necesarios durante la exploración puede dar lugar a una mejora de tiempo significativa en el arranque y compilación de JSP .
19-Jul-2024 16:37:40.889 INFO [http-nio-8080-exec-94] org.apache.catalina.core.StandardContext.reload Se ha completado la recarga de este Contexto
19-Jul-2024 16:37:40.928 INFO [http-nio-8080-exec-93] org.apache.catalina.core.StandardContext.reload Ha comenzado la recarga de Contexto [/PrimeraEquipacion]
19-Jul-2024 16:37:41.040 INFO [http-nio-8080-exec-93] org.apache.jasper.servlet.TldScanner.scanJars Al menos un JAR, que se ha explorado buscando TLDs, aún no contenía TLDs. Activar historial de depuración para este historiador para una completa lista de los JARs que fueron explorados y de los que nos se halló TLDs. Saltarse JARs no necesarios durante la exploración puede dar lugar a una mejora de tiempo significativa en el arranque y compilación de JSP .
19-Jul-2024 16:37:41.041 INFO [http-nio-8080-exec-93] org.apache.catalina.core.StandardContext.reload Se ha completado la recarga de este Contexto
19-Jul-2024 17:13:45.643 INFO [http-nio-8080-exec-107] org.apache.catalina.core.StandardContext.reload Ha comenzado la recarga de Contexto [/PrimeraEquipacion]
19-Jul-2024 17:13:45.646 WARNING [http-nio-8080-exec-107] org.apache.catalina.loader.WebappClassLoaderBase.clearReferencesJdbc La aplicación web [PrimeraEquipacion] registró el conductor JDBC [com.mysql.jdbc.Driver] pero falló al anular el registro mientras la aplicación web estaba parada. Para prevenir un fallo de memoria, se ha anulado el registro del conductor JDBC por la fuerza.
19-Jul-2024 17:13:45.748 INFO [http-nio-8080-exec-107] org.apache.jasper.servlet.TldScanner.scanJars Al menos un JAR, que se ha explorado buscando TLDs, aún no contenía TLDs. Activar historial de depuración para este historiador para una completa lista de los JARs que fueron explorados y de los que nos se halló TLDs. Saltarse JARs no necesarios durante la exploración puede dar lugar a una mejora de tiempo significativa en el arranque y compilación de JSP .
19-Jul-2024 17:13:45.751 INFO [http-nio-8080-exec-107] org.apache.catalina.core.StandardContext.reload Se ha completado la recarga de este Contexto
19-Jul-2024 17:16:41.435 INFO [http-nio-8080-exec-112] org.apache.catalina.core.StandardContext.reload Ha comenzado la recarga de Contexto [/PrimeraEquipacion]
19-Jul-2024 17:16:41.437 WARNING [http-nio-8080-exec-112] org.apache.catalina.loader.WebappClassLoaderBase.clearReferencesJdbc La aplicación web [PrimeraEquipacion] registró el conductor JDBC [com.mysql.jdbc.Driver] pero falló al anular el registro mientras la aplicación web estaba parada. Para prevenir un fallo de memoria, se ha anulado el registro del conductor JDBC por la fuerza.
19-Jul-2024 17:16:41.537 INFO [http-nio-8080-exec-112] org.apache.jasper.servlet.TldScanner.scanJars Al menos un JAR, que se ha explorado buscando TLDs, aún no contenía TLDs. Activar historial de depuración para este historiador para una completa lista de los JARs que fueron explorados y de los que nos se halló TLDs. Saltarse JARs no necesarios durante la exploración puede dar lugar a una mejora de tiempo significativa en el arranque y compilación de JSP .
19-Jul-2024 17:16:41.540 INFO [http-nio-8080-exec-112] org.apache.catalina.core.StandardContext.reload Se ha completado la recarga de este Contexto
19-Jul-2024 17:19:54.107 INFO [http-nio-8080-exec-122] org.apache.catalina.core.StandardContext.reload Ha comenzado la recarga de Contexto [/PrimeraEquipacion]
19-Jul-2024 17:19:54.109 WARNING [http-nio-8080-exec-122] org.apache.catalina.loader.WebappClassLoaderBase.clearReferencesJdbc La aplicación web [PrimeraEquipacion] registró el conductor JDBC [com.mysql.jdbc.Driver] pero falló al anular el registro mientras la aplicación web estaba parada. Para prevenir un fallo de memoria, se ha anulado el registro del conductor JDBC por la fuerza.
19-Jul-2024 17:19:54.237 INFO [http-nio-8080-exec-122] org.apache.jasper.servlet.TldScanner.scanJars Al menos un JAR, que se ha explorado buscando TLDs, aún no contenía TLDs. Activar historial de depuración para este historiador para una completa lista de los JARs que fueron explorados y de los que nos se halló TLDs. Saltarse JARs no necesarios durante la exploración puede dar lugar a una mejora de tiempo significativa en el arranque y compilación de JSP .
19-Jul-2024 17:19:54.241 INFO [http-nio-8080-exec-122] org.apache.catalina.core.StandardContext.reload Se ha completado la recarga de este Contexto
