03-Jul-2024 13:41:38.632 INFO [main] org.apache.catalina.startup.VersionLoggerListener.log Nombre de la versión del servidor: Apache Tomcat/9.0.89
03-Jul-2024 13:41:38.635 INFO [main] org.apache.catalina.startup.VersionLoggerListener.log Server built:                      May 3 2024 20:22:11 UTC
03-Jul-2024 13:41:38.635 INFO [main] org.apache.catalina.startup.VersionLoggerListener.log Número de versión de servidor:     9.0.89.0
03-Jul-2024 13:41:38.635 INFO [main] org.apache.catalina.startup.VersionLoggerListener.log OS Name:                           Windows 10
03-Jul-2024 13:41:38.635 INFO [main] org.apache.catalina.startup.VersionLoggerListener.log Versión de Systema Operativo:      10.0
03-Jul-2024 13:41:38.635 INFO [main] org.apache.catalina.startup.VersionLoggerListener.log Arquitectura:                      amd64
03-Jul-2024 13:41:38.635 INFO [main] org.apache.catalina.startup.VersionLoggerListener.log Java Home:                         C:\Program Files\Java\jdk-16.0.2
03-Jul-2024 13:41:38.635 INFO [main] org.apache.catalina.startup.VersionLoggerListener.log JVM Version:                       16.0.2+7-67
03-Jul-2024 13:41:38.635 INFO [main] org.apache.catalina.startup.VersionLoggerListener.log Vededor JVM:                       Oracle Corporation
03-Jul-2024 13:41:38.635 INFO [main] org.apache.catalina.startup.VersionLoggerListener.log CATALINA_BASE:                     C:\Users\Julian\Desktop\sena\DOCUMENTOS\Java\Proyecto\Prueba_crud\complementos\apache-tomcat-9.0.89
03-Jul-2024 13:41:38.636 INFO [main] org.apache.catalina.startup.VersionLoggerListener.log CATALINA_HOME:                     C:\Users\Julian\Desktop\sena\DOCUMENTOS\Java\Proyecto\Prueba_crud\complementos\apache-tomcat-9.0.89
03-Jul-2024 13:41:38.645 INFO [main] org.apache.catalina.startup.VersionLoggerListener.log Command line argument:             --add-opens=java.base/java.lang=ALL-UNNAMED
03-Jul-2024 13:41:38.645 INFO [main] org.apache.catalina.startup.VersionLoggerListener.log Command line argument:             --add-opens=java.base/java.io=ALL-UNNAMED
03-Jul-2024 13:41:38.645 INFO [main] org.apache.catalina.startup.VersionLoggerListener.log Command line argument:             --add-opens=java.base/java.util=ALL-UNNAMED
03-Jul-2024 13:41:38.645 INFO [main] org.apache.catalina.startup.VersionLoggerListener.log Command line argument:             --add-opens=java.base/java.util.concurrent=ALL-UNNAMED
03-Jul-2024 13:41:38.645 INFO [main] org.apache.catalina.startup.VersionLoggerListener.log Command line argument:             --add-opens=java.rmi/sun.rmi.transport=ALL-UNNAMED
03-Jul-2024 13:41:38.645 INFO [main] org.apache.catalina.startup.VersionLoggerListener.log Command line argument:             -Djava.util.logging.config.file=C:\Users\Julian\Desktop\sena\DOCUMENTOS\Java\Proyecto\Prueba_crud\complementos\apache-tomcat-9.0.89\conf\logging.properties
03-Jul-2024 13:41:38.645 INFO [main] org.apache.catalina.startup.VersionLoggerListener.log Command line argument:             -Djava.util.logging.manager=org.apache.juli.ClassLoaderLogManager
03-Jul-2024 13:41:38.645 INFO [main] org.apache.catalina.startup.VersionLoggerListener.log Command line argument:             -Dhttp.nonProxyHosts=localhost|127.0.0.1|DESKTOP-U7KTML0
03-Jul-2024 13:41:38.646 INFO [main] org.apache.catalina.startup.VersionLoggerListener.log Command line argument:             -Djdk.tls.ephemeralDHKeySize=2048
03-Jul-2024 13:41:38.646 INFO [main] org.apache.catalina.startup.VersionLoggerListener.log Command line argument:             -Djava.protocol.handler.pkgs=org.apache.catalina.webresources
03-Jul-2024 13:41:38.646 INFO [main] org.apache.catalina.startup.VersionLoggerListener.log Command line argument:             -Dignore.endorsed.dirs=
03-Jul-2024 13:41:38.646 INFO [main] org.apache.catalina.startup.VersionLoggerListener.log Command line argument:             -Dcatalina.base=C:\Users\Julian\Desktop\sena\DOCUMENTOS\Java\Proyecto\Prueba_crud\complementos\apache-tomcat-9.0.89
03-Jul-2024 13:41:38.646 INFO [main] org.apache.catalina.startup.VersionLoggerListener.log Command line argument:             -Dcatalina.home=C:\Users\Julian\Desktop\sena\DOCUMENTOS\Java\Proyecto\Prueba_crud\complementos\apache-tomcat-9.0.89
03-Jul-2024 13:41:38.647 INFO [main] org.apache.catalina.startup.VersionLoggerListener.log Command line argument:             -Djava.io.tmpdir=C:\Users\Julian\Desktop\sena\DOCUMENTOS\Java\Proyecto\Prueba_crud\complementos\apache-tomcat-9.0.89\temp
03-Jul-2024 13:41:38.651 INFO [main] org.apache.catalina.core.AprLifecycleListener.lifecycleEvent Cargada la biblioteca nativa APR de Apache Tomcat [1.3.0] con la versión APR [1.7.4].
03-Jul-2024 13:41:38.652 INFO [main] org.apache.catalina.core.AprLifecycleListener.lifecycleEvent Capacidades APR: IPv6 [true], enviar fichero [true], aceptar filtros [false], aleatorio [true], UDS [true].
03-Jul-2024 13:41:38.652 INFO [main] org.apache.catalina.core.AprLifecycleListener.lifecycleEvent APR/OpenSSL configuration: useAprConnector [false], useOpenSSL [true]
03-Jul-2024 13:41:38.656 INFO [main] org.apache.catalina.core.AprLifecycleListener.initializeSSL OpenSSL inicializado correctamente [OpenSSL 3.0.13 30 Jan 2024]
03-Jul-2024 13:41:38.863 INFO [main] org.apache.coyote.AbstractProtocol.init Inicializando el manejador de protocolo ["http-nio-8080"]

03-Jul-2024 13:41:38.881 INFO [main] org.apache.catalina.startup.Catalina.load Server initialization in [421] milliseconds
03-Jul-2024 13:41:38.925 INFO [main] org.apache.catalina.core.StandardService.startInternal Arrancando servicio [Catalina]
03-Jul-2024 13:41:38.925 INFO [main] org.apache.catalina.core.StandardEngine.startInternal Starting Servlet engine: [Apache Tomcat/9.0.89]
03-Jul-2024 13:41:38.937 INFO [main] org.apache.catalina.startup.HostConfig.deployDescriptor Desplieque del descriptor de configuración [C:\Users\Julian\Desktop\sena\DOCUMENTOS\Java\Proyecto\Prueba_crud\complementos\apache-tomcat-9.0.89\conf\Catalina\localhost\prueba.xml]
03-Jul-2024 13:41:38.951 WARNING [main] org.apache.catalina.startup.HostConfig.deployDescriptor The path attribute with value [/prueba] in deployment descriptor [C:\Users\Julian\Desktop\sena\DOCUMENTOS\Java\Proyecto\Prueba_crud\complementos\apache-tomcat-9.0.89\conf\Catalina\localhost\prueba.xml] has been ignored
03-Jul-2024 13:41:39.203 INFO [main] org.apache.catalina.startup.HostConfig.deployDescriptor Deployment of deployment descriptor [C:\Users\Julian\Desktop\sena\DOCUMENTOS\Java\Proyecto\Prueba_crud\complementos\apache-tomcat-9.0.89\conf\Catalina\localhost\prueba.xml] has finished in [264] ms
03-Jul-2024 13:41:39.203 INFO [main] org.apache.catalina.startup.HostConfig.deployDescriptor Desplieque del descriptor de configuración [C:\Users\Julian\Desktop\sena\DOCUMENTOS\Java\Proyecto\Prueba_crud\complementos\apache-tomcat-9.0.89\conf\Catalina\localhost\Prueba_crud.xml]
03-Jul-2024 13:41:39.205 WARNING [main] org.apache.catalina.startup.HostConfig.deployDescriptor The path attribute with value [/Prueba_crud] in deployment descriptor [C:\Users\Julian\Desktop\sena\DOCUMENTOS\Java\Proyecto\Prueba_crud\complementos\apache-tomcat-9.0.89\conf\Catalina\localhost\Prueba_crud.xml] has been ignored
03-Jul-2024 13:41:39.418 INFO [main] org.apache.jasper.servlet.TldScanner.scanJars Al menos un JAR, que se ha explorado buscando TLDs, aún no contenía TLDs. Activar historial de depuración para este historiador para una completa lista de los JARs que fueron explorados y de los que nos se halló TLDs. Saltarse JARs no necesarios durante la exploración puede dar lugar a una mejora de tiempo significativa en el arranque y compilación de JSP .
03-Jul-2024 13:41:39.429 INFO [main] org.apache.catalina.startup.HostConfig.deployDescriptor Deployment of deployment descriptor [C:\Users\Julian\Desktop\sena\DOCUMENTOS\Java\Proyecto\Prueba_crud\complementos\apache-tomcat-9.0.89\conf\Catalina\localhost\Prueba_crud.xml] has finished in [226] ms
03-Jul-2024 13:41:39.429 INFO [main] org.apache.catalina.startup.HostConfig.deployDirectory Desplegando el directorio [C:\Users\Julian\Desktop\sena\DOCUMENTOS\Java\Proyecto\Prueba_crud\complementos\apache-tomcat-9.0.89\webapps\docs] de la aplicación web
03-Jul-2024 13:41:39.458 INFO [main] org.apache.catalina.startup.HostConfig.deployDirectory Deployment of web application directory [C:\Users\Julian\Desktop\sena\DOCUMENTOS\Java\Proyecto\Prueba_crud\complementos\apache-tomcat-9.0.89\webapps\docs] has finished in [28] ms
03-Jul-2024 13:41:39.458 INFO [main] org.apache.catalina.startup.HostConfig.deployDirectory Desplegando el directorio [C:\Users\Julian\Desktop\sena\DOCUMENTOS\Java\Proyecto\Prueba_crud\complementos\apache-tomcat-9.0.89\webapps\examples] de la aplicación web
03-Jul-2024 13:41:39.834 INFO [main] org.apache.catalina.startup.HostConfig.deployDirectory Deployment of web application directory [C:\Users\Julian\Desktop\sena\DOCUMENTOS\Java\Proyecto\Prueba_crud\complementos\apache-tomcat-9.0.89\webapps\examples] has finished in [376] ms
03-Jul-2024 13:41:39.835 INFO [main] org.apache.catalina.startup.HostConfig.deployDirectory Desplegando el directorio [C:\Users\Julian\Desktop\sena\DOCUMENTOS\Java\Proyecto\Prueba_crud\complementos\apache-tomcat-9.0.89\webapps\host-manager] de la aplicación web
03-Jul-2024 13:41:39.875 INFO [main] org.apache.catalina.startup.HostConfig.deployDirectory Deployment of web application directory [C:\Users\Julian\Desktop\sena\DOCUMENTOS\Java\Proyecto\Prueba_crud\complementos\apache-tomcat-9.0.89\webapps\host-manager] has finished in [40] ms
03-Jul-2024 13:41:39.875 INFO [main] org.apache.catalina.startup.HostConfig.deployDirectory Desplegando el directorio [C:\Users\Julian\Desktop\sena\DOCUMENTOS\Java\Proyecto\Prueba_crud\complementos\apache-tomcat-9.0.89\webapps\manager] de la aplicación web
03-Jul-2024 13:41:39.920 INFO [main] org.apache.catalina.startup.HostConfig.deployDirectory Deployment of web application directory [C:\Users\Julian\Desktop\sena\DOCUMENTOS\Java\Proyecto\Prueba_crud\complementos\apache-tomcat-9.0.89\webapps\manager] has finished in [45] ms
03-Jul-2024 13:41:39.920 INFO [main] org.apache.catalina.startup.HostConfig.deployDirectory Desplegando el directorio [C:\Users\Julian\Desktop\sena\DOCUMENTOS\Java\Proyecto\Prueba_crud\complementos\apache-tomcat-9.0.89\webapps\ROOT] de la aplicación web
03-Jul-2024 13:41:39.949 INFO [main] org.apache.catalina.startup.HostConfig.deployDirectory Deployment of web application directory [C:\Users\Julian\Desktop\sena\DOCUMENTOS\Java\Proyecto\Prueba_crud\complementos\apache-tomcat-9.0.89\webapps\ROOT] has finished in [29] ms
03-Jul-2024 13:41:39.953 INFO [main] org.apache.coyote.AbstractProtocol.start Starting ProtocolHandler ["http-nio-8080"]
03-Jul-2024 13:41:39.982 INFO [main] org.apache.catalina.startup.Catalina.start Server startup in [1100] milliseconds
03-Jul-2024 13:48:50.496 INFO [main] org.apache.catalina.core.StandardServer.await Se ha recibido un comando de apagado a través del puerto de apagado. Parando la instancia del Servidor.
03-Jul-2024 13:48:50.496 INFO [main] org.apache.coyote.AbstractProtocol.pause Pausing ProtocolHandler ["http-nio-8080"]
03-Jul-2024 13:48:50.501 INFO [main] org.apache.catalina.core.StandardService.stopInternal Parando servicio [Catalina]
03-Jul-2024 13:48:50.524 INFO [main] org.apache.coyote.AbstractProtocol.stop Stopping ProtocolHandler ["http-nio-8080"]
03-Jul-2024 13:48:50.540 INFO [main] org.apache.coyote.AbstractProtocol.destroy Destroying ProtocolHandler ["http-nio-8080"]
