29-Jun-2024 13:21:33.664 INFO [main] org.apache.catalina.startup.VersionLoggerListener.log Nombre de la versión del servidor: Apache Tomcat/9.0.89
29-Jun-2024 13:21:33.668 INFO [main] org.apache.catalina.startup.VersionLoggerListener.log Server built:                      May 3 2024 20:22:11 UTC
29-Jun-2024 13:21:33.669 INFO [main] org.apache.catalina.startup.VersionLoggerListener.log Número de versión de servidor:     9.0.89.0
29-Jun-2024 13:21:33.669 INFO [main] org.apache.catalina.startup.VersionLoggerListener.log OS Name:                           Windows 10
29-Jun-2024 13:21:33.669 INFO [main] org.apache.catalina.startup.VersionLoggerListener.log Versión de Systema Operativo:      10.0
29-Jun-2024 13:21:33.669 INFO [main] org.apache.catalina.startup.VersionLoggerListener.log Arquitectura:                      amd64
29-Jun-2024 13:21:33.669 INFO [main] org.apache.catalina.startup.VersionLoggerListener.log Java Home:                         C:\Program Files\Java\jdk-16.0.2
29-Jun-2024 13:21:33.669 INFO [main] org.apache.catalina.startup.VersionLoggerListener.log JVM Version:                       16.0.2+7-67
29-Jun-2024 13:21:33.670 INFO [main] org.apache.catalina.startup.VersionLoggerListener.log Vededor JVM:                       Oracle Corporation
29-Jun-2024 13:21:33.670 INFO [main] org.apache.catalina.startup.VersionLoggerListener.log CATALINA_BASE:                     C:\Users\Julian\Desktop\sena\DOCUMENTOS\Java\Proyecto\Prueba_crud\complementos\apache-tomcat-9.0.89
29-Jun-2024 13:21:33.670 INFO [main] org.apache.catalina.startup.VersionLoggerListener.log CATALINA_HOME:                     C:\Users\Julian\Desktop\sena\DOCUMENTOS\Java\Proyecto\Prueba_crud\complementos\apache-tomcat-9.0.89
29-Jun-2024 13:21:33.685 INFO [main] org.apache.catalina.startup.VersionLoggerListener.log Command line argument:             --add-opens=java.base/java.lang=ALL-UNNAMED
29-Jun-2024 13:21:33.685 INFO [main] org.apache.catalina.startup.VersionLoggerListener.log Command line argument:             --add-opens=java.base/java.io=ALL-UNNAMED
29-Jun-2024 13:21:33.685 INFO [main] org.apache.catalina.startup.VersionLoggerListener.log Command line argument:             --add-opens=java.base/java.util=ALL-UNNAMED
29-Jun-2024 13:21:33.685 INFO [main] org.apache.catalina.startup.VersionLoggerListener.log Command line argument:             --add-opens=java.base/java.util.concurrent=ALL-UNNAMED
29-Jun-2024 13:21:33.685 INFO [main] org.apache.catalina.startup.VersionLoggerListener.log Command line argument:             --add-opens=java.rmi/sun.rmi.transport=ALL-UNNAMED
29-Jun-2024 13:21:33.686 INFO [main] org.apache.catalina.startup.VersionLoggerListener.log Command line argument:             -Djava.util.logging.config.file=C:\Users\Julian\Desktop\sena\DOCUMENTOS\Java\Proyecto\Prueba_crud\complementos\apache-tomcat-9.0.89\conf\logging.properties
29-Jun-2024 13:21:33.686 INFO [main] org.apache.catalina.startup.VersionLoggerListener.log Command line argument:             -Djava.util.logging.manager=org.apache.juli.ClassLoaderLogManager
29-Jun-2024 13:21:33.686 INFO [main] org.apache.catalina.startup.VersionLoggerListener.log Command line argument:             -Dhttp.nonProxyHosts=localhost|127.0.0.1|DESKTOP-U7KTML0
29-Jun-2024 13:21:33.686 INFO [main] org.apache.catalina.startup.VersionLoggerListener.log Command line argument:             -Djdk.tls.ephemeralDHKeySize=2048
29-Jun-2024 13:21:33.686 INFO [main] org.apache.catalina.startup.VersionLoggerListener.log Command line argument:             -Djava.protocol.handler.pkgs=org.apache.catalina.webresources
29-Jun-2024 13:21:33.686 INFO [main] org.apache.catalina.startup.VersionLoggerListener.log Command line argument:             -Dignore.endorsed.dirs=
29-Jun-2024 13:21:33.686 INFO [main] org.apache.catalina.startup.VersionLoggerListener.log Command line argument:             -Dcatalina.base=C:\Users\Julian\Desktop\sena\DOCUMENTOS\Java\Proyecto\Prueba_crud\complementos\apache-tomcat-9.0.89
29-Jun-2024 13:21:33.686 INFO [main] org.apache.catalina.startup.VersionLoggerListener.log Command line argument:             -Dcatalina.home=C:\Users\Julian\Desktop\sena\DOCUMENTOS\Java\Proyecto\Prueba_crud\complementos\apache-tomcat-9.0.89
29-Jun-2024 13:21:33.686 INFO [main] org.apache.catalina.startup.VersionLoggerListener.log Command line argument:             -Djava.io.tmpdir=C:\Users\Julian\Desktop\sena\DOCUMENTOS\Java\Proyecto\Prueba_crud\complementos\apache-tomcat-9.0.89\temp
29-Jun-2024 13:21:33.690 INFO [main] org.apache.catalina.core.AprLifecycleListener.lifecycleEvent Cargada la biblioteca nativa APR de Apache Tomcat [1.3.0] con la versión APR [1.7.4].
29-Jun-2024 13:21:33.691 INFO [main] org.apache.catalina.core.AprLifecycleListener.lifecycleEvent Capacidades APR: IPv6 [true], enviar fichero [true], aceptar filtros [false], aleatorio [true], UDS [true].
29-Jun-2024 13:21:33.691 INFO [main] org.apache.catalina.core.AprLifecycleListener.lifecycleEvent APR/OpenSSL configuration: useAprConnector [false], useOpenSSL [true]
29-Jun-2024 13:21:33.696 INFO [main] org.apache.catalina.core.AprLifecycleListener.initializeSSL OpenSSL inicializado correctamente [OpenSSL 3.0.13 30 Jan 2024]
29-Jun-2024 13:21:33.934 INFO [main] org.apache.coyote.AbstractProtocol.init Inicializando el manejador de protocolo ["http-nio-8080"]

29-Jun-2024 13:21:33.957 INFO [main] org.apache.catalina.startup.Catalina.load Server initialization in [530] milliseconds
29-Jun-2024 13:21:34.002 INFO [main] org.apache.catalina.core.StandardService.startInternal Arrancando servicio [Catalina]
29-Jun-2024 13:21:34.002 INFO [main] org.apache.catalina.core.StandardEngine.startInternal Starting Servlet engine: [Apache Tomcat/9.0.89]
29-Jun-2024 13:21:34.013 INFO [main] org.apache.catalina.startup.HostConfig.deployDescriptor Desplieque del descriptor de configuración [C:\Users\Julian\Desktop\sena\DOCUMENTOS\Java\Proyecto\Prueba_crud\complementos\apache-tomcat-9.0.89\conf\Catalina\localhost\prueba.xml]
29-Jun-2024 13:21:34.028 WARNING [main] org.apache.catalina.startup.HostConfig.deployDescriptor The path attribute with value [/prueba] in deployment descriptor [C:\Users\Julian\Desktop\sena\DOCUMENTOS\Java\Proyecto\Prueba_crud\complementos\apache-tomcat-9.0.89\conf\Catalina\localhost\prueba.xml] has been ignored
29-Jun-2024 13:21:34.373 INFO [main] org.apache.catalina.startup.HostConfig.deployDescriptor Deployment of deployment descriptor [C:\Users\Julian\Desktop\sena\DOCUMENTOS\Java\Proyecto\Prueba_crud\complementos\apache-tomcat-9.0.89\conf\Catalina\localhost\prueba.xml] has finished in [359] ms
29-Jun-2024 13:21:34.374 INFO [main] org.apache.catalina.startup.HostConfig.deployDescriptor Desplieque del descriptor de configuración [C:\Users\Julian\Desktop\sena\DOCUMENTOS\Java\Proyecto\Prueba_crud\complementos\apache-tomcat-9.0.89\conf\Catalina\localhost\Prueba_crud.xml]
29-Jun-2024 13:21:34.374 WARNING [main] org.apache.catalina.startup.HostConfig.deployDescriptor The path attribute with value [/Prueba_crud] in deployment descriptor [C:\Users\Julian\Desktop\sena\DOCUMENTOS\Java\Proyecto\Prueba_crud\complementos\apache-tomcat-9.0.89\conf\Catalina\localhost\Prueba_crud.xml] has been ignored
29-Jun-2024 13:21:34.645 INFO [main] org.apache.jasper.servlet.TldScanner.scanJars Al menos un JAR, que se ha explorado buscando TLDs, aún no contenía TLDs. Activar historial de depuración para este historiador para una completa lista de los JARs que fueron explorados y de los que nos se halló TLDs. Saltarse JARs no necesarios durante la exploración puede dar lugar a una mejora de tiempo significativa en el arranque y compilación de JSP .
29-Jun-2024 13:21:34.649 INFO [main] org.apache.catalina.startup.HostConfig.deployDescriptor Deployment of deployment descriptor [C:\Users\Julian\Desktop\sena\DOCUMENTOS\Java\Proyecto\Prueba_crud\complementos\apache-tomcat-9.0.89\conf\Catalina\localhost\Prueba_crud.xml] has finished in [275] ms
29-Jun-2024 13:21:34.651 INFO [main] org.apache.catalina.startup.HostConfig.deployDirectory Desplegando el directorio [C:\Users\Julian\Desktop\sena\DOCUMENTOS\Java\Proyecto\Prueba_crud\complementos\apache-tomcat-9.0.89\webapps\docs] de la aplicación web
29-Jun-2024 13:21:34.695 INFO [main] org.apache.catalina.startup.HostConfig.deployDirectory Deployment of web application directory [C:\Users\Julian\Desktop\sena\DOCUMENTOS\Java\Proyecto\Prueba_crud\complementos\apache-tomcat-9.0.89\webapps\docs] has finished in [44] ms
29-Jun-2024 13:21:34.696 INFO [main] org.apache.catalina.startup.HostConfig.deployDirectory Desplegando el directorio [C:\Users\Julian\Desktop\sena\DOCUMENTOS\Java\Proyecto\Prueba_crud\complementos\apache-tomcat-9.0.89\webapps\examples] de la aplicación web
29-Jun-2024 13:21:35.111 INFO [main] org.apache.catalina.startup.HostConfig.deployDirectory Deployment of web application directory [C:\Users\Julian\Desktop\sena\DOCUMENTOS\Java\Proyecto\Prueba_crud\complementos\apache-tomcat-9.0.89\webapps\examples] has finished in [414] ms
29-Jun-2024 13:21:35.111 INFO [main] org.apache.catalina.startup.HostConfig.deployDirectory Desplegando el directorio [C:\Users\Julian\Desktop\sena\DOCUMENTOS\Java\Proyecto\Prueba_crud\complementos\apache-tomcat-9.0.89\webapps\host-manager] de la aplicación web
29-Jun-2024 13:21:35.154 INFO [main] org.apache.catalina.startup.HostConfig.deployDirectory Deployment of web application directory [C:\Users\Julian\Desktop\sena\DOCUMENTOS\Java\Proyecto\Prueba_crud\complementos\apache-tomcat-9.0.89\webapps\host-manager] has finished in [42] ms
29-Jun-2024 13:21:35.154 INFO [main] org.apache.catalina.startup.HostConfig.deployDirectory Desplegando el directorio [C:\Users\Julian\Desktop\sena\DOCUMENTOS\Java\Proyecto\Prueba_crud\complementos\apache-tomcat-9.0.89\webapps\manager] de la aplicación web
29-Jun-2024 13:21:35.197 INFO [main] org.apache.catalina.startup.HostConfig.deployDirectory Deployment of web application directory [C:\Users\Julian\Desktop\sena\DOCUMENTOS\Java\Proyecto\Prueba_crud\complementos\apache-tomcat-9.0.89\webapps\manager] has finished in [43] ms
29-Jun-2024 13:21:35.197 INFO [main] org.apache.catalina.startup.HostConfig.deployDirectory Desplegando el directorio [C:\Users\Julian\Desktop\sena\DOCUMENTOS\Java\Proyecto\Prueba_crud\complementos\apache-tomcat-9.0.89\webapps\ROOT] de la aplicación web
29-Jun-2024 13:21:35.222 INFO [main] org.apache.catalina.startup.HostConfig.deployDirectory Deployment of web application directory [C:\Users\Julian\Desktop\sena\DOCUMENTOS\Java\Proyecto\Prueba_crud\complementos\apache-tomcat-9.0.89\webapps\ROOT] has finished in [25] ms
29-Jun-2024 13:21:35.225 INFO [main] org.apache.coyote.AbstractProtocol.start Starting ProtocolHandler ["http-nio-8080"]
29-Jun-2024 13:21:35.253 INFO [main] org.apache.catalina.startup.Catalina.start Server startup in [1296] milliseconds
29-Jun-2024 14:00:40.924 INFO [main] org.apache.catalina.core.StandardServer.await Se ha recibido un comando de apagado a través del puerto de apagado. Parando la instancia del Servidor.
29-Jun-2024 14:00:40.924 INFO [main] org.apache.coyote.AbstractProtocol.pause Pausing ProtocolHandler ["http-nio-8080"]
29-Jun-2024 14:00:40.929 INFO [main] org.apache.catalina.core.StandardService.stopInternal Parando servicio [Catalina]
29-Jun-2024 14:00:40.952 WARNING [main] org.apache.catalina.loader.WebappClassLoaderBase.clearReferencesJdbc La aplicación web [Prueba_crud] registró el conductor JDBC [com.mysql.jdbc.Driver] pero falló al anular el registro mientras la aplicación web estaba parada. Para prevenir un fallo de memoria, se ha anulado el registro del conductor JDBC por la fuerza.
29-Jun-2024 14:00:40.962 INFO [main] org.apache.coyote.AbstractProtocol.stop Stopping ProtocolHandler ["http-nio-8080"]
29-Jun-2024 14:00:40.974 INFO [main] org.apache.coyote.AbstractProtocol.destroy Destroying ProtocolHandler ["http-nio-8080"]
