16-Jul-2024 09:27:10.645 INFO [main] org.apache.catalina.startup.VersionLoggerListener.log Nombre de la versión del servidor: Apache Tomcat/9.0.89
16-Jul-2024 09:27:10.648 INFO [main] org.apache.catalina.startup.VersionLoggerListener.log Server built:                      May 3 2024 20:22:11 UTC
16-Jul-2024 09:27:10.648 INFO [main] org.apache.catalina.startup.VersionLoggerListener.log Número de versión de servidor:     9.0.89.0
16-Jul-2024 09:27:10.648 INFO [main] org.apache.catalina.startup.VersionLoggerListener.log OS Name:                           Windows 11
16-Jul-2024 09:27:10.648 INFO [main] org.apache.catalina.startup.VersionLoggerListener.log Versión de Systema Operativo:      10.0
16-Jul-2024 09:27:10.648 INFO [main] org.apache.catalina.startup.VersionLoggerListener.log Arquitectura:                      amd64
16-Jul-2024 09:27:10.648 INFO [main] org.apache.catalina.startup.VersionLoggerListener.log Java Home:                         C:\Program Files\Java\jdk-22
16-Jul-2024 09:27:10.648 INFO [main] org.apache.catalina.startup.VersionLoggerListener.log JVM Version:                       22.0.1+8-16
16-Jul-2024 09:27:10.648 INFO [main] org.apache.catalina.startup.VersionLoggerListener.log Vededor JVM:                       Oracle Corporation
16-Jul-2024 09:27:10.648 INFO [main] org.apache.catalina.startup.VersionLoggerListener.log CATALINA_BASE:                     C:\Users\Propietario\Documents\NetBeansProjects\PrimeraEquipacion\dependencias\apache-tomcat-9.0.89
16-Jul-2024 09:27:10.649 INFO [main] org.apache.catalina.startup.VersionLoggerListener.log CATALINA_HOME:                     C:\Users\Propietario\Documents\NetBeansProjects\PrimeraEquipacion\dependencias\apache-tomcat-9.0.89
16-Jul-2024 09:27:10.655 INFO [main] org.apache.catalina.startup.VersionLoggerListener.log Command line argument:             --add-opens=java.base/java.lang=ALL-UNNAMED
16-Jul-2024 09:27:10.655 INFO [main] org.apache.catalina.startup.VersionLoggerListener.log Command line argument:             --add-opens=java.base/java.io=ALL-UNNAMED
16-Jul-2024 09:27:10.655 INFO [main] org.apache.catalina.startup.VersionLoggerListener.log Command line argument:             --add-opens=java.base/java.util=ALL-UNNAMED
16-Jul-2024 09:27:10.655 INFO [main] org.apache.catalina.startup.VersionLoggerListener.log Command line argument:             --add-opens=java.base/java.util.concurrent=ALL-UNNAMED
16-Jul-2024 09:27:10.655 INFO [main] org.apache.catalina.startup.VersionLoggerListener.log Command line argument:             --add-opens=java.rmi/sun.rmi.transport=ALL-UNNAMED
16-Jul-2024 09:27:10.655 INFO [main] org.apache.catalina.startup.VersionLoggerListener.log Command line argument:             -Djava.util.logging.config.file=C:\Users\Propietario\Documents\NetBeansProjects\PrimeraEquipacion\dependencias\apache-tomcat-9.0.89\conf\logging.properties
16-Jul-2024 09:27:10.656 INFO [main] org.apache.catalina.startup.VersionLoggerListener.log Command line argument:             -Djava.util.logging.manager=org.apache.juli.ClassLoaderLogManager
16-Jul-2024 09:27:10.656 INFO [main] org.apache.catalina.startup.VersionLoggerListener.log Command line argument:             -Djdk.tls.ephemeralDHKeySize=2048
16-Jul-2024 09:27:10.656 INFO [main] org.apache.catalina.startup.VersionLoggerListener.log Command line argument:             -Djava.protocol.handler.pkgs=org.apache.catalina.webresources
16-Jul-2024 09:27:10.656 INFO [main] org.apache.catalina.startup.VersionLoggerListener.log Command line argument:             -Dignore.endorsed.dirs=
16-Jul-2024 09:27:10.656 INFO [main] org.apache.catalina.startup.VersionLoggerListener.log Command line argument:             -Dcatalina.base=C:\Users\Propietario\Documents\NetBeansProjects\PrimeraEquipacion\dependencias\apache-tomcat-9.0.89
16-Jul-2024 09:27:10.656 INFO [main] org.apache.catalina.startup.VersionLoggerListener.log Command line argument:             -Dcatalina.home=C:\Users\Propietario\Documents\NetBeansProjects\PrimeraEquipacion\dependencias\apache-tomcat-9.0.89
16-Jul-2024 09:27:10.656 INFO [main] org.apache.catalina.startup.VersionLoggerListener.log Command line argument:             -Djava.io.tmpdir=C:\Users\Propietario\Documents\NetBeansProjects\PrimeraEquipacion\dependencias\apache-tomcat-9.0.89\temp
16-Jul-2024 09:27:10.685 INFO [main] org.apache.catalina.core.AprLifecycleListener.lifecycleEvent Cargada la biblioteca nativa APR de Apache Tomcat [1.3.0] con la versión APR [1.7.4].
16-Jul-2024 09:27:10.685 INFO [main] org.apache.catalina.core.AprLifecycleListener.lifecycleEvent Capacidades APR: IPv6 [true], enviar fichero [true], aceptar filtros [false], aleatorio [true], UDS [true].
16-Jul-2024 09:27:10.685 INFO [main] org.apache.catalina.core.AprLifecycleListener.lifecycleEvent APR/OpenSSL configuration: useAprConnector [false], useOpenSSL [true]
16-Jul-2024 09:27:10.691 INFO [main] org.apache.catalina.core.AprLifecycleListener.initializeSSL OpenSSL inicializado correctamente [OpenSSL 3.0.13 30 Jan 2024]
16-Jul-2024 09:27:10.946 INFO [main] org.apache.coyote.AbstractProtocol.init Inicializando el manejador de protocolo ["http-nio-8080"]

16-Jul-2024 09:27:10.964 INFO [main] org.apache.catalina.startup.Catalina.load Server initialization in [503] milliseconds
16-Jul-2024 09:27:11.004 INFO [main] org.apache.catalina.core.StandardService.startInternal Arrancando servicio [Catalina]
16-Jul-2024 09:27:11.004 INFO [main] org.apache.catalina.core.StandardEngine.startInternal Starting Servlet engine: [Apache Tomcat/9.0.89]
16-Jul-2024 09:27:11.013 INFO [main] org.apache.catalina.startup.HostConfig.deployDescriptor Desplieque del descriptor de configuración [C:\Users\Propietario\Documents\NetBeansProjects\PrimeraEquipacion\dependencias\apache-tomcat-9.0.89\conf\Catalina\localhost\PrimeraEquipacion.xml]
16-Jul-2024 09:27:11.025 WARNING [main] org.apache.catalina.startup.HostConfig.deployDescriptor The path attribute with value [/PrimeraEquipacion] in deployment descriptor [C:\Users\Propietario\Documents\NetBeansProjects\PrimeraEquipacion\dependencias\apache-tomcat-9.0.89\conf\Catalina\localhost\PrimeraEquipacion.xml] has been ignored
16-Jul-2024 09:27:11.353 INFO [main] org.apache.jasper.servlet.TldScanner.scanJars Al menos un JAR, que se ha explorado buscando TLDs, aún no contenía TLDs. Activar historial de depuración para este historiador para una completa lista de los JARs que fueron explorados y de los que nos se halló TLDs. Saltarse JARs no necesarios durante la exploración puede dar lugar a una mejora de tiempo significativa en el arranque y compilación de JSP .
16-Jul-2024 09:27:11.406 INFO [main] org.apache.catalina.startup.HostConfig.deployDescriptor Deployment of deployment descriptor [C:\Users\Propietario\Documents\NetBeansProjects\PrimeraEquipacion\dependencias\apache-tomcat-9.0.89\conf\Catalina\localhost\PrimeraEquipacion.xml] has finished in [389] ms
16-Jul-2024 09:27:11.408 INFO [main] org.apache.catalina.startup.HostConfig.deployDirectory Desplegando el directorio [C:\Users\Propietario\Documents\NetBeansProjects\PrimeraEquipacion\dependencias\apache-tomcat-9.0.89\webapps\docs] de la aplicación web
16-Jul-2024 09:27:11.437 INFO [main] org.apache.catalina.startup.HostConfig.deployDirectory Deployment of web application directory [C:\Users\Propietario\Documents\NetBeansProjects\PrimeraEquipacion\dependencias\apache-tomcat-9.0.89\webapps\docs] has finished in [29] ms
16-Jul-2024 09:27:11.437 INFO [main] org.apache.catalina.startup.HostConfig.deployDirectory Desplegando el directorio [C:\Users\Propietario\Documents\NetBeansProjects\PrimeraEquipacion\dependencias\apache-tomcat-9.0.89\webapps\examples] de la aplicación web
16-Jul-2024 09:27:11.746 INFO [main] org.apache.catalina.startup.HostConfig.deployDirectory Deployment of web application directory [C:\Users\Propietario\Documents\NetBeansProjects\PrimeraEquipacion\dependencias\apache-tomcat-9.0.89\webapps\examples] has finished in [309] ms
16-Jul-2024 09:27:11.746 INFO [main] org.apache.catalina.startup.HostConfig.deployDirectory Desplegando el directorio [C:\Users\Propietario\Documents\NetBeansProjects\PrimeraEquipacion\dependencias\apache-tomcat-9.0.89\webapps\host-manager] de la aplicación web
16-Jul-2024 09:27:11.779 INFO [main] org.apache.catalina.startup.HostConfig.deployDirectory Deployment of web application directory [C:\Users\Propietario\Documents\NetBeansProjects\PrimeraEquipacion\dependencias\apache-tomcat-9.0.89\webapps\host-manager] has finished in [33] ms
16-Jul-2024 09:27:11.779 INFO [main] org.apache.catalina.startup.HostConfig.deployDirectory Desplegando el directorio [C:\Users\Propietario\Documents\NetBeansProjects\PrimeraEquipacion\dependencias\apache-tomcat-9.0.89\webapps\manager] de la aplicación web
16-Jul-2024 09:27:11.808 INFO [main] org.apache.catalina.startup.HostConfig.deployDirectory Deployment of web application directory [C:\Users\Propietario\Documents\NetBeansProjects\PrimeraEquipacion\dependencias\apache-tomcat-9.0.89\webapps\manager] has finished in [28] ms
16-Jul-2024 09:27:11.808 INFO [main] org.apache.catalina.startup.HostConfig.deployDirectory Desplegando el directorio [C:\Users\Propietario\Documents\NetBeansProjects\PrimeraEquipacion\dependencias\apache-tomcat-9.0.89\webapps\ROOT] de la aplicación web
16-Jul-2024 09:27:11.830 INFO [main] org.apache.catalina.startup.HostConfig.deployDirectory Deployment of web application directory [C:\Users\Propietario\Documents\NetBeansProjects\PrimeraEquipacion\dependencias\apache-tomcat-9.0.89\webapps\ROOT] has finished in [22] ms
16-Jul-2024 09:27:11.833 INFO [main] org.apache.coyote.AbstractProtocol.start Starting ProtocolHandler ["http-nio-8080"]
16-Jul-2024 09:27:11.852 INFO [main] org.apache.catalina.startup.Catalina.start Server startup in [886] milliseconds
16-Jul-2024 12:15:06.634 INFO [main] org.apache.catalina.core.StandardServer.await Se ha recibido un comando de apagado a través del puerto de apagado. Parando la instancia del Servidor.
16-Jul-2024 12:15:06.635 INFO [main] org.apache.coyote.AbstractProtocol.pause Pausing ProtocolHandler ["http-nio-8080"]
16-Jul-2024 12:15:06.638 INFO [main] org.apache.catalina.core.StandardService.stopInternal Parando servicio [Catalina]
16-Jul-2024 12:15:06.660 INFO [main] org.apache.coyote.AbstractProtocol.stop Stopping ProtocolHandler ["http-nio-8080"]
16-Jul-2024 12:15:06.672 INFO [main] org.apache.coyote.AbstractProtocol.destroy Destroying ProtocolHandler ["http-nio-8080"]
