27-Jun-2024 22:52:06.086 INFO [main] org.apache.catalina.core.ApplicationContext.log ContextListener: contextInitialized()
27-Jun-2024 22:52:06.086 INFO [main] org.apache.catalina.core.ApplicationContext.log SessionListener: contextInitialized()
27-Jun-2024 22:52:06.089 INFO [main] org.apache.catalina.core.ApplicationContext.log ContextListener: attributeAdded('StockTicker', 'async.Stockticker@46044faa')
27-Jun-2024 22:52:09.192 SEVERE [http-nio-8080-exec-2] org.apache.catalina.core.StandardWrapperValve.invoke El Servlet.service() para el servlet [jsp] en el contexto con ruta [/prueba] lanzó la excepción [No se puede compilar la clase para JSP: 

Ha tenido lugar un error en la línea: [48] en el archivo jsp: [/index.jsp]
JSONArray cannot be resolved to a type
45:         Connection conn = null;
46:         Statement stmt = null;
47:         ResultSet rs = null;
48:         JSONArray jsonArray = new JSONArray();
49: 
50:         try {
51:             Class.forName("com.mysql.cj.jdbc.Driver");


Ha tenido lugar un error en la línea: [48] en el archivo jsp: [/index.jsp]
JSONArray cannot be resolved to a type
45:         Connection conn = null;
46:         Statement stmt = null;
47:         ResultSet rs = null;
48:         JSONArray jsonArray = new JSONArray();
49: 
50:         try {
51:             Class.forName("com.mysql.cj.jdbc.Driver");


Ha tenido lugar un error en la línea: [57] en el archivo jsp: [/index.jsp]
JSONObject cannot be resolved to a type
54:             rs = stmt.executeQuery("SELECT * FROM usuarios");
55: 
56:             while (rs.next()) {
57:                 JSONObject jsonObj = new JSONObject();
58:                 jsonObj.put("id", rs.getInt("id"));
59:                 jsonObj.put("nombre", rs.getString("nombre"));
60:                 jsonObj.put("email", rs.getString("email"));


Ha tenido lugar un error en la línea: [57] en el archivo jsp: [/index.jsp]
JSONObject cannot be resolved to a type
54:             rs = stmt.executeQuery("SELECT * FROM usuarios");
55: 
56:             while (rs.next()) {
57:                 JSONObject jsonObj = new JSONObject();
58:                 jsonObj.put("id", rs.getInt("id"));
59:                 jsonObj.put("nombre", rs.getString("nombre"));
60:                 jsonObj.put("email", rs.getString("email"));


Stacktrace:] con causa raíz
	org.apache.jasper.JasperException: No se puede compilar la clase para JSP: 

Ha tenido lugar un error en la línea: [48] en el archivo jsp: [/index.jsp]
JSONArray cannot be resolved to a type
45:         Connection conn = null;
46:         Statement stmt = null;
47:         ResultSet rs = null;
48:         JSONArray jsonArray = new JSONArray();
49: 
50:         try {
51:             Class.forName("com.mysql.cj.jdbc.Driver");


Ha tenido lugar un error en la línea: [48] en el archivo jsp: [/index.jsp]
JSONArray cannot be resolved to a type
45:         Connection conn = null;
46:         Statement stmt = null;
47:         ResultSet rs = null;
48:         JSONArray jsonArray = new JSONArray();
49: 
50:         try {
51:             Class.forName("com.mysql.cj.jdbc.Driver");


Ha tenido lugar un error en la línea: [57] en el archivo jsp: [/index.jsp]
JSONObject cannot be resolved to a type
54:             rs = stmt.executeQuery("SELECT * FROM usuarios");
55: 
56:             while (rs.next()) {
57:                 JSONObject jsonObj = new JSONObject();
58:                 jsonObj.put("id", rs.getInt("id"));
59:                 jsonObj.put("nombre", rs.getString("nombre"));
60:                 jsonObj.put("email", rs.getString("email"));


Ha tenido lugar un error en la línea: [57] en el archivo jsp: [/index.jsp]
JSONObject cannot be resolved to a type
54:             rs = stmt.executeQuery("SELECT * FROM usuarios");
55: 
56:             while (rs.next()) {
57:                 JSONObject jsonObj = new JSONObject();
58:                 jsonObj.put("id", rs.getInt("id"));
59:                 jsonObj.put("nombre", rs.getString("nombre"));
60:                 jsonObj.put("email", rs.getString("email"));


Stacktrace:
		at org.apache.jasper.compiler.DefaultErrorHandler.javacError(DefaultErrorHandler.java:102)
		at org.apache.jasper.compiler.ErrorDispatcher.javacError(ErrorDispatcher.java:214)
		at org.apache.jasper.compiler.JDTCompiler.generateClass(JDTCompiler.java:553)
		at org.apache.jasper.compiler.Compiler.compile(Compiler.java:398)
		at org.apache.jasper.compiler.Compiler.compile(Compiler.java:368)
		at org.apache.jasper.compiler.Compiler.compile(Compiler.java:352)
		at org.apache.jasper.JspCompilationContext.compile(JspCompilationContext.java:603)
		at org.apache.jasper.servlet.JspServletWrapper.service(JspServletWrapper.java:399)
		at org.apache.jasper.servlet.JspServlet.serviceJspFile(JspServlet.java:379)
		at org.apache.jasper.servlet.JspServlet.service(JspServlet.java:327)
		at javax.servlet.http.HttpServlet.service(HttpServlet.java:623)
		at org.apache.catalina.core.ApplicationFilterChain.internalDoFilter(ApplicationFilterChain.java:199)
		at org.apache.catalina.core.ApplicationFilterChain.doFilter(ApplicationFilterChain.java:144)
		at org.apache.tomcat.websocket.server.WsFilter.doFilter(WsFilter.java:51)
		at org.apache.catalina.core.ApplicationFilterChain.internalDoFilter(ApplicationFilterChain.java:168)
		at org.apache.catalina.core.ApplicationFilterChain.doFilter(ApplicationFilterChain.java:144)
		at org.apache.catalina.core.StandardWrapperValve.invoke(StandardWrapperValve.java:168)
		at org.apache.catalina.core.StandardContextValve.invoke(StandardContextValve.java:90)
		at org.apache.catalina.authenticator.AuthenticatorBase.invoke(AuthenticatorBase.java:481)
		at org.apache.catalina.core.StandardHostValve.invoke(StandardHostValve.java:130)
		at org.apache.catalina.valves.ErrorReportValve.invoke(ErrorReportValve.java:93)
		at org.apache.catalina.valves.AbstractAccessLogValve.invoke(AbstractAccessLogValve.java:660)
		at org.apache.catalina.core.StandardEngineValve.invoke(StandardEngineValve.java:74)
		at org.apache.catalina.connector.CoyoteAdapter.service(CoyoteAdapter.java:346)
		at org.apache.coyote.http11.Http11Processor.service(Http11Processor.java:388)
		at org.apache.coyote.AbstractProcessorLight.process(AbstractProcessorLight.java:63)
		at org.apache.coyote.AbstractProtocol$ConnectionHandler.process(AbstractProtocol.java:928)
		at org.apache.tomcat.util.net.NioEndpoint$SocketProcessor.doRun(NioEndpoint.java:1791)
		at org.apache.tomcat.util.net.SocketProcessorBase.run(SocketProcessorBase.java:52)
		at org.apache.tomcat.util.threads.ThreadPoolExecutor.runWorker(ThreadPoolExecutor.java:1190)
		at org.apache.tomcat.util.threads.ThreadPoolExecutor$Worker.run(ThreadPoolExecutor.java:659)
		at org.apache.tomcat.util.threads.TaskThread$WrappingRunnable.run(TaskThread.java:63)
		at java.base/java.lang.Thread.run(Thread.java:831)
27-Jun-2024 22:58:57.542 INFO [main] org.apache.catalina.core.ApplicationContext.log SessionListener: contextDestroyed()
27-Jun-2024 22:58:57.542 INFO [main] org.apache.catalina.core.ApplicationContext.log ContextListener: contextDestroyed()
