14-Jun-2024 23:49:14.011 INFO [main] org.apache.catalina.core.ApplicationContext.log ContextListener: contextInitialized()
14-Jun-2024 23:49:14.011 INFO [main] org.apache.catalina.core.ApplicationContext.log SessionListener: contextInitialized()
14-Jun-2024 23:49:14.013 INFO [main] org.apache.catalina.core.ApplicationContext.log ContextListener: attributeAdded('StockTicker', 'async.Stockticker@42d236fb')
14-Jun-2024 23:49:20.005 SEVERE [http-nio-8080-exec-3] org.apache.catalina.core.StandardWrapperValve.invoke El Servlet.service() para el servlet [jsp] en el contexto con ruta [/Prueba_crud] lanzó la excepción [Ha sucedido una excepción al procesar la página JSP [Vistas/Cliente.jsp] en línea [43]

40:                     </thead>
41:                     <tbody>
42:                         <%
43:                         ArrayList<Cliente> listaClientes = clienteDAO.mostrarClientes();
44:                         for (Cliente elem : listaClientes) {
45:                                 
46:                             


Stacktrace:] con causa raíz
	java.lang.NullPointerException: Cannot invoke "java.sql.Connection.prepareStatement(String)" because the return value of "com.modelo.ClienteDAO.getCon()" is null
		at com.modelo.ClienteDAO.mostrarClientes(ClienteDAO.java:42)
		at org.apache.jsp.Vistas.Cliente_jsp._jspService(Cliente_jsp.java:215)
		at org.apache.jasper.runtime.HttpJspBase.service(HttpJspBase.java:70)
		at javax.servlet.http.HttpServlet.service(HttpServlet.java:623)
		at org.apache.jasper.servlet.JspServletWrapper.service(JspServletWrapper.java:466)
		at org.apache.jasper.servlet.JspServlet.serviceJspFile(JspServlet.java:379)
		at org.apache.jasper.servlet.JspServlet.service(JspServlet.java:327)
		at javax.servlet.http.HttpServlet.service(HttpServlet.java:623)
		at org.apache.catalina.core.ApplicationFilterChain.internalDoFilter(ApplicationFilterChain.java:199)
		at org.apache.catalina.core.ApplicationFilterChain.doFilter(ApplicationFilterChain.java:144)
		at org.apache.tomcat.websocket.server.WsFilter.doFilter(WsFilter.java:51)
		at org.apache.catalina.core.ApplicationFilterChain.internalDoFilter(ApplicationFilterChain.java:168)
		at org.apache.catalina.core.ApplicationFilterChain.doFilter(ApplicationFilterChain.java:144)
		at org.apache.catalina.core.StandardWrapperValve.invoke(StandardWrapperValve.java:168)
		at org.apache.catalina.core.StandardContextValve.invoke(StandardContextValve.java:90)
		at org.apache.catalina.authenticator.AuthenticatorBase.invoke(AuthenticatorBase.java:481)
		at org.apache.catalina.core.StandardHostValve.invoke(StandardHostValve.java:130)
		at org.apache.catalina.valves.ErrorReportValve.invoke(ErrorReportValve.java:93)
		at org.apache.catalina.valves.AbstractAccessLogValve.invoke(AbstractAccessLogValve.java:660)
		at org.apache.catalina.core.StandardEngineValve.invoke(StandardEngineValve.java:74)
		at org.apache.catalina.connector.CoyoteAdapter.service(CoyoteAdapter.java:346)
		at org.apache.coyote.http11.Http11Processor.service(Http11Processor.java:388)
		at org.apache.coyote.AbstractProcessorLight.process(AbstractProcessorLight.java:63)
		at org.apache.coyote.AbstractProtocol$ConnectionHandler.process(AbstractProtocol.java:928)
		at org.apache.tomcat.util.net.NioEndpoint$SocketProcessor.doRun(NioEndpoint.java:1791)
		at org.apache.tomcat.util.net.SocketProcessorBase.run(SocketProcessorBase.java:52)
		at org.apache.tomcat.util.threads.ThreadPoolExecutor.runWorker(ThreadPoolExecutor.java:1190)
		at org.apache.tomcat.util.threads.ThreadPoolExecutor$Worker.run(ThreadPoolExecutor.java:659)
		at org.apache.tomcat.util.threads.TaskThread$WrappingRunnable.run(TaskThread.java:63)
		at java.base/java.lang.Thread.run(Thread.java:831)
14-Jun-2024 23:59:50.815 INFO [main] org.apache.catalina.core.ApplicationContext.log SessionListener: contextDestroyed()
14-Jun-2024 23:59:50.815 INFO [main] org.apache.catalina.core.ApplicationContext.log ContextListener: contextDestroyed()
